<?xml version="1.0" encoding="UTF-8"?>
<coverage generated="1639902558421" clover="3.2.0">
  <project timestamp="1639902558421" name="All files">
    <metrics statements="4322" coveredstatements="0" conditionals="30203" coveredconditionals="0" methods="11358" coveredmethods="0" elements="45883" coveredelements="0" complexity="0" loc="4322" ncloc="4322" packages="27" files="162" classes="162"/>
    <package name="widget-fix">
      <metrics statements="50" coveredstatements="0" conditionals="2" coveredconditionals="0" methods="36" coveredmethods="0"/>
      <file name="babel.config.js" path="/home/swerky/dev/simple-ecommerce/client/widget-fix/babel.config.js">
        <metrics statements="1" coveredstatements="0" conditionals="0" coveredconditionals="0" methods="0" coveredmethods="0"/>
        <line num="1" count="0" type="stmt"/>
      </file>
      <file name="jest.config.js" path="/home/swerky/dev/simple-ecommerce/client/widget-fix/jest.config.js">
        <metrics statements="1" coveredstatements="0" conditionals="0" coveredconditionals="0" methods="0" coveredmethods="0"/>
        <line num="1" count="0" type="stmt"/>
      </file>
      <file name="postcss.config.js" path="/home/swerky/dev/simple-ecommerce/client/widget-fix/postcss.config.js">
        <metrics statements="1" coveredstatements="0" conditionals="0" coveredconditionals="0" methods="0" coveredmethods="0"/>
        <line num="1" count="0" type="stmt"/>
      </file>
      <file name="tailwind.config.js" path="/home/swerky/dev/simple-ecommerce/client/widget-fix/tailwind.config.js">
        <metrics statements="37" coveredstatements="0" conditionals="0" coveredconditionals="0" methods="35" coveredmethods="0"/>
        <line num="1" count="0" type="stmt"/>
        <line num="3" count="0" type="stmt"/>
        <line num="76" count="0" type="stmt"/>
        <line num="77" count="0" type="stmt"/>
        <line num="78" count="0" type="stmt"/>
        <line num="79" count="0" type="stmt"/>
        <line num="80" count="0" type="stmt"/>
        <line num="81" count="0" type="stmt"/>
        <line num="82" count="0" type="stmt"/>
        <line num="83" count="0" type="stmt"/>
        <line num="84" count="0" type="stmt"/>
        <line num="85" count="0" type="stmt"/>
        <line num="97" count="0" type="stmt"/>
        <line num="138" count="0" type="stmt"/>
        <line num="142" count="0" type="stmt"/>
        <line num="171" count="0" type="stmt"/>
        <line num="195" count="0" type="stmt"/>
        <line num="196" count="0" type="stmt"/>
        <line num="197" count="0" type="stmt"/>
        <line num="298" count="0" type="stmt"/>
        <line num="299" count="0" type="stmt"/>
        <line num="414" count="0" type="stmt"/>
        <line num="437" count="0" type="stmt"/>
        <line num="513" count="0" type="stmt"/>
        <line num="518" count="0" type="stmt"/>
        <line num="523" count="0" type="stmt"/>
        <line num="604" count="0" type="stmt"/>
        <line num="605" count="0" type="stmt"/>
        <line num="606" count="0" type="stmt"/>
        <line num="607" count="0" type="stmt"/>
        <line num="611" count="0" type="stmt"/>
        <line num="619" count="0" type="stmt"/>
        <line num="686" count="0" type="stmt"/>
        <line num="698" count="0" type="stmt"/>
        <line num="699" count="0" type="stmt"/>
        <line num="749" count="0" type="stmt"/>
        <line num="767" count="0" type="stmt"/>
      </file>
      <file name="vue.config.js" path="/home/swerky/dev/simple-ecommerce/client/widget-fix/vue.config.js">
        <metrics statements="10" coveredstatements="0" conditionals="2" coveredconditionals="0" methods="1" coveredmethods="0"/>
        <line num="4" count="0" type="stmt"/>
        <line num="5" count="0" type="stmt"/>
        <line num="7" count="0" type="stmt"/>
        <line num="12" count="0" type="stmt"/>
        <line num="24" count="0" type="cond" truecount="0" falsecount="2"/>
        <line num="25" count="0" type="stmt"/>
        <line num="26" count="0" type="stmt"/>
        <line num="27" count="0" type="stmt"/>
        <line num="30" count="0" type="stmt"/>
        <line num="32" count="0" type="stmt"/>
      </file>
    </package>
    <package name="widget-fix.dist.js.webpack:.(webpack).buildin">
      <metrics statements="6" coveredstatements="0" conditionals="4" coveredconditionals="0" methods="2" coveredmethods="0"/>
      <file name="global.js" path="/home/swerky/dev/simple-ecommerce/client/widget-fix/dist/js/webpack:/(webpack)/buildin/global.js">
        <metrics statements="6" coveredstatements="0" conditionals="4" coveredconditionals="0" methods="2" coveredmethods="0"/>
        <line num="4" count="0" type="stmt"/>
        <line num="5" count="0" type="stmt"/>
        <line num="8" count="0" type="stmt"/>
        <line num="10" count="0" type="cond" truecount="0" falsecount="2"/>
        <line num="13" count="0" type="cond" truecount="0" falsecount="2"/>
        <line num="20" count="0" type="stmt"/>
      </file>
    </package>
    <package name="widget-fix.dist.js.webpack:.node_modules.@vue.devtools-api.lib.esm">
      <metrics statements="45" coveredstatements="0" conditionals="31" coveredconditionals="0" methods="19" coveredmethods="0"/>
      <file name="const.js" path="/home/swerky/dev/simple-ecommerce/client/widget-fix/dist/js/webpack:/node_modules/@vue/devtools-api/lib/esm/const.js">
        <metrics statements="2" coveredstatements="0" conditionals="0" coveredconditionals="0" methods="1" coveredmethods="0"/>
        <line num="1" count="0" type="stmt"/>
        <line num="2" count="0" type="stmt"/>
      </file>
      <file name="env.js" path="/home/swerky/dev/simple-ecommerce/client/widget-fix/dist/js/webpack:/node_modules/@vue/devtools-api/lib/esm/env.js">
        <metrics statements="4" coveredstatements="0" conditionals="6" coveredconditionals="0" methods="3" coveredmethods="0"/>
        <line num="1" count="0" type="stmt"/>
        <line num="2" count="0" type="stmt"/>
        <line num="6" count="0" type="cond" truecount="0" falsecount="2"/>
        <line num="12" count="0" type="stmt"/>
      </file>
      <file name="index.js" path="/home/swerky/dev/simple-ecommerce/client/widget-fix/dist/js/webpack:/node_modules/@vue/devtools-api/lib/esm/index.js">
        <metrics statements="9" coveredstatements="0" conditionals="13" coveredconditionals="0" methods="2" coveredmethods="0"/>
        <line num="1" count="0" type="stmt"/>
        <line num="7" count="0" type="stmt"/>
        <line num="8" count="0" type="stmt"/>
        <line num="9" count="0" type="cond" truecount="0" falsecount="2"/>
        <line num="10" count="0" type="cond" truecount="0" falsecount="5"/>
        <line num="11" count="0" type="stmt"/>
        <line num="14" count="0" type="cond" truecount="0" falsecount="2"/>
        <line num="15" count="0" type="cond" truecount="0" falsecount="2"/>
        <line num="16" count="0" type="stmt"/>
      </file>
      <file name="proxy.js" path="/home/swerky/dev/simple-ecommerce/client/widget-fix/dist/js/webpack:/node_modules/@vue/devtools-api/lib/esm/proxy.js">
        <metrics statements="30" coveredstatements="0" conditionals="12" coveredconditionals="0" methods="13" coveredmethods="0"/>
        <line num="1" count="0" type="stmt"/>
        <line num="4" count="0" type="stmt"/>
        <line num="9" count="0" type="stmt"/>
        <line num="10" count="0" type="cond" truecount="0" falsecount="2"/>
        <line num="11" count="0" type="stmt"/>
        <line num="12" count="0" type="stmt"/>
        <line num="13" count="0" type="stmt"/>
        <line num="16" count="0" type="stmt"/>
        <line num="17" count="0" type="stmt"/>
        <line num="18" count="0" type="stmt"/>
        <line num="19" count="0" type="stmt"/>
        <line num="20" count="0" type="stmt"/>
        <line num="21" count="0" type="stmt"/>
        <line num="26" count="0" type="stmt"/>
        <line num="28" count="0" type="stmt"/>
        <line num="31" count="0" type="stmt"/>
        <line num="32" count="0" type="stmt"/>
        <line num="37" count="0" type="stmt"/>
        <line num="41" count="0" type="cond" truecount="0" falsecount="2"/>
        <line num="47" count="0" type="stmt"/>
        <line num="52" count="0" type="stmt"/>
        <line num="62" count="0" type="stmt"/>
        <line num="70" count="0" type="stmt"/>
        <line num="80" count="0" type="stmt"/>
        <line num="81" count="0" type="stmt"/>
        <line num="93" count="0" type="stmt"/>
        <line num="94" count="0" type="stmt"/>
        <line num="95" count="0" type="stmt"/>
        <line num="97" count="0" type="stmt"/>
        <line num="98" count="0" type="stmt"/>
      </file>
    </package>
    <package name="widget-fix.dist.js.webpack:.node_modules.@vue.reactivity.dist">
      <metrics statements="296" coveredstatements="0" conditionals="347" coveredconditionals="0" methods="106" coveredmethods="0"/>
      <file name="reactivity.esm-bundler.js" path="/home/swerky/dev/simple-ecommerce/client/widget-fix/dist/js/webpack:/node_modules/@vue/reactivity/dist/reactivity.esm-bundler.js">
        <metrics statements="296" coveredstatements="0" conditionals="347" coveredconditionals="0" methods="106" coveredmethods="0"/>
        <line num="7" count="0" type="stmt"/>
        <line num="8" count="0" type="stmt"/>
        <line num="11" count="0" type="stmt"/>
        <line num="21" count="0" type="cond" truecount="0" falsecount="2"/>
        <line num="22" count="0" type="stmt"/>
        <line num="24" count="0" type="stmt"/>
        <line num="27" count="0" type="stmt"/>
        <line num="30" count="0" type="stmt"/>
        <line num="35" count="0" type="cond" truecount="0" falsecount="2"/>
        <line num="41" count="0" type="cond" truecount="0" falsecount="2"/>
        <line num="47" count="0" type="cond" truecount="0" falsecount="2"/>
        <line num="48" count="0" type="stmt"/>
        <line num="49" count="0" type="stmt"/>
        <line num="51" count="0" type="stmt"/>
        <line num="54" count="0" type="cond" truecount="0" falsecount="4"/>
        <line num="56" count="0" type="stmt"/>
        <line num="57" count="0" type="cond" truecount="0" falsecount="3"/>
        <line num="62" count="0" type="stmt"/>
        <line num="70" count="0" type="cond" truecount="0" falsecount="2"/>
        <line num="88" count="0" type="stmt"/>
        <line num="89" count="0" type="stmt"/>
        <line num="92" count="0" type="stmt"/>
        <line num="94" count="0" type="stmt"/>
        <line num="95" count="0" type="stmt"/>
        <line num="96" count="0" type="stmt"/>
        <line num="97" count="0" type="cond" truecount="0" falsecount="2"/>
        <line num="98" count="0" type="stmt"/>
        <line num="99" count="0" type="stmt"/>
        <line num="103" count="0" type="stmt"/>
        <line num="104" count="0" type="stmt"/>
        <line num="105" count="0" type="cond" truecount="0" falsecount="2"/>
        <line num="106" count="0" type="stmt"/>
        <line num="107" count="0" type="stmt"/>
        <line num="108" count="0" type="stmt"/>
        <line num="109" count="0" type="cond" truecount="0" falsecount="2"/>
        <line num="119" count="0" type="stmt"/>
        <line num="123" count="0" type="stmt"/>
        <line num="125" count="0" type="stmt"/>
        <line num="126" count="0" type="stmt"/>
        <line num="132" count="0" type="stmt"/>
        <line num="133" count="0" type="stmt"/>
        <line num="135" count="0" type="stmt"/>
        <line num="136" count="0" type="stmt"/>
        <line num="139" count="0" type="stmt"/>
        <line num="146" count="0" type="cond" truecount="0" falsecount="2"/>
        <line num="147" count="0" type="stmt"/>
        <line num="149" count="0" type="cond" truecount="0" falsecount="2"/>
        <line num="150" count="0" type="stmt"/>
        <line num="160" count="0" type="stmt"/>
        <line num="163" count="0" type="cond" truecount="0" falsecount="2"/>
        <line num="169" count="0" type="stmt"/>
        <line num="170" count="0" type="cond" truecount="0" falsecount="2"/>
        <line num="175" count="0" type="cond" truecount="0" falsecount="2"/>
        <line num="185" count="0" type="stmt"/>
        <line num="186" count="0" type="cond" truecount="0" falsecount="2"/>
        <line num="187" count="0" type="stmt"/>
        <line num="188" count="0" type="stmt"/>
        <line num="190" count="0" type="stmt"/>
        <line num="213" count="0" type="stmt"/>
        <line num="214" count="0" type="stmt"/>
        <line num="216" count="0" type="stmt"/>
        <line num="220" count="0" type="stmt"/>
        <line num="224" count="0" type="stmt"/>
        <line num="225" count="0" type="cond" truecount="0" falsecount="2"/>
        <line num="228" count="0" type="cond" truecount="0" falsecount="2"/>
        <line num="229" count="0" type="stmt"/>
        <line num="231" count="0" type="stmt"/>
        <line num="232" count="0" type="cond" truecount="0" falsecount="2"/>
        <line num="235" count="0" type="stmt"/>
        <line num="236" count="0" type="cond" truecount="0" falsecount="2"/>
        <line num="239" count="0" type="stmt"/>
        <line num="242" count="0" type="stmt"/>
        <line num="245" count="0" type="cond" truecount="0" falsecount="2"/>
        <line num="248" count="0" type="stmt"/>
        <line num="249" count="0" type="stmt"/>
        <line num="270" count="0" type="stmt"/>
        <line num="271" count="0" type="cond" truecount="0" falsecount="2"/>
        <line num="273" count="0" type="stmt"/>
        <line num="275" count="0" type="stmt"/>
        <line num="276" count="0" type="cond" truecount="0" falsecount="2"/>
        <line num="279" count="0" type="stmt"/>
        <line num="281" count="0" type="cond" truecount="0" falsecount="4"/>
        <line num="282" count="0" type="stmt"/>
        <line num="294" count="0" type="cond" truecount="0" falsecount="2"/>
        <line num="296" count="0" type="stmt"/>
        <line num="306" count="0" type="stmt"/>
        <line num="308" count="0" type="cond" truecount="0" falsecount="2"/>
        <line num="314" count="0" type="stmt"/>
        <line num="316" count="0" type="cond" truecount="0" falsecount="2"/>
        <line num="319" count="0" type="stmt"/>
        <line num="325" count="0" type="cond" truecount="0" falsecount="2"/>
        <line num="326" count="0" type="cond" truecount="0" falsecount="2"/>
        <line num="336" count="0" type="stmt"/>
        <line num="337" count="0" type="stmt"/>
        <line num="338" count="0" type="cond" truecount="0" falsecount="2"/>
        <line num="346" count="0" type="stmt"/>
        <line num="352" count="0" type="cond" truecount="0" falsecount="2"/>
        <line num="367" count="0" type="stmt"/>
        <line num="368" count="0" type="stmt"/>
        <line num="369" count="0" type="stmt"/>
        <line num="371" count="0" type="stmt"/>
        <line num="372" count="0" type="stmt"/>
        <line num="373" count="0" type="stmt"/>
        <line num="375" count="0" type="stmt"/>
        <line num="377" count="0" type="stmt"/>
        <line num="379" count="0" type="stmt"/>
        <line num="380" count="0" type="stmt"/>
        <line num="381" count="0" type="stmt"/>
        <line num="382" count="0" type="stmt"/>
        <line num="385" count="0" type="stmt"/>
        <line num="386" count="0" type="cond" truecount="0" falsecount="2"/>
        <line num="396" count="0" type="stmt"/>
        <line num="397" count="0" type="stmt"/>
        <line num="398" count="0" type="stmt"/>
        <line num="400" count="0" type="stmt"/>
        <line num="403" count="0" type="stmt"/>
        <line num="406" count="0" type="stmt"/>
        <line num="407" count="0" type="cond" truecount="0" falsecount="2"/>
        <line num="408" count="0" type="stmt"/>
        <line num="410" count="0" type="cond" truecount="0" falsecount="2"/>
        <line num="411" count="0" type="stmt"/>
        <line num="413" count="0" type="cond" truecount="0" falsecount="4"/>
        <line num="422" count="0" type="stmt"/>
        <line num="424" count="0" type="stmt"/>
        <line num="425" count="0" type="cond" truecount="0" falsecount="5"/>
        <line num="426" count="0" type="stmt"/>
        <line num="428" count="0" type="stmt"/>
        <line num="429" count="0" type="cond" truecount="0" falsecount="4"/>
        <line num="430" count="0" type="stmt"/>
        <line num="435" count="0" type="cond" truecount="0" falsecount="2"/>
        <line num="436" count="0" type="stmt"/>
        <line num="438" count="0" type="cond" truecount="0" falsecount="2"/>
        <line num="440" count="0" type="cond" truecount="0" falsecount="2"/>
        <line num="441" count="0" type="cond" truecount="0" falsecount="2"/>
        <line num="443" count="0" type="stmt"/>
        <line num="452" count="0" type="stmt"/>
        <line num="453" count="0" type="stmt"/>
        <line num="455" count="0" type="stmt"/>
        <line num="456" count="0" type="stmt"/>
        <line num="457" count="0" type="cond" truecount="0" falsecount="5"/>
        <line num="462" count="0" type="stmt"/>
        <line num="465" count="0" type="cond" truecount="0" falsecount="2"/>
        <line num="468" count="0" type="stmt"/>
        <line num="478" count="0" type="stmt"/>
        <line num="482" count="0" type="stmt"/>
        <line num="483" count="0" type="stmt"/>
        <line num="484" count="0" type="stmt"/>
        <line num="488" count="0" type="stmt"/>
        <line num="491" count="0" type="stmt"/>
        <line num="495" count="0" type="stmt"/>
        <line num="499" count="0" type="stmt"/>
        <line num="501" count="0" type="stmt"/>
        <line num="508" count="0" type="stmt"/>
        <line num="514" count="0" type="stmt"/>
        <line num="520" count="0" type="stmt"/>
        <line num="523" count="0" type="stmt"/>
        <line num="534" count="0" type="stmt"/>
        <line num="535" count="0" type="stmt"/>
        <line num="539" count="0" type="stmt"/>
        <line num="540" count="0" type="stmt"/>
        <line num="541" count="0" type="stmt"/>
        <line num="542" count="0" type="cond" truecount="0" falsecount="3"/>
        <line num="546" count="0" type="stmt"/>
        <line num="547" count="0" type="cond" truecount="0" falsecount="4"/>
        <line num="548" count="0" type="stmt"/>
        <line num="561" count="0" type="stmt"/>
        <line num="562" count="0" type="stmt"/>
        <line num="563" count="0" type="stmt"/>
        <line num="568" count="0" type="stmt"/>
        <line num="575" count="0" type="stmt"/>
        <line num="578" count="0" type="stmt"/>
        <line num="579" count="0" type="stmt"/>
        <line num="580" count="0" type="stmt"/>
        <line num="581" count="0" type="stmt"/>
        <line num="586" count="0" type="stmt"/>
        <line num="589" count="0" type="stmt"/>
        <line num="590" count="0" type="stmt"/>
        <line num="591" count="0" type="stmt"/>
        <line num="592" count="0" type="stmt"/>
        <line num="593" count="0" type="cond" truecount="0" falsecount="2"/>
        <line num="600" count="0" type="stmt"/>
        <line num="608" count="0" type="stmt"/>
        <line num="611" count="0" type="stmt"/>
        <line num="612" count="0" type="stmt"/>
        <line num="613" count="0" type="stmt"/>
        <line num="614" count="0" type="cond" truecount="0" falsecount="2"/>
        <line num="621" count="0" type="cond" truecount="0" falsecount="2"/>
        <line num="623" count="0" type="stmt"/>
        <line num="627" count="0" type="stmt"/>
        <line num="630" count="0" type="stmt"/>
        <line num="631" count="0" type="stmt"/>
        <line num="632" count="0" type="stmt"/>
        <line num="638" count="0" type="stmt"/>
        <line num="642" count="0" type="stmt"/>
        <line num="645" count="0" type="stmt"/>
        <line num="646" count="0" type="stmt"/>
        <line num="647" count="0" type="stmt"/>
        <line num="648" count="0" type="stmt"/>
        <line num="649" count="0" type="cond" truecount="0" falsecount="4"/>
        <line num="651" count="0" type="cond" truecount="0" falsecount="2"/>
        <line num="655" count="0" type="stmt"/>
        <line num="660" count="0" type="stmt"/>
        <line num="661" count="0" type="stmt"/>
        <line num="662" count="0" type="stmt"/>
        <line num="663" count="0" type="stmt"/>
        <line num="664" count="0" type="cond" truecount="0" falsecount="3"/>
        <line num="665" count="0" type="cond" truecount="0" falsecount="2"/>
        <line num="666" count="0" type="stmt"/>
        <line num="667" count="0" type="cond" truecount="0" falsecount="4"/>
        <line num="672" count="0" type="cond" truecount="0" falsecount="2"/>
        <line num="675" count="0" type="stmt"/>
        <line num="676" count="0" type="stmt"/>
        <line num="685" count="0" type="stmt"/>
        <line num="691" count="0" type="stmt"/>
        <line num="696" count="0" type="cond" truecount="0" falsecount="2"/>
        <line num="700" count="0" type="stmt"/>
        <line num="702" count="0" type="stmt"/>
        <line num="705" count="0" type="stmt"/>
        <line num="714" count="0" type="stmt"/>
        <line num="716" count="0" type="stmt"/>
        <line num="719" count="0" type="stmt"/>
        <line num="728" count="0" type="stmt"/>
        <line num="730" count="0" type="stmt"/>
        <line num="733" count="0" type="stmt"/>
        <line num="736" count="0" type="stmt"/>
        <line num="744" count="0" type="stmt"/>
        <line num="746" count="0" type="stmt"/>
        <line num="749" count="0" type="stmt"/>
        <line num="752" count="0" type="stmt"/>
        <line num="760" count="0" type="stmt"/>
        <line num="762" count="0" type="stmt"/>
        <line num="767" count="0" type="stmt"/>
        <line num="774" count="0" type="stmt"/>
        <line num="776" count="0" type="stmt"/>
        <line num="783" count="0" type="stmt"/>
        <line num="784" count="0" type="cond" truecount="0" falsecount="2"/>
        <line num="798" count="0" type="stmt"/>
        <line num="801" count="0" type="stmt"/>
        <line num="804" count="0" type="stmt"/>
        <line num="822" count="0" type="stmt"/>
        <line num="823" count="0" type="stmt"/>
        <line num="824" count="0" type="stmt"/>
        <line num="825" count="0" type="stmt"/>
        <line num="827" count="0" type="stmt"/>
        <line num="830" count="0" type="stmt"/>
        <line num="835" count="0" type="stmt"/>
        <line num="837" count="0" type="stmt"/>
        <line num="841" count="0" type="cond" truecount="0" falsecount="2"/>
        <line num="847" count="0" type="cond" truecount="0" falsecount="2"/>
        <line num="858" count="0" type="stmt"/>
        <line num="865" count="0" type="stmt"/>
        <line num="877" count="0" type="cond" truecount="0" falsecount="2"/>
        <line num="881" count="0" type="stmt"/>
        <line num="885" count="0" type="cond" truecount="0" falsecount="5"/>
        <line num="887" count="0" type="stmt"/>
        <line num="890" count="0" type="stmt"/>
        <line num="891" count="0" type="cond" truecount="0" falsecount="2"/>
        <line num="892" count="0" type="stmt"/>
        <line num="895" count="0" type="stmt"/>
        <line num="896" count="0" type="cond" truecount="0" falsecount="2"/>
        <line num="897" count="0" type="stmt"/>
        <line num="899" count="0" type="cond" truecount="0" falsecount="2"/>
        <line num="901" count="0" type="stmt"/>
        <line num="904" count="0" type="stmt"/>
        <line num="910" count="0" type="cond" truecount="0" falsecount="2"/>
        <line num="913" count="0" type="cond" truecount="0" falsecount="2"/>
        <line num="916" count="0" type="cond" truecount="0" falsecount="2"/>
        <line num="917" count="0" type="cond" truecount="0" falsecount="2"/>
        <line num="921" count="0" type="stmt"/>
        <line num="923" count="0" type="cond" truecount="0" falsecount="2"/>
        <line num="924" count="0" type="cond" truecount="0" falsecount="2"/>
        <line num="927" count="0" type="cond" truecount="0" falsecount="2"/>
        <line num="945" count="0" type="stmt"/>
        <line num="961" count="0" type="cond" truecount="0" falsecount="2"/>
        <line num="964" count="0" type="stmt"/>
        <line num="967" count="0" type="stmt"/>
        <line num="970" count="0" type="stmt"/>
        <line num="977" count="0" type="stmt"/>
        <line num="985" count="0" type="stmt"/>
        <line num="988" count="0" type="cond" truecount="0" falsecount="2"/>
        <line num="1000" count="0" type="cond" truecount="0" falsecount="2"/>
        <line num="1002" count="0" type="stmt"/>
        <line num="1003" count="0" type="stmt"/>
        <line num="1005" count="0" type="stmt"/>
        <line num="1006" count="0" type="cond" truecount="0" falsecount="2"/>
        <line num="1016" count="0" type="stmt"/>
        <line num="1072" count="0" type="stmt"/>
        <line num="1077" count="0" type="cond" truecount="0" falsecount="2"/>
        <line num="1086" count="0" type="stmt"/>
        <line num="1092" count="0" type="stmt"/>
        <line num="1095" count="0" type="stmt"/>
        <line num="1101" count="0" type="stmt"/>
        <line num="1102" count="0" type="stmt"/>
        <line num="1114" count="0" type="cond" truecount="0" falsecount="2"/>
        <line num="1119" count="0" type="stmt"/>
        <line num="1123" count="0" type="stmt"/>
      </file>
    </package>
    <package name="widget-fix.dist.js.webpack:.node_modules.@vue.runtime-core.dist">
      <metrics statements="1199" coveredstatements="0" conditionals="1698" coveredconditionals="0" methods="282" coveredmethods="0"/>
      <file name="runtime-core.esm-bundler.js" path="/home/swerky/dev/simple-ecommerce/client/widget-fix/dist/js/webpack:/node_modules/@vue/runtime-core/dist/runtime-core.esm-bundler.js">
        <metrics statements="1199" coveredstatements="0" conditionals="1698" coveredconditionals="0" methods="282" coveredmethods="0"/>
        <line num="8" count="0" type="stmt"/>
        <line num="21" count="0" type="stmt"/>
        <line num="230" count="0" type="cond" truecount="0" falsecount="2"/>
        <line num="252" count="0" type="stmt"/>
        <line num="253" count="0" type="stmt"/>
        <line num="255" count="0" type="cond" truecount="0" falsecount="2"/>
        <line num="256" count="0" type="cond" truecount="0" falsecount="4"/>
        <line num="257" count="0" type="cond" truecount="0" falsecount="2"/>
        <line num="258" count="0" type="cond" truecount="0" falsecount="2"/>
        <line num="259" count="0" type="stmt"/>
        <line num="260" count="0" type="cond" truecount="0" falsecount="2"/>
        <line num="280" count="0" type="cond" truecount="0" falsecount="2"/>
        <line num="282" count="0" type="cond" truecount="0" falsecount="3"/>
        <line num="291" count="0" type="stmt"/>
        <line num="292" count="0" type="cond" truecount="0" falsecount="2"/>
        <line num="293" count="0" type="cond" truecount="0" falsecount="2"/>
        <line num="294" count="0" type="stmt"/>
        <line num="296" count="0" type="cond" truecount="0" falsecount="2"/>
        <line num="297" count="0" type="stmt"/>
        <line num="299" count="0" type="stmt"/>
        <line num="304" count="0" type="stmt"/>
        <line num="305" count="0" type="stmt"/>
        <line num="306" count="0" type="cond" truecount="0" falsecount="2"/>
        <line num="307" count="0" type="stmt"/>
        <line num="309" count="0" type="stmt"/>
        <line num="310" count="0" type="stmt"/>
        <line num="312" count="0" type="stmt"/>
        <line num="313" count="0" type="cond" truecount="0" falsecount="2"/>
        <line num="314" count="0" type="stmt"/>
        <line num="315" count="0" type="stmt"/>
        <line num="316" count="0" type="cond" truecount="0" falsecount="2"/>
        <line num="318" count="0" type="cond" truecount="0" falsecount="3"/>
        <line num="331" count="0" type="cond" truecount="0" falsecount="2"/>
        <line num="336" count="0" type="cond" truecount="0" falsecount="2"/>
        <line num="348" count="0" type="cond" truecount="0" falsecount="4"/>
        <line num="361" count="0" type="stmt"/>
        <line num="362" count="0" type="stmt"/>
        <line num="374" count="0" type="stmt"/>
        <line num="377" count="0" type="stmt"/>
        <line num="384" count="0" type="stmt"/>
        <line num="392" count="0" type="stmt"/>
        <line num="405" count="0" type="cond" truecount="0" falsecount="2"/>
        <line num="406" count="0" type="stmt"/>
        <line num="408" count="0" type="cond" truecount="0" falsecount="2"/>
        <line num="409" count="0" type="stmt"/>
        <line num="411" count="0" type="stmt"/>
        <line num="417" count="0" type="cond" truecount="0" falsecount="2"/>
        <line num="420" count="0" type="stmt"/>
        <line num="421" count="0" type="stmt"/>
        <line num="429" count="0" type="stmt"/>
        <line num="439" count="0" type="stmt"/>
        <line num="452" count="0" type="stmt"/>
        <line num="455" count="0" type="stmt"/>
        <line num="459" count="0" type="stmt"/>
        <line num="460" count="0" type="cond" truecount="0" falsecount="2"/>
        <line num="463" count="0" type="cond" truecount="0" falsecount="2"/>
        <line num="464" count="0" type="stmt"/>
        <line num="469" count="0" type="stmt"/>
        <line num="471" count="0" type="stmt"/>
        <line num="492" count="0" type="stmt"/>
        <line num="499" count="0" type="stmt"/>
        <line num="506" count="0" type="cond" truecount="0" falsecount="4"/>
        <line num="507" count="0" type="stmt"/>
        <line num="508" count="0" type="stmt"/>
        <line num="509" count="0" type="cond" truecount="0" falsecount="3"/>
        <line num="578" count="0" type="stmt"/>
        <line num="630" count="0" type="stmt"/>
        <line num="632" count="0" type="stmt"/>
        <line num="637" count="0" type="stmt"/>
        <line num="639" count="0" type="stmt"/>
        <line num="640" count="0" type="stmt"/>
        <line num="641" count="0" type="stmt"/>
        <line num="642" count="0" type="cond" truecount="0" falsecount="3"/>
        <line num="646" count="0" type="stmt"/>
        <line num="654" count="0" type="stmt"/>
        <line num="655" count="0" type="stmt"/>
        <line num="656" count="0" type="stmt"/>
        <line num="664" count="0" type="cond" truecount="0" falsecount="4"/>
        <line num="665" count="0" type="stmt"/>
        <line num="667" count="0" type="cond" truecount="0" falsecount="4"/>
        <line num="668" count="0" type="cond" truecount="0" falsecount="2"/>
        <line num="671" count="0" type="stmt"/>
        <line num="673" count="0" type="cond" truecount="0" falsecount="2"/>
        <line num="674" count="0" type="stmt"/>
        <line num="680" count="0" type="cond" truecount="0" falsecount="2"/>
        <line num="681" count="0" type="stmt"/>
        <line num="682" count="0" type="stmt"/>
        <line num="683" count="0" type="stmt"/>
        <line num="684" count="0" type="cond" truecount="0" falsecount="4"/>
        <line num="686" count="0" type="stmt"/>
        <line num="694" count="0" type="cond" truecount="0" falsecount="7"/>
        <line num="710" count="0" type="stmt"/>
        <line num="713" count="0" type="stmt"/>
        <line num="714" count="0" type="cond" truecount="0" falsecount="2"/>
        <line num="715" count="0" type="stmt"/>
        <line num="717" count="0" type="stmt"/>
        <line num="718" count="0" type="stmt"/>
        <line num="719" count="0" type="cond" truecount="0" falsecount="4"/>
        <line num="721" count="0" type="stmt"/>
        <line num="724" count="0" type="stmt"/>
        <line num="728" count="0" type="cond" truecount="0" falsecount="2"/>
        <line num="734" count="0" type="stmt"/>
        <line num="1139" count="0" type="cond" truecount="0" falsecount="2"/>
        <line num="1164" count="0" type="cond" truecount="0" falsecount="2"/>
        <line num="1165" count="0" type="stmt"/>
        <line num="1170" count="0" type="stmt"/>
        <line num="1176" count="0" type="cond" truecount="0" falsecount="2"/>
        <line num="1177" count="0" type="cond" truecount="0" falsecount="2"/>
        <line num="1187" count="0" type="cond" truecount="0" falsecount="2"/>
        <line num="1188" count="0" type="cond" truecount="0" falsecount="2"/>
        <line num="1192" count="0" type="stmt"/>
        <line num="1195" count="0" type="cond" truecount="0" falsecount="4"/>
        <line num="1197" count="0" type="stmt"/>
        <line num="1199" count="0" type="cond" truecount="0" falsecount="2"/>
        <line num="1200" count="0" type="cond" truecount="0" falsecount="2"/>
        <line num="1208" count="0" type="stmt"/>
        <line num="1214" count="0" type="stmt"/>
        <line num="1221" count="0" type="stmt"/>
        <line num="1224" count="0" type="stmt"/>
        <line num="1226" count="0" type="stmt"/>
        <line num="1228" count="0" type="stmt"/>
        <line num="1229" count="0" type="stmt"/>
        <line num="1252" count="0" type="stmt"/>
        <line num="1253" count="0" type="stmt"/>
        <line num="1255" count="0" type="stmt"/>
        <line num="1256" count="0" type="cond" truecount="0" falsecount="2"/>
        <line num="1257" count="0" type="cond" truecount="0" falsecount="4"/>
        <line num="1258" count="0" type="stmt"/>
        <line num="1267" count="0" type="stmt"/>
        <line num="1268" count="0" type="stmt"/>
        <line num="1276" count="0" type="stmt"/>
        <line num="1277" count="0" type="cond" truecount="0" falsecount="2"/>
        <line num="1278" count="0" type="stmt"/>
        <line num="1282" count="0" type="stmt"/>
        <line num="1283" count="0" type="cond" truecount="0" falsecount="2"/>
        <line num="1284" count="0" type="stmt"/>
        <line num="1286" count="0" type="stmt"/>
        <line num="1287" count="0" type="stmt"/>
        <line num="1288" count="0" type="stmt"/>
        <line num="1289" count="0" type="cond" truecount="0" falsecount="2"/>
        <line num="1290" count="0" type="stmt"/>
        <line num="1291" count="0" type="stmt"/>
        <line num="1292" count="0" type="cond" truecount="0" falsecount="2"/>
        <line num="1293" count="0" type="stmt"/>
        <line num="1303" count="0" type="cond" truecount="0" falsecount="6"/>
        <line num="1306" count="0" type="stmt"/>
        <line num="1310" count="0" type="cond" truecount="0" falsecount="2"/>
        <line num="1314" count="0" type="stmt"/>
        <line num="1317" count="0" type="stmt"/>
        <line num="1319" count="0" type="cond" truecount="0" falsecount="3"/>
        <line num="1321" count="0" type="stmt"/>
        <line num="1322" count="0" type="stmt"/>
        <line num="1325" count="0" type="stmt"/>
        <line num="1333" count="0" type="stmt"/>
        <line num="1339" count="0" type="stmt"/>
        <line num="1341" count="0" type="stmt"/>
        <line num="1342" count="0" type="stmt"/>
        <line num="1347" count="0" type="stmt"/>
        <line num="1352" count="0" type="cond" truecount="0" falsecount="1"/>
        <line num="1353" count="0" type="stmt"/>
        <line num="1354" count="0" type="stmt"/>
        <line num="1355" count="0" type="stmt"/>
        <line num="1356" count="0" type="cond" truecount="0" falsecount="2"/>
        <line num="1359" count="0" type="stmt"/>
        <line num="1363" count="0" type="stmt"/>
        <line num="1364" count="0" type="cond" truecount="0" falsecount="2"/>
        <line num="1365" count="0" type="cond" truecount="0" falsecount="2"/>
        <line num="1366" count="0" type="cond" truecount="0" falsecount="2"/>
        <line num="1369" count="0" type="stmt"/>
        <line num="1373" count="0" type="cond" truecount="0" falsecount="2"/>
        <line num="1377" count="0" type="stmt"/>
        <line num="1378" count="0" type="cond" truecount="0" falsecount="4"/>
        <line num="1387" count="0" type="stmt"/>
        <line num="1388" count="0" type="stmt"/>
        <line num="1389" count="0" type="stmt"/>
        <line num="1390" count="0" type="cond" truecount="0" falsecount="2"/>
        <line num="1391" count="0" type="cond" truecount="0" falsecount="2"/>
        <line num="1392" count="0" type="cond" truecount="0" falsecount="2"/>
        <line num="1397" count="0" type="stmt"/>
        <line num="1400" count="0" type="stmt"/>
        <line num="1401" count="0" type="stmt"/>
        <line num="1402" count="0" type="cond" truecount="0" falsecount="2"/>
        <line num="1416" count="0" type="stmt"/>
        <line num="1427" count="0" type="stmt"/>
        <line num="1431" count="0" type="cond" truecount="0" falsecount="2"/>
        <line num="1432" count="0" type="stmt"/>
        <line num="1434" count="0" type="stmt"/>
        <line num="1435" count="0" type="stmt"/>
        <line num="1436" count="0" type="stmt"/>
        <line num="1437" count="0" type="cond" truecount="0" falsecount="2"/>
        <line num="1452" count="0" type="stmt"/>
        <line num="1464" count="0" type="stmt"/>
        <line num="1467" count="0" type="stmt"/>
        <line num="1474" count="0" type="cond" truecount="0" falsecount="2"/>
        <line num="1477" count="0" type="stmt"/>
        <line num="1481" count="0" type="stmt"/>
        <line num="1488" count="0" type="cond" truecount="0" falsecount="2"/>
        <line num="1500" count="0" type="stmt"/>
        <line num="1501" count="0" type="stmt"/>
        <line num="1502" count="0" type="stmt"/>
        <line num="1503" count="0" type="stmt"/>
        <line num="1505" count="0" type="stmt"/>
        <line num="1519" count="0" type="cond" truecount="0" falsecount="2"/>
        <line num="1520" count="0" type="stmt"/>
        <line num="1521" count="0" type="stmt"/>
        <line num="1524" count="0" type="stmt"/>
        <line num="1529" count="0" type="cond" truecount="0" falsecount="2"/>
        <line num="1532" count="0" type="stmt"/>
        <line num="1670" count="0" type="stmt"/>
        <line num="1678" count="0" type="stmt"/>
        <line num="1880" count="0" type="stmt"/>
        <line num="1881" count="0" type="cond" truecount="0" falsecount="2"/>
        <line num="1893" count="0" type="stmt"/>
        <line num="1896" count="0" type="stmt"/>
        <line num="1902" count="0" type="cond" truecount="0" falsecount="2"/>
        <line num="1905" count="0" type="stmt"/>
        <line num="1906" count="0" type="stmt"/>
        <line num="1907" count="0" type="cond" truecount="0" falsecount="2"/>
        <line num="1908" count="0" type="stmt"/>
        <line num="1910" count="0" type="stmt"/>
        <line num="1912" count="0" type="stmt"/>
        <line num="1920" count="0" type="cond" truecount="0" falsecount="2"/>
        <line num="1921" count="0" type="stmt"/>
        <line num="1922" count="0" type="cond" truecount="0" falsecount="2"/>
        <line num="1923" count="0" type="cond" truecount="0" falsecount="2"/>
        <line num="1933" count="0" type="stmt"/>
        <line num="1934" count="0" type="stmt"/>
        <line num="1935" count="0" type="stmt"/>
        <line num="1939" count="0" type="stmt"/>
        <line num="1940" count="0" type="cond" truecount="0" falsecount="2"/>
        <line num="1949" count="0" type="cond" truecount="0" falsecount="2"/>
        <line num="1953" count="0" type="cond" truecount="0" falsecount="2"/>
        <line num="1954" count="0" type="cond" truecount="0" falsecount="2"/>
        <line num="1958" count="0" type="cond" truecount="0" falsecount="2"/>
        <line num="1960" count="0" type="cond" truecount="0" falsecount="2"/>
        <line num="1961" count="0" type="stmt"/>
        <line num="1965" count="0" type="stmt"/>
        <line num="1970" count="0" type="stmt"/>
        <line num="1973" count="0" type="stmt"/>
        <line num="1981" count="0" type="stmt"/>
        <line num="1993" count="0" type="cond" truecount="0" falsecount="4"/>
        <line num="1997" count="0" type="stmt"/>
        <line num="1998" count="0" type="stmt"/>
        <line num="1999" count="0" type="stmt"/>
        <line num="2000" count="0" type="stmt"/>
        <line num="2001" count="0" type="stmt"/>
        <line num="2002" count="0" type="stmt"/>
        <line num="2003" count="0" type="stmt"/>
        <line num="2004" count="0" type="stmt"/>
        <line num="2005" count="0" type="stmt"/>
        <line num="2007" count="0" type="stmt"/>
        <line num="2021" count="0" type="stmt"/>
        <line num="2023" count="0" type="stmt"/>
        <line num="2024" count="0" type="stmt"/>
        <line num="2025" count="0" type="stmt"/>
        <line num="2027" count="0" type="stmt"/>
        <line num="2041" count="0" type="stmt"/>
        <line num="2042" count="0" type="stmt"/>
        <line num="2061" count="0" type="cond" truecount="0" falsecount="2"/>
        <line num="2062" count="0" type="stmt"/>
        <line num="2063" count="0" type="stmt"/>
        <line num="2064" count="0" type="cond" truecount="0" falsecount="2"/>
        <line num="2089" count="0" type="cond" truecount="0" falsecount="2"/>
        <line num="2090" count="0" type="stmt"/>
        <line num="2094" count="0" type="stmt"/>
        <line num="2095" count="0" type="stmt"/>
        <line num="2123" count="0" type="cond" truecount="0" falsecount="2"/>
        <line num="2124" count="0" type="stmt"/>
        <line num="2125" count="0" type="stmt"/>
        <line num="2126" count="0" type="stmt"/>
        <line num="2131" count="0" type="stmt"/>
        <line num="2134" count="0" type="cond" truecount="0" falsecount="2"/>
        <line num="2141" count="0" type="stmt"/>
        <line num="2145" count="0" type="stmt"/>
        <line num="2148" count="0" type="stmt"/>
        <line num="2149" count="0" type="stmt"/>
        <line num="2156" count="0" type="cond" truecount="0" falsecount="2"/>
        <line num="2157" count="0" type="stmt"/>
        <line num="2158" count="0" type="stmt"/>
        <line num="2161" count="0" type="cond" truecount="0" falsecount="2"/>
        <line num="2162" count="0" type="stmt"/>
        <line num="2165" count="0" type="stmt"/>
        <line num="2166" count="0" type="stmt"/>
        <line num="2173" count="0" type="stmt"/>
        <line num="2174" count="0" type="cond" truecount="0" falsecount="2"/>
        <line num="2192" count="0" type="cond" truecount="0" falsecount="2"/>
        <line num="2193" count="0" type="cond" truecount="0" falsecount="2"/>
        <line num="2194" count="0" type="cond" truecount="0" falsecount="2"/>
        <line num="2195" count="0" type="stmt"/>
        <line num="2196" count="0" type="stmt"/>
        <line num="2197" count="0" type="stmt"/>
        <line num="2198" count="0" type="stmt"/>
        <line num="2202" count="0" type="cond" truecount="0" falsecount="2"/>
        <line num="2208" count="0" type="cond" truecount="0" falsecount="3"/>
        <line num="2221" count="0" type="cond" truecount="0" falsecount="2"/>
        <line num="2224" count="0" type="stmt"/>
        <line num="2225" count="0" type="stmt"/>
        <line num="2229" count="0" type="cond" truecount="0" falsecount="4"/>
        <line num="2244" count="0" type="stmt"/>
        <line num="2245" count="0" type="stmt"/>
        <line num="2268" count="0" type="stmt"/>
        <line num="2269" count="0" type="cond" truecount="0" falsecount="2"/>
        <line num="2273" count="0" type="stmt"/>
        <line num="2275" count="0" type="stmt"/>
        <line num="2276" count="0" type="cond" truecount="0" falsecount="2"/>
        <line num="2277" count="0" type="stmt"/>
        <line num="2278" count="0" type="cond" truecount="0" falsecount="2"/>
        <line num="2285" count="0" type="cond" truecount="0" falsecount="2"/>
        <line num="2286" count="0" type="stmt"/>
        <line num="2288" count="0" type="cond" truecount="0" falsecount="2"/>
        <line num="2289" count="0" type="cond" truecount="0" falsecount="2"/>
        <line num="2290" count="0" type="stmt"/>
        <line num="2293" count="0" type="stmt"/>
        <line num="2296" count="0" type="cond" truecount="0" falsecount="2"/>
        <line num="2304" count="0" type="stmt"/>
        <line num="2314" count="0" type="stmt"/>
        <line num="2315" count="0" type="stmt"/>
        <line num="2316" count="0" type="stmt"/>
        <line num="2317" count="0" type="stmt"/>
        <line num="2330" count="0" type="stmt"/>
        <line num="2335" count="0" type="stmt"/>
        <line num="2338" count="0" type="stmt"/>
        <line num="2339" count="0" type="cond" truecount="0" falsecount="2"/>
        <line num="2343" count="0" type="stmt"/>
        <line num="2345" count="0" type="stmt"/>
        <line num="2346" count="0" type="cond" truecount="0" falsecount="4"/>
        <line num="2352" count="0" type="cond" truecount="0" falsecount="3"/>
        <line num="2353" count="0" type="cond" truecount="0" falsecount="2"/>
        <line num="2356" count="0" type="stmt"/>
        <line num="2358" count="0" type="stmt"/>
        <line num="2390" count="0" type="stmt"/>
        <line num="2397" count="0" type="cond" truecount="0" falsecount="4"/>
        <line num="2401" count="0" type="stmt"/>
        <line num="2404" count="0" type="cond" truecount="0" falsecount="2"/>
        <line num="2405" count="0" type="stmt"/>
        <line num="2406" count="0" type="stmt"/>
        <line num="2407" count="0" type="stmt"/>
        <line num="2409" count="0" type="stmt"/>
        <line num="2411" count="0" type="stmt"/>
        <line num="2414" count="0" type="cond" truecount="0" falsecount="2"/>
        <line num="2417" count="0" type="cond" truecount="0" falsecount="2"/>
        <line num="2420" count="0" type="cond" truecount="0" falsecount="2"/>
        <line num="2421" count="0" type="stmt"/>
        <line num="2422" count="0" type="cond" truecount="0" falsecount="2"/>
        <line num="2423" count="0" type="stmt"/>
        <line num="2424" count="0" type="stmt"/>
        <line num="2425" count="0" type="stmt"/>
        <line num="2426" count="0" type="stmt"/>
        <line num="2428" count="0" type="stmt"/>
        <line num="2433" count="0" type="stmt"/>
        <line num="2434" count="0" type="stmt"/>
        <line num="2435" count="0" type="stmt"/>
        <line num="2439" count="0" type="stmt"/>
        <line num="2440" count="0" type="cond" truecount="0" falsecount="2"/>
        <line num="2448" count="0" type="stmt"/>
        <line num="2465" count="0" type="stmt"/>
        <line num="2466" count="0" type="stmt"/>
        <line num="2467" count="0" type="stmt"/>
        <line num="2468" count="0" type="stmt"/>
        <line num="2469" count="0" type="cond" truecount="0" falsecount="4"/>
        <line num="2478" count="0" type="cond" truecount="0" falsecount="2"/>
        <line num="2481" count="0" type="stmt"/>
        <line num="2482" count="0" type="stmt"/>
        <line num="2483" count="0" type="stmt"/>
        <line num="2485" count="0" type="stmt"/>
        <line num="2486" count="0" type="cond" truecount="0" falsecount="2"/>
        <line num="2489" count="0" type="cond" truecount="0" falsecount="2"/>
        <line num="2490" count="0" type="cond" truecount="0" falsecount="2"/>
        <line num="2496" count="0" type="stmt"/>
        <line num="2497" count="0" type="stmt"/>
        <line num="2501" count="0" type="cond" truecount="0" falsecount="2"/>
        <line num="2511" count="0" type="cond" truecount="0" falsecount="2"/>
        <line num="2517" count="0" type="stmt"/>
        <line num="2518" count="0" type="cond" truecount="0" falsecount="5"/>
        <line num="2540" count="0" type="cond" truecount="0" falsecount="2"/>
        <line num="2541" count="0" type="stmt"/>
        <line num="2542" count="0" type="cond" truecount="0" falsecount="3"/>
        <line num="2550" count="0" type="cond" truecount="0" falsecount="2"/>
        <line num="2558" count="0" type="stmt"/>
        <line num="2559" count="0" type="stmt"/>
        <line num="2561" count="0" type="cond" truecount="0" falsecount="2"/>
        <line num="2562" count="0" type="stmt"/>
        <line num="2564" count="0" type="cond" truecount="0" falsecount="2"/>
        <line num="2565" count="0" type="stmt"/>
        <line num="2567" count="0" type="stmt"/>
        <line num="2571" count="0" type="cond" truecount="0" falsecount="2"/>
        <line num="2587" count="0" type="cond" truecount="0" falsecount="2"/>
        <line num="2588" count="0" type="stmt"/>
        <line num="2589" count="0" type="cond" truecount="0" falsecount="2"/>
        <line num="2590" count="0" type="stmt"/>
        <line num="2591" count="0" type="stmt"/>
        <line num="2592" count="0" type="stmt"/>
        <line num="2595" count="0" type="stmt"/>
        <line num="2598" count="0" type="stmt"/>
        <line num="2599" count="0" type="cond" truecount="0" falsecount="2"/>
        <line num="2600" count="0" type="stmt"/>
        <line num="2602" count="0" type="cond" truecount="0" falsecount="4"/>
        <line num="2603" count="0" type="stmt"/>
        <line num="2604" count="0" type="cond" truecount="0" falsecount="4"/>
        <line num="2605" count="0" type="stmt"/>
        <line num="2606" count="0" type="stmt"/>
        <line num="2616" count="0" type="stmt"/>
        <line num="2620" count="0" type="cond" truecount="0" falsecount="2"/>
        <line num="2630" count="0" type="stmt"/>
        <line num="2633" count="0" type="stmt"/>
        <line num="2634" count="0" type="stmt"/>
        <line num="2635" count="0" type="cond" truecount="0" falsecount="2"/>
        <line num="2636" count="0" type="stmt"/>
        <line num="2638" count="0" type="stmt"/>
        <line num="2639" count="0" type="stmt"/>
        <line num="2640" count="0" type="stmt"/>
        <line num="2642" count="0" type="stmt"/>
        <line num="2643" count="0" type="cond" truecount="0" falsecount="2"/>
        <line num="2644" count="0" type="stmt"/>
        <line num="2645" count="0" type="stmt"/>
        <line num="2646" count="0" type="stmt"/>
        <line num="2647" count="0" type="stmt"/>
        <line num="2649" count="0" type="cond" truecount="0" falsecount="3"/>
        <line num="2661" count="0" type="cond" truecount="0" falsecount="4"/>
        <line num="2663" count="0" type="stmt"/>
        <line num="2665" count="0" type="cond" truecount="0" falsecount="2"/>
        <line num="2666" count="0" type="stmt"/>
        <line num="2667" count="0" type="stmt"/>
        <line num="2670" count="0" type="stmt"/>
        <line num="2671" count="0" type="cond" truecount="0" falsecount="2"/>
        <line num="2676" count="0" type="cond" truecount="0" falsecount="2"/>
        <line num="2677" count="0" type="stmt"/>
        <line num="2680" count="0" type="stmt"/>
        <line num="2681" count="0" type="stmt"/>
        <line num="2682" count="0" type="cond" truecount="0" falsecount="2"/>
        <line num="2683" count="0" type="stmt"/>
        <line num="2684" count="0" type="stmt"/>
        <line num="2686" count="0" type="cond" truecount="0" falsecount="2"/>
        <line num="2687" count="0" type="stmt"/>
        <line num="2688" count="0" type="stmt"/>
        <line num="2689" count="0" type="stmt"/>
        <line num="2700" count="0" type="stmt"/>
        <line num="2702" count="0" type="stmt"/>
        <line num="2705" count="0" type="stmt"/>
        <line num="2716" count="0" type="cond" truecount="0" falsecount="2"/>
        <line num="2717" count="0" type="cond" truecount="0" falsecount="4"/>
        <line num="2720" count="0" type="stmt"/>
        <line num="2723" count="0" type="stmt"/>
        <line num="2724" count="0" type="cond" truecount="0" falsecount="2"/>
        <line num="2862" count="0" type="cond" truecount="0" falsecount="2"/>
        <line num="2863" count="0" type="stmt"/>
        <line num="2866" count="0" type="stmt"/>
        <line num="2867" count="0" type="stmt"/>
        <line num="2873" count="0" type="stmt"/>
        <line num="2876" count="0" type="stmt"/>
        <line num="2878" count="0" type="stmt"/>
        <line num="2879" count="0" type="stmt"/>
        <line num="2880" count="0" type="stmt"/>
        <line num="2881" count="0" type="cond" truecount="0" falsecount="2"/>
        <line num="2882" count="0" type="stmt"/>
        <line num="2883" count="0" type="stmt"/>
        <line num="2884" count="0" type="cond" truecount="0" falsecount="2"/>
        <line num="2885" count="0" type="stmt"/>
        <line num="2887" count="0" type="cond" truecount="0" falsecount="2"/>
        <line num="2888" count="0" type="stmt"/>
        <line num="2893" count="0" type="stmt"/>
        <line num="2894" count="0" type="stmt"/>
        <line num="2898" count="0" type="stmt"/>
        <line num="2905" count="0" type="stmt"/>
        <line num="2906" count="0" type="stmt"/>
        <line num="2908" count="0" type="stmt"/>
        <line num="2909" count="0" type="cond" truecount="0" falsecount="2"/>
        <line num="2910" count="0" type="stmt"/>
        <line num="2911" count="0" type="stmt"/>
        <line num="2923" count="0" type="stmt"/>
        <line num="2928" count="0" type="stmt"/>
        <line num="2930" count="0" type="stmt"/>
        <line num="2931" count="0" type="stmt"/>
        <line num="2932" count="0" type="stmt"/>
        <line num="2933" count="0" type="stmt"/>
        <line num="2934" count="0" type="cond" truecount="0" falsecount="2"/>
        <line num="2935" count="0" type="stmt"/>
        <line num="2936" count="0" type="stmt"/>
        <line num="2967" count="0" type="cond" truecount="0" falsecount="2"/>
        <line num="2973" count="0" type="cond" truecount="0" falsecount="2"/>
        <line num="2974" count="0" type="stmt"/>
        <line num="2975" count="0" type="cond" truecount="0" falsecount="3"/>
        <line num="3034" count="0" type="stmt"/>
        <line num="3035" count="0" type="cond" truecount="0" falsecount="2"/>
        <line num="3036" count="0" type="stmt"/>
        <line num="3037" count="0" type="stmt"/>
        <line num="3038" count="0" type="cond" truecount="0" falsecount="2"/>
        <line num="3041" count="0" type="stmt"/>
        <line num="3042" count="0" type="cond" truecount="0" falsecount="2"/>
        <line num="3058" count="0" type="stmt"/>
        <line num="3078" count="0" type="stmt"/>
        <line num="3080" count="0" type="cond" truecount="0" falsecount="1"/>
        <line num="3081" count="0" type="cond" truecount="0" falsecount="3"/>
        <line num="3085" count="0" type="stmt"/>
        <line num="3086" count="0" type="stmt"/>
        <line num="3087" count="0" type="stmt"/>
        <line num="3088" count="0" type="stmt"/>
        <line num="3097" count="0" type="stmt"/>
        <line num="3100" count="0" type="stmt"/>
        <line num="3120" count="0" type="stmt"/>
        <line num="3135" count="0" type="stmt"/>
        <line num="3141" count="0" type="stmt"/>
        <line num="3154" count="0" type="stmt"/>
        <line num="3164" count="0" type="cond" truecount="0" falsecount="2"/>
        <line num="3165" count="0" type="stmt"/>
        <line num="3188" count="0" type="cond" truecount="0" falsecount="2"/>
        <line num="3198" count="0" type="cond" truecount="0" falsecount="2"/>
        <line num="3218" count="0" type="stmt"/>
        <line num="3221" count="0" type="stmt"/>
        <line num="3229" count="0" type="cond" truecount="0" falsecount="2"/>
        <line num="3230" count="0" type="cond" truecount="0" falsecount="4"/>
        <line num="3231" count="0" type="stmt"/>
        <line num="3233" count="0" type="cond" truecount="0" falsecount="4"/>
        <line num="3236" count="0" type="stmt"/>
        <line num="3238" count="0" type="stmt"/>
        <line num="3241" count="0" type="cond" truecount="0" falsecount="2"/>
        <line num="3242" count="0" type="stmt"/>
        <line num="3248" count="0" type="cond" truecount="0" falsecount="2"/>
        <line num="3249" count="0" type="cond" truecount="0" falsecount="2"/>
        <line num="3250" count="0" type="stmt"/>
        <line num="3263" count="0" type="cond" truecount="0" falsecount="2"/>
        <line num="3264" count="0" type="stmt"/>
        <line num="3267" count="0" type="stmt"/>
        <line num="3268" count="0" type="stmt"/>
        <line num="3269" count="0" type="cond" truecount="0" falsecount="4"/>
        <line num="3270" count="0" type="stmt"/>
        <line num="3271" count="0" type="cond" truecount="0" falsecount="2"/>
        <line num="3272" count="0" type="cond" truecount="0" falsecount="2"/>
        <line num="3273" count="0" type="stmt"/>
        <line num="3292" count="0" type="stmt"/>
        <line num="3307" count="0" type="stmt"/>
        <line num="3315" count="0" type="stmt"/>
        <line num="3713" count="0" type="stmt"/>
        <line num="3731" count="0" type="stmt"/>
        <line num="3743" count="0" type="stmt"/>
        <line num="3745" count="0" type="stmt"/>
        <line num="3746" count="0" type="stmt"/>
        <line num="3750" count="0" type="cond" truecount="0" falsecount="1"/>
        <line num="3753" count="0" type="cond" truecount="0" falsecount="6"/>
        <line num="3754" count="0" type="cond" truecount="0" falsecount="2"/>
        <line num="3755" count="0" type="stmt"/>
        <line num="3758" count="0" type="cond" truecount="0" falsecount="3"/>
        <line num="3767" count="0" type="stmt"/>
        <line num="3768" count="0" type="stmt"/>
        <line num="3770" count="0" type="stmt"/>
        <line num="3771" count="0" type="stmt"/>
        <line num="3773" count="0" type="stmt"/>
        <line num="3774" count="0" type="stmt"/>
        <line num="3776" count="0" type="cond" truecount="0" falsecount="2"/>
        <line num="3782" count="0" type="stmt"/>
        <line num="3784" count="0" type="stmt"/>
        <line num="3785" count="0" type="stmt"/>
        <line num="3787" count="0" type="stmt"/>
        <line num="3804" count="0" type="cond" truecount="0" falsecount="3"/>
        <line num="3808" count="0" type="stmt"/>
        <line num="3809" count="0" type="cond" truecount="0" falsecount="2"/>
        <line num="3810" count="0" type="stmt"/>
        <line num="3813" count="0" type="stmt"/>
        <line num="3814" count="0" type="cond" truecount="0" falsecount="2"/>
        <line num="3819" count="0" type="stmt"/>
        <line num="3820" count="0" type="stmt"/>
        <line num="3828" count="0" type="stmt"/>
        <line num="3847" count="0" type="stmt"/>
        <line num="3849" count="0" type="cond" truecount="0" falsecount="2"/>
        <line num="3850" count="0" type="stmt"/>
        <line num="3854" count="0" type="stmt"/>
        <line num="3856" count="0" type="stmt"/>
        <line num="3858" count="0" type="cond" truecount="0" falsecount="2"/>
        <line num="3859" count="0" type="stmt"/>
        <line num="3863" count="0" type="stmt"/>
        <line num="3865" count="0" type="stmt"/>
        <line num="3866" count="0" type="cond" truecount="0" falsecount="2"/>
        <line num="3874" count="0" type="stmt"/>
        <line num="3877" count="0" type="stmt"/>
        <line num="3878" count="0" type="cond" truecount="0" falsecount="2"/>
        <line num="3886" count="0" type="stmt"/>
        <line num="3902" count="0" type="cond" truecount="0" falsecount="2"/>
        <line num="3903" count="0" type="stmt"/>
        <line num="3904" count="0" type="cond" truecount="0" falsecount="3"/>
        <line num="3917" count="0" type="cond" truecount="0" falsecount="2"/>
        <line num="3925" count="0" type="stmt"/>
        <line num="3937" count="0" type="cond" truecount="0" falsecount="2"/>
        <line num="3942" count="0" type="cond" truecount="0" falsecount="5"/>
        <line num="3945" count="0" type="cond" truecount="0" falsecount="2"/>
        <line num="3953" count="0" type="cond" truecount="0" falsecount="2"/>
        <line num="3959" count="0" type="stmt"/>
        <line num="3963" count="0" type="cond" truecount="0" falsecount="2"/>
        <line num="3964" count="0" type="stmt"/>
        <line num="3965" count="0" type="stmt"/>
        <line num="3968" count="0" type="cond" truecount="0" falsecount="2"/>
        <line num="3969" count="0" type="stmt"/>
        <line num="3976" count="0" type="cond" truecount="0" falsecount="2"/>
        <line num="3977" count="0" type="stmt"/>
        <line num="3978" count="0" type="stmt"/>
        <line num="3982" count="0" type="cond" truecount="0" falsecount="1"/>
        <line num="3983" count="0" type="stmt"/>
        <line num="3984" count="0" type="stmt"/>
        <line num="3987" count="0" type="stmt"/>
        <line num="3990" count="0" type="stmt"/>
        <line num="3991" count="0" type="stmt"/>
        <line num="3992" count="0" type="stmt"/>
        <line num="3995" count="0" type="stmt"/>
        <line num="3996" count="0" type="cond" truecount="0" falsecount="2"/>
        <line num="3997" count="0" type="cond" truecount="0" falsecount="2"/>
        <line num="4000" count="0" type="cond" truecount="0" falsecount="2"/>
        <line num="4014" count="0" type="cond" truecount="0" falsecount="2"/>
        <line num="4025" count="0" type="cond" truecount="0" falsecount="2"/>
        <line num="4030" count="0" type="cond" truecount="0" falsecount="2"/>
        <line num="4032" count="0" type="stmt"/>
        <line num="4053" count="0" type="cond" truecount="0" falsecount="2"/>
        <line num="4055" count="0" type="stmt"/>
        <line num="4056" count="0" type="stmt"/>
        <line num="4057" count="0" type="stmt"/>
        <line num="4058" count="0" type="stmt"/>
        <line num="4059" count="0" type="stmt"/>
        <line num="4061" count="0" type="cond" truecount="0" falsecount="3"/>
        <line num="4069" count="0" type="cond" truecount="0" falsecount="3"/>
        <line num="4075" count="0" type="cond" truecount="0" falsecount="3"/>
        <line num="4077" count="0" type="stmt"/>
        <line num="4081" count="0" type="cond" truecount="0" falsecount="2"/>
        <line num="4087" count="0" type="stmt"/>
        <line num="4088" count="0" type="stmt"/>
        <line num="4089" count="0" type="stmt"/>
        <line num="4090" count="0" type="stmt"/>
        <line num="4095" count="0" type="cond" truecount="0" falsecount="4"/>
        <line num="4108" count="0" type="stmt"/>
        <line num="4111" count="0" type="stmt"/>
        <line num="4112" count="0" type="cond" truecount="0" falsecount="2"/>
        <line num="4113" count="0" type="stmt"/>
        <line num="4115" count="0" type="cond" truecount="0" falsecount="2"/>
        <line num="4116" count="0" type="stmt"/>
        <line num="4117" count="0" type="stmt"/>
        <line num="4118" count="0" type="stmt"/>
        <line num="4120" count="0" type="cond" truecount="0" falsecount="3"/>
        <line num="4124" count="0" type="cond" truecount="0" falsecount="2"/>
        <line num="4125" count="0" type="stmt"/>
        <line num="4126" count="0" type="cond" truecount="0" falsecount="3"/>
        <line num="4131" count="0" type="cond" truecount="0" falsecount="2"/>
        <line num="4136" count="0" type="stmt"/>
        <line num="4137" count="0" type="cond" truecount="0" falsecount="2"/>
        <line num="4138" count="0" type="cond" truecount="0" falsecount="2"/>
        <line num="4139" count="0" type="stmt"/>
        <line num="4147" count="0" type="cond" truecount="0" falsecount="2"/>
        <line num="4192" count="0" type="stmt"/>
        <line num="4193" count="0" type="stmt"/>
        <line num="4206" count="0" type="stmt"/>
        <line num="4207" count="0" type="stmt"/>
        <line num="4231" count="0" type="cond" truecount="0" falsecount="2"/>
        <line num="4235" count="0" type="cond" truecount="0" falsecount="2"/>
        <line num="4236" count="0" type="stmt"/>
        <line num="4237" count="0" type="stmt"/>
        <line num="4241" count="0" type="stmt"/>
        <line num="4247" count="0" type="stmt"/>
        <line num="4248" count="0" type="stmt"/>
        <line num="4249" count="0" type="cond" truecount="0" falsecount="2"/>
        <line num="4250" count="0" type="cond" truecount="0" falsecount="4"/>
        <line num="4261" count="0" type="stmt"/>
        <line num="4265" count="0" type="stmt"/>
        <line num="4275" count="0" type="stmt"/>
        <line num="4280" count="0" type="stmt"/>
        <line num="4281" count="0" type="stmt"/>
        <line num="4282" count="0" type="cond" truecount="0" falsecount="2"/>
        <line num="4284" count="0" type="stmt"/>
        <line num="4285" count="0" type="stmt"/>
        <line num="4286" count="0" type="stmt"/>
        <line num="4298" count="0" type="cond" truecount="0" falsecount="4"/>
        <line num="4300" count="0" type="stmt"/>
        <line num="4304" count="0" type="stmt"/>
        <line num="4316" count="0" type="stmt"/>
        <line num="4322" count="0" type="cond" truecount="0" falsecount="2"/>
        <line num="4329" count="0" type="stmt"/>
        <line num="4332" count="0" type="stmt"/>
        <line num="4333" count="0" type="stmt"/>
        <line num="4350" count="0" type="cond" truecount="0" falsecount="2"/>
        <line num="4352" count="0" type="stmt"/>
        <line num="4353" count="0" type="stmt"/>
        <line num="4358" count="0" type="cond" truecount="0" falsecount="3"/>
        <line num="4372" count="0" type="stmt"/>
        <line num="4373" count="0" type="stmt"/>
        <line num="4375" count="0" type="stmt"/>
        <line num="4400" count="0" type="stmt"/>
        <line num="4401" count="0" type="stmt"/>
        <line num="4404" count="0" type="stmt"/>
        <line num="4405" count="0" type="stmt"/>
        <line num="4430" count="0" type="stmt"/>
        <line num="4441" count="0" type="stmt"/>
        <line num="4443" count="0" type="stmt"/>
        <line num="4444" count="0" type="stmt"/>
        <line num="4460" count="0" type="stmt"/>
        <line num="4461" count="0" type="stmt"/>
        <line num="4462" count="0" type="stmt"/>
        <line num="4463" count="0" type="stmt"/>
        <line num="4473" count="0" type="cond" truecount="0" falsecount="1"/>
        <line num="4474" count="0" type="cond" truecount="0" falsecount="2"/>
        <line num="4475" count="0" type="cond" truecount="0" falsecount="2"/>
        <line num="4476" count="0" type="stmt"/>
        <line num="4477" count="0" type="stmt"/>
        <line num="4479" count="0" type="cond" truecount="0" falsecount="2"/>
        <line num="4480" count="0" type="cond" truecount="0" falsecount="2"/>
        <line num="4484" count="0" type="stmt"/>
        <line num="4486" count="0" type="cond" truecount="0" falsecount="2"/>
        <line num="4489" count="0" type="stmt"/>
        <line num="4493" count="0" type="stmt"/>
        <line num="4527" count="0" type="stmt"/>
        <line num="4528" count="0" type="cond" truecount="0" falsecount="2"/>
        <line num="4530" count="0" type="stmt"/>
        <line num="4531" count="0" type="stmt"/>
        <line num="4532" count="0" type="stmt"/>
        <line num="4534" count="0" type="stmt"/>
        <line num="4535" count="0" type="stmt"/>
        <line num="4538" count="0" type="stmt"/>
        <line num="4540" count="0" type="stmt"/>
        <line num="4550" count="0" type="stmt"/>
        <line num="4551" count="0" type="stmt"/>
        <line num="4552" count="0" type="stmt"/>
        <line num="4553" count="0" type="stmt"/>
        <line num="4554" count="0" type="stmt"/>
        <line num="4558" count="0" type="cond" truecount="0" falsecount="2"/>
        <line num="4559" count="0" type="stmt"/>
        <line num="4560" count="0" type="stmt"/>
        <line num="4563" count="0" type="cond" truecount="0" falsecount="2"/>
        <line num="4564" count="0" type="stmt"/>
        <line num="4567" count="0" type="stmt"/>
        <line num="4574" count="0" type="cond" truecount="0" falsecount="2"/>
        <line num="4575" count="0" type="stmt"/>
        <line num="4576" count="0" type="stmt"/>
        <line num="4579" count="0" type="cond" truecount="0" falsecount="2"/>
        <line num="4580" count="0" type="stmt"/>
        <line num="4583" count="0" type="stmt"/>
        <line num="4595" count="0" type="cond" truecount="0" falsecount="2"/>
        <line num="4596" count="0" type="cond" truecount="0" falsecount="2"/>
        <line num="4597" count="0" type="stmt"/>
        <line num="4598" count="0" type="cond" truecount="0" falsecount="2"/>
        <line num="4599" count="0" type="stmt"/>
        <line num="4600" count="0" type="stmt"/>
        <line num="4614" count="0" type="cond" truecount="0" falsecount="2"/>
        <line num="4615" count="0" type="stmt"/>
        <line num="4616" count="0" type="stmt"/>
        <line num="4625" count="0" type="stmt"/>
        <line num="4626" count="0" type="stmt"/>
        <line num="4628" count="0" type="stmt"/>
        <line num="4629" count="0" type="stmt"/>
        <line num="4630" count="0" type="stmt"/>
        <line num="4633" count="0" type="cond" truecount="0" falsecount="2"/>
        <line num="4643" count="0" type="stmt"/>
        <line num="4644" count="0" type="stmt"/>
        <line num="4645" count="0" type="stmt"/>
        <line num="4647" count="0" type="stmt"/>
        <line num="4653" count="0" type="stmt"/>
        <line num="4654" count="0" type="stmt"/>
        <line num="4655" count="0" type="stmt"/>
        <line num="4656" count="0" type="stmt"/>
        <line num="4657" count="0" type="stmt"/>
        <line num="4658" count="0" type="cond" truecount="0" falsecount="2"/>
        <line num="4660" count="0" type="stmt"/>
        <line num="4661" count="0" type="stmt"/>
        <line num="4664" count="0" type="cond" truecount="0" falsecount="2"/>
        <line num="4665" count="0" type="stmt"/>
        <line num="4669" count="0" type="stmt"/>
        <line num="4670" count="0" type="cond" truecount="0" falsecount="4"/>
        <line num="4672" count="0" type="stmt"/>
        <line num="4673" count="0" type="stmt"/>
        <line num="4694" count="0" type="stmt"/>
        <line num="4699" count="0" type="stmt"/>
        <line num="4700" count="0" type="stmt"/>
        <line num="4701" count="0" type="stmt"/>
        <line num="4702" count="0" type="cond" truecount="0" falsecount="2"/>
        <line num="4703" count="0" type="stmt"/>
        <line num="4721" count="0" type="cond" truecount="0" falsecount="1"/>
        <line num="4722" count="0" type="stmt"/>
        <line num="4723" count="0" type="cond" truecount="0" falsecount="2"/>
        <line num="4725" count="0" type="stmt"/>
        <line num="4727" count="0" type="cond" truecount="0" falsecount="2"/>
        <line num="4729" count="0" type="stmt"/>
        <line num="4731" count="0" type="cond" truecount="0" falsecount="2"/>
        <line num="4733" count="0" type="stmt"/>
        <line num="4735" count="0" type="cond" truecount="0" falsecount="2"/>
        <line num="4736" count="0" type="stmt"/>
        <line num="4737" count="0" type="stmt"/>
        <line num="4738" count="0" type="stmt"/>
        <line num="4741" count="0" type="stmt"/>
        <line num="4743" count="0" type="cond" truecount="0" falsecount="2"/>
        <line num="4745" count="0" type="stmt"/>
        <line num="4748" count="0" type="cond" truecount="0" falsecount="3"/>
        <line num="4751" count="0" type="cond" truecount="0" falsecount="2"/>
        <line num="4752" count="0" type="cond" truecount="0" falsecount="2"/>
        <line num="4753" count="0" type="stmt"/>
        <line num="4755" count="0" type="stmt"/>
        <line num="4758" count="0" type="stmt"/>
        <line num="4759" count="0" type="stmt"/>
        <line num="4760" count="0" type="stmt"/>
        <line num="4761" count="0" type="stmt"/>
        <line num="4762" count="0" type="stmt"/>
        <line num="4766" count="0" type="stmt"/>
        <line num="4775" count="0" type="stmt"/>
        <line num="4778" count="0" type="cond" truecount="0" falsecount="2"/>
        <line num="4779" count="0" type="stmt"/>
        <line num="4784" count="0" type="cond" truecount="0" falsecount="2"/>
        <line num="4786" count="0" type="stmt"/>
        <line num="4788" count="0" type="cond" truecount="0" falsecount="2"/>
        <line num="4789" count="0" type="stmt"/>
        <line num="4795" count="0" type="cond" truecount="0" falsecount="2"/>
        <line num="4796" count="0" type="stmt"/>
        <line num="4799" count="0" type="cond" truecount="0" falsecount="2"/>
        <line num="4801" count="0" type="stmt"/>
        <line num="4803" count="0" type="cond" truecount="0" falsecount="2"/>
        <line num="4823" count="0" type="stmt"/>
        <line num="4830" count="0" type="cond" truecount="0" falsecount="2"/>
        <line num="4836" count="0" type="stmt"/>
        <line num="4837" count="0" type="stmt"/>
        <line num="4838" count="0" type="cond" truecount="0" falsecount="2"/>
        <line num="4840" count="0" type="stmt"/>
        <line num="4842" count="0" type="cond" truecount="0" falsecount="2"/>
        <line num="4844" count="0" type="stmt"/>
        <line num="4846" count="0" type="stmt"/>
        <line num="4847" count="0" type="stmt"/>
        <line num="4852" count="0" type="cond" truecount="0" falsecount="5"/>
        <line num="4855" count="0" type="stmt"/>
        <line num="4856" count="0" type="stmt"/>
        <line num="4857" count="0" type="stmt"/>
        <line num="4865" count="0" type="stmt"/>
        <line num="4868" count="0" type="stmt"/>
        <line num="4872" count="0" type="stmt"/>
        <line num="4873" count="0" type="stmt"/>
        <line num="4877" count="0" type="stmt"/>
        <line num="4879" count="0" type="stmt"/>
        <line num="4883" count="0" type="stmt"/>
        <line num="4885" count="0" type="cond" truecount="0" falsecount="2"/>
        <line num="4902" count="0" type="stmt"/>
        <line num="4922" count="0" type="cond" truecount="0" falsecount="3"/>
        <line num="4923" count="0" type="stmt"/>
        <line num="4924" count="0" type="stmt"/>
        <line num="4927" count="0" type="stmt"/>
        <line num="4928" count="0" type="stmt"/>
        <line num="4936" count="0" type="stmt"/>
        <line num="4937" count="0" type="stmt"/>
        <line num="4948" count="0" type="stmt"/>
        <line num="4965" count="0" type="stmt"/>
        <line num="4972" count="0" type="stmt"/>
        <line num="4986" count="0" type="stmt"/>
        <line num="4987" count="0" type="stmt"/>
        <line num="4988" count="0" type="cond" truecount="0" falsecount="4"/>
        <line num="4989" count="0" type="stmt"/>
        <line num="4992" count="0" type="stmt"/>
        <line num="4993" count="0" type="stmt"/>
        <line num="4994" count="0" type="cond" truecount="0" falsecount="3"/>
        <line num="5012" count="0" type="stmt"/>
        <line num="5013" count="0" type="stmt"/>
        <line num="5015" count="0" type="stmt"/>
        <line num="5016" count="0" type="stmt"/>
        <line num="5017" count="0" type="stmt"/>
        <line num="5018" count="0" type="cond" truecount="0" falsecount="2"/>
        <line num="5020" count="0" type="cond" truecount="0" falsecount="2"/>
        <line num="5021" count="0" type="stmt"/>
        <line num="5023" count="0" type="stmt"/>
        <line num="5025" count="0" type="stmt"/>
        <line num="5027" count="0" type="stmt"/>
        <line num="5028" count="0" type="stmt"/>
        <line num="5036" count="0" type="cond" truecount="0" falsecount="2"/>
        <line num="5044" count="0" type="stmt"/>
        <line num="5046" count="0" type="stmt"/>
        <line num="5047" count="0" type="stmt"/>
        <line num="5050" count="0" type="stmt"/>
        <line num="5053" count="0" type="stmt"/>
        <line num="5247" count="0" type="stmt"/>
        <line num="5253" count="0" type="cond" truecount="0" falsecount="2"/>
        <line num="5255" count="0" type="stmt"/>
        <line num="5276" count="0" type="cond" truecount="0" falsecount="2"/>
        <line num="5277" count="0" type="cond" truecount="0" falsecount="2"/>
        <line num="5278" count="0" type="stmt"/>
        <line num="5280" count="0" type="cond" truecount="0" falsecount="2"/>
        <line num="5281" count="0" type="stmt"/>
        <line num="5282" count="0" type="cond" truecount="0" falsecount="6"/>
        <line num="5286" count="0" type="stmt"/>
        <line num="5292" count="0" type="cond" truecount="0" falsecount="4"/>
        <line num="5295" count="0" type="cond" truecount="0" falsecount="2"/>
        <line num="5314" count="0" type="cond" truecount="0" falsecount="4"/>
        <line num="5320" count="0" type="stmt"/>
        <line num="5321" count="0" type="stmt"/>
        <line num="5322" count="0" type="stmt"/>
        <line num="5323" count="0" type="stmt"/>
        <line num="5329" count="0" type="stmt"/>
        <line num="5330" count="0" type="stmt"/>
        <line num="5348" count="0" type="cond" truecount="0" falsecount="2"/>
        <line num="5351" count="0" type="stmt"/>
        <line num="5358" count="0" type="stmt"/>
        <line num="5376" count="0" type="stmt"/>
        <line num="5389" count="0" type="stmt"/>
        <line num="5395" count="0" type="stmt"/>
        <line num="5408" count="0" type="cond" truecount="0" falsecount="2"/>
        <line num="5417" count="0" type="cond" truecount="0" falsecount="2"/>
        <line num="5434" count="0" type="stmt"/>
        <line num="5435" count="0" type="cond" truecount="0" falsecount="2"/>
        <line num="5436" count="0" type="stmt"/>
        <line num="5437" count="0" type="stmt"/>
        <line num="5444" count="0" type="stmt"/>
        <line num="5505" count="0" type="stmt"/>
        <line num="5507" count="0" type="stmt"/>
        <line num="5515" count="0" type="cond" truecount="0" falsecount="2"/>
        <line num="5519" count="0" type="stmt"/>
        <line num="5523" count="0" type="stmt"/>
        <line num="5530" count="0" type="cond" truecount="0" falsecount="2"/>
        <line num="5532" count="0" type="stmt"/>
        <line num="5533" count="0" type="stmt"/>
        <line num="5534" count="0" type="cond" truecount="0" falsecount="3"/>
        <line num="5547" count="0" type="stmt"/>
        <line num="5565" count="0" type="stmt"/>
        <line num="5568" count="0" type="stmt"/>
        <line num="5577" count="0" type="stmt"/>
        <line num="5578" count="0" type="cond" truecount="0" falsecount="4"/>
        <line num="5579" count="0" type="stmt"/>
        <line num="5629" count="0" type="stmt"/>
        <line num="5646" count="0" type="stmt"/>
        <line num="5654" count="0" type="stmt"/>
        <line num="5656" count="0" type="stmt"/>
        <line num="5670" count="0" type="cond" truecount="0" falsecount="2"/>
        <line num="5692" count="0" type="cond" truecount="0" falsecount="4"/>
        <line num="5695" count="0" type="stmt"/>
        <line num="5696" count="0" type="stmt"/>
        <line num="5697" count="0" type="cond" truecount="0" falsecount="2"/>
        <line num="5698" count="0" type="stmt"/>
        <line num="5700" count="0" type="cond" truecount="0" falsecount="2"/>
        <line num="5701" count="0" type="stmt"/>
[...]
        <line num="1274" count="0" type="stmt"/>
        <line num="1276" count="0" type="stmt"/>
        <line num="1278" count="0" type="stmt"/>
        <line num="1283" count="0" type="stmt"/>
        <line num="1306" count="0" type="stmt"/>
        <line num="1310" count="0" type="cond" truecount="0" falsecount="2"/>
        <line num="1311" count="0" type="stmt"/>
        <line num="1320" count="0" type="cond" truecount="0" falsecount="2"/>
        <line num="1329" count="0" type="stmt"/>
        <line num="1336" count="0" type="stmt"/>
        <line num="1348" count="0" type="stmt"/>
        <line num="1352" count="0" type="stmt"/>
      </file>
    </package>
    <package name="widget-fix.dist.js.webpack:.src">
      <metrics statements="8" coveredstatements="0" conditionals="0" coveredconditionals="0" methods="4" coveredmethods="0"/>
      <file name="App.vue" path="/home/swerky/dev/simple-ecommerce/client/widget-fix/dist/js/webpack:/src/App.vue">
        <metrics statements="3" coveredstatements="0" conditionals="0" coveredconditionals="0" methods="3" coveredmethods="0"/>
        <line num="2" count="0" type="stmt"/>
        <line num="3" count="0" type="stmt"/>
        <line num="4" count="0" type="stmt"/>
      </file>
      <file name="App.vue?6017" path="/home/swerky/dev/simple-ecommerce/client/widget-fix/dist/js/webpack:/src/App.vue?6017">
        <metrics statements="1" coveredstatements="0" conditionals="0" coveredconditionals="0" methods="1" coveredmethods="0"/>
        <line num="1" count="0" type="stmt"/>
      </file>
      <file name="App.vue?8ecf" path="/home/swerky/dev/simple-ecommerce/client/widget-fix/dist/js/webpack:/src/App.vue?8ecf">
        <metrics statements="3" coveredstatements="0" conditionals="0" coveredconditionals="0" methods="0" coveredmethods="0"/>
        <line num="2" count="0" type="stmt"/>
        <line num="7" count="0" type="stmt"/>
        <line num="9" count="0" type="stmt"/>
      </file>
      <file name="main.ts" path="/home/swerky/dev/simple-ecommerce/client/widget-fix/dist/js/webpack:/src/main.ts">
        <metrics statements="1" coveredstatements="0" conditionals="0" coveredconditionals="0" methods="0" coveredmethods="0"/>
        <line num="6" count="0" type="stmt"/>
      </file>
    </package>
    <package name="widget-fix.dist.js.webpack:.src.assets">
      <metrics statements="1" coveredstatements="0" conditionals="0" coveredconditionals="0" methods="1" coveredmethods="0"/>
      <file name="logo.png" path="/home/swerky/dev/simple-ecommerce/client/widget-fix/dist/js/webpack:/src/assets/logo.png">
        <metrics statements="1" coveredstatements="0" conditionals="0" coveredconditionals="0" methods="1" coveredmethods="0"/>
        <line num="1" count="0" type="stmt"/>
      </file>
    </package>
    <package name="widget-fix.dist.js.webpack:.src.components">
      <metrics statements="7" coveredstatements="0" conditionals="0" coveredconditionals="0" methods="2" coveredmethods="0"/>
      <file name="HelloWorld.vue" path="/home/swerky/dev/simple-ecommerce/client/widget-fix/dist/js/webpack:/src/components/HelloWorld.vue">
        <metrics statements="1" coveredstatements="0" conditionals="0" coveredconditionals="0" methods="0" coveredmethods="0"/>
        <line num="4" count="0" type="stmt"/>
      </file>
      <file name="HelloWorld.vue?2346" path="/home/swerky/dev/simple-ecommerce/client/widget-fix/dist/js/webpack:/src/components/HelloWorld.vue?2346">
        <metrics statements="3" coveredstatements="0" conditionals="0" coveredconditionals="0" methods="1" coveredmethods="0"/>
        <line num="4" count="0" type="stmt"/>
        <line num="5" count="0" type="stmt"/>
        <line num="8" count="0" type="stmt"/>
      </file>
      <file name="HelloWorld.vue?82a5" path="/home/swerky/dev/simple-ecommerce/client/widget-fix/dist/js/webpack:/src/components/HelloWorld.vue?82a5">
        <metrics statements="1" coveredstatements="0" conditionals="0" coveredconditionals="0" methods="1" coveredmethods="0"/>
        <line num="1" count="0" type="stmt"/>
      </file>
      <file name="HelloWorld.vue?a562" path="/home/swerky/dev/simple-ecommerce/client/widget-fix/dist/js/webpack:/src/components/HelloWorld.vue?a562">
        <metrics statements="2" coveredstatements="0" conditionals="0" coveredconditionals="0" methods="0" coveredmethods="0"/>
        <line num="8" count="0" type="stmt"/>
        <line num="10" count="0" type="stmt"/>
      </file>
    </package>
    <package name="widget-fix.dist.js.webpack:.src.router">
      <metrics statements="4" coveredstatements="0" conditionals="0" coveredconditionals="0" methods="1" coveredmethods="0"/>
      <file name="index.ts" path="/home/swerky/dev/simple-ecommerce/client/widget-fix/dist/js/webpack:/src/router/index.ts">
        <metrics statements="4" coveredstatements="0" conditionals="0" coveredconditionals="0" methods="1" coveredmethods="0"/>
        <line num="4" count="0" type="stmt"/>
        <line num="16" count="0" type="stmt"/>
        <line num="20" count="0" type="stmt"/>
        <line num="25" count="0" type="stmt"/>
      </file>
    </package>
    <package name="widget-fix.dist.js.webpack:.src.store">
      <metrics statements="1" coveredstatements="0" conditionals="0" coveredconditionals="0" methods="0" coveredmethods="0"/>
      <file name="index.ts" path="/home/swerky/dev/simple-ecommerce/client/widget-fix/dist/js/webpack:/src/store/index.ts">
        <metrics statements="1" coveredstatements="0" conditionals="0" coveredconditionals="0" methods="0" coveredmethods="0"/>
        <line num="3" count="0" type="stmt"/>
      </file>
    </package>
    <package name="widget-fix.dist.js.webpack:.src.views">
      <metrics statements="12" coveredstatements="0" conditionals="2" coveredconditionals="0" methods="2" coveredmethods="0"/>
      <file name="About.vue" path="/home/swerky/dev/simple-ecommerce/client/widget-fix/dist/js/webpack:/src/views/About.vue">
        <metrics statements="2" coveredstatements="0" conditionals="2" coveredconditionals="0" methods="1" coveredmethods="0"/>
        <line num="2" count="0" type="cond" truecount="0" falsecount="2"/>
        <line num="3" count="0" type="stmt"/>
      </file>
      <file name="About.vue?c45a" path="/home/swerky/dev/simple-ecommerce/client/widget-fix/dist/js/webpack:/src/views/About.vue?c45a">
        <metrics statements="3" coveredstatements="0" conditionals="0" coveredconditionals="0" methods="0" coveredmethods="0"/>
        <line num="2" count="0" type="stmt"/>
        <line num="5" count="0" type="stmt"/>
        <line num="7" count="0" type="stmt"/>
      </file>
      <file name="Home.vue" path="/home/swerky/dev/simple-ecommerce/client/widget-fix/dist/js/webpack:/src/views/Home.vue">
        <metrics statements="1" coveredstatements="0" conditionals="0" coveredconditionals="0" methods="0" coveredmethods="0"/>
        <line num="5" count="0" type="stmt"/>
      </file>
      <file name="Home.vue?6366" path="/home/swerky/dev/simple-ecommerce/client/widget-fix/dist/js/webpack:/src/views/Home.vue?6366">
        <metrics statements="4" coveredstatements="0" conditionals="0" coveredconditionals="0" methods="1" coveredmethods="0"/>
        <line num="5" count="0" type="stmt"/>
        <line num="6" count="0" type="stmt"/>
        <line num="12" count="0" type="stmt"/>
        <line num="14" count="0" type="stmt"/>
      </file>
      <file name="Home.vue?f63c" path="/home/swerky/dev/simple-ecommerce/client/widget-fix/dist/js/webpack:/src/views/Home.vue?f63c">
        <metrics statements="2" coveredstatements="0" conditionals="0" coveredconditionals="0" methods="0" coveredmethods="0"/>
        <line num="6" count="0" type="stmt"/>
        <line num="8" count="0" type="stmt"/>
      </file>
    </package>
    <package name="widget-fix.dist.js.webpack:.webpack">
      <metrics statements="72" coveredstatements="0" conditionals="59" coveredconditionals="0" methods="18" coveredmethods="0"/>
      <file name="bootstrap" path="/home/swerky/dev/simple-ecommerce/client/widget-fix/dist/js/webpack:/webpack/bootstrap">
        <metrics statements="72" coveredstatements="0" conditionals="59" coveredconditionals="0" methods="18" coveredmethods="0"/>
        <line num="3" count="0" type="stmt"/>
        <line num="4" count="0" type="stmt"/>
        <line num="5" count="0" type="stmt"/>
        <line num="9" count="0" type="stmt"/>
        <line num="10" count="0" type="stmt"/>
        <line num="11" count="0" type="stmt"/>
        <line num="17" count="0" type="stmt"/>
        <line num="18" count="0" type="cond" truecount="0" falsecount="2"/>
        <line num="22" count="0" type="cond" truecount="0" falsecount="2"/>
        <line num="24" count="0" type="stmt"/>
        <line num="25" count="0" type="stmt"/>
        <line num="32" count="0" type="stmt"/>
        <line num="36" count="0" type="stmt"/>
        <line num="37" count="0" type="stmt"/>
        <line num="38" count="0" type="stmt"/>
        <line num="39" count="0" type="stmt"/>
        <line num="40" count="0" type="stmt"/>
        <line num="41" count="0" type="cond" truecount="0" falsecount="2"/>
        <line num="43" count="0" type="cond" truecount="0" falsecount="2"/>
        <line num="49" count="0" type="stmt"/>
        <line num="53" count="0" type="stmt"/>
        <line num="58" count="0" type="stmt"/>
        <line num="62" count="0" type="stmt"/>
        <line num="66" count="0" type="cond" truecount="0" falsecount="2"/>
        <line num="73" count="0" type="cond" truecount="0" falsecount="2"/>
        <line num="74" count="0" type="stmt"/>
        <line num="77" count="0" type="stmt"/>
        <line num="90" count="0" type="stmt"/>
        <line num="95" count="0" type="stmt"/>
        <line num="96" count="0" type="stmt"/>
        <line num="101" count="0" type="stmt"/>
        <line num="102" count="0" type="cond" truecount="0" falsecount="2"/>
        <line num="105" count="0" type="cond" truecount="0" falsecount="2"/>
        <line num="106" count="0" type="stmt"/>
        <line num="109" count="0" type="stmt"/>
        <line num="110" count="0" type="stmt"/>
        <line num="112" count="0" type="stmt"/>
        <line num="115" count="0" type="stmt"/>
        <line num="118" count="0" type="stmt"/>
        <line num="126" count="0" type="stmt"/>
        <line num="127" count="0" type="stmt"/>
        <line num="129" count="0" type="stmt"/>
        <line num="131" count="0" type="stmt"/>
        <line num="132" count="0" type="cond" truecount="0" falsecount="2"/>
        <line num="133" count="0" type="cond" truecount="0" falsecount="2"/>
        <line num="134" count="0" type="cond" truecount="0" falsecount="4"/>
        <line num="135" count="0" type="cond" truecount="0" falsecount="3"/>
        <line num="136" count="0" type="stmt"/>
        <line num="142" count="0" type="stmt"/>
        <line num="145" count="0" type="stmt"/>
        <line num="146" count="0" type="stmt"/>
        <line num="148" count="0" type="stmt"/>
        <line num="152" count="0" type="stmt"/>
        <line num="163" count="0" type="cond" truecount="0" falsecount="2"/>
        <line num="170" count="0" type="cond" truecount="0" falsecount="3"/>
        <line num="183" count="0" type="cond" truecount="0" falsecount="2"/>
        <line num="184" count="0" type="cond" truecount="0" falsecount="6"/>
        <line num="185" count="0" type="stmt"/>
        <line num="188" count="0" type="cond" truecount="0" falsecount="4"/>
        <line num="189" count="0" type="stmt"/>
        <line num="194" count="0" type="cond" truecount="0" falsecount="2"/>
        <line num="195" count="0" type="cond" truecount="0" falsecount="2"/>
        <line num="196" count="0" type="stmt"/>
        <line num="198" count="0" type="stmt"/>
        <line num="202" count="0" type="stmt"/>
        <line num="208" count="0" type="stmt"/>
        <line num="210" count="0" type="cond" truecount="0" falsecount="2"/>
        <line num="211" count="0" type="stmt"/>
        <line num="212" count="0" type="stmt"/>
        <line num="214" count="0" type="stmt"/>
        <line num="215" count="0" type="stmt"/>
        <line num="219" count="0" type="stmt"/>
      </file>
    </package>
    <package name="widget-fix.dist.versions.0">
      <metrics statements="7" coveredstatements="0" conditionals="12666" coveredconditionals="0" methods="4962" coveredmethods="0"/>
      <file name="products-list.js" path="/home/swerky/dev/simple-ecommerce/client/widget-fix/dist/versions/0/products-list.js">
        <metrics statements="7" coveredstatements="0" conditionals="12666" coveredconditionals="0" methods="4962" coveredmethods="0"/>
        <line num="1" count="0" type="cond" truecount="0" falsecount="9437"/>
        <line num="6" count="0" type="cond" truecount="0" falsecount="244"/>
        <line num="11" count="0" type="cond" truecount="0" falsecount="909"/>
        <line num="16" count="0" type="cond" truecount="0" falsecount="1316"/>
        <line num="32" count="0" type="cond" truecount="0" falsecount="82"/>
        <line num="37" count="0" type="cond" truecount="0" falsecount="98"/>
        <line num="42" count="0" type="cond" truecount="0" falsecount="580"/>
      </file>
    </package>
    <package name="widget-fix.dist.versions.1">
      <metrics statements="8" coveredstatements="0" conditionals="13156" coveredconditionals="0" methods="5100" coveredmethods="0"/>
      <file name="integration.js" path="/home/swerky/dev/simple-ecommerce/client/widget-fix/dist/versions/1/integration.js">
        <metrics statements="1" coveredstatements="0" conditionals="0" coveredconditionals="0" methods="4" coveredmethods="0"/>
        <line num="1" count="0" type="stmt"/>
      </file>
      <file name="products-list.js" path="/home/swerky/dev/simple-ecommerce/client/widget-fix/dist/versions/1/products-list.js">
        <metrics statements="7" coveredstatements="0" conditionals="13156" coveredconditionals="0" methods="5096" coveredmethods="0"/>
        <line num="1" count="0" type="cond" truecount="0" falsecount="9689"/>
        <line num="6" count="0" type="cond" truecount="0" falsecount="248"/>
        <line num="11" count="0" type="cond" truecount="0" falsecount="804"/>
        <line num="16" count="0" type="cond" truecount="0" falsecount="1445"/>
        <line num="32" count="0" type="cond" truecount="0" falsecount="249"/>
        <line num="37" count="0" type="cond" truecount="0" falsecount="98"/>
        <line num="42" count="0" type="cond" truecount="0" falsecount="623"/>
      </file>
    </package>
    <package name="widget-fix.integration-code">
      <metrics statements="24" coveredstatements="0" conditionals="0" coveredconditionals="0" methods="4" coveredmethods="0"/>
      <file name="index.js" path="/home/swerky/dev/simple-ecommerce/client/widget-fix/integration-code/index.js">
        <metrics statements="14" coveredstatements="0" conditionals="0" coveredconditionals="0" methods="4" coveredmethods="0"/>
        <line num="3" count="0" type="stmt"/>
        <line num="6" count="0" type="stmt"/>
        <line num="7" count="0" type="stmt"/>
        <line num="8" count="0" type="stmt"/>
        <line num="10" count="0" type="stmt"/>
        <line num="12" count="0" type="stmt"/>
        <line num="15" count="0" type="stmt"/>
        <line num="16" count="0" type="stmt"/>
        <line num="18" count="0" type="stmt"/>
        <line num="22" count="0" type="stmt"/>
        <line num="23" count="0" type="stmt"/>
        <line num="27" count="0" type="stmt"/>
        <line num="28" count="0" type="stmt"/>
        <line num="31" count="0" type="stmt"/>
      </file>
      <file name="webpack.common.js" path="/home/swerky/dev/simple-ecommerce/client/widget-fix/integration-code/webpack.common.js">
        <metrics statements="5" coveredstatements="0" conditionals="0" coveredconditionals="0" methods="0" coveredmethods="0"/>
        <line num="1" count="0" type="stmt"/>
        <line num="2" count="0" type="stmt"/>
        <line num="4" count="0" type="stmt"/>
        <line num="6" count="0" type="stmt"/>
        <line num="12" count="0" type="stmt"/>
      </file>
      <file name="webpack.prod.js" path="/home/swerky/dev/simple-ecommerce/client/widget-fix/integration-code/webpack.prod.js">
        <metrics statements="5" coveredstatements="0" conditionals="0" coveredconditionals="0" methods="0" coveredmethods="0"/>
        <line num="1" count="0" type="stmt"/>
        <line num="2" count="0" type="stmt"/>
        <line num="3" count="0" type="stmt"/>
        <line num="5" count="0" type="stmt"/>
        <line num="8" count="0" type="stmt"/>
      </file>
    </package>
    <package name="widget-fix.integration-code.dist.integration">
      <metrics statements="1" coveredstatements="0" conditionals="25" coveredconditionals="0" methods="15" coveredmethods="0"/>
      <file name="integration.js" path="/home/swerky/dev/simple-ecommerce/client/widget-fix/integration-code/dist/integration/integration.js">
        <metrics statements="1" coveredstatements="0" conditionals="25" coveredconditionals="0" methods="15" coveredmethods="0"/>
        <line num="1" count="0" type="cond" truecount="0" falsecount="25"/>
      </file>
    </package>
    <package name="widget-fix.integration-test">
      <metrics statements="6" coveredstatements="0" conditionals="0" coveredconditionals="0" methods="1" coveredmethods="0"/>
      <file name="server.js" path="/home/swerky/dev/simple-ecommerce/client/widget-fix/integration-test/server.js">
        <metrics statements="6" coveredstatements="0" conditionals="0" coveredconditionals="0" methods="1" coveredmethods="0"/>
        <line num="1" count="0" type="stmt"/>
        <line num="2" count="0" type="stmt"/>
        <line num="4" count="0" type="stmt"/>
        <line num="6" count="0" type="stmt"/>
        <line num="8" count="0" type="stmt"/>
        <line num="10" count="0" type="stmt"/>
      </file>
    </package>
    <package name="widget-fix.tests.e2e.plugins">
      <metrics statements="2" coveredstatements="0" conditionals="0" coveredconditionals="0" methods="1" coveredmethods="0"/>
      <file name="index.js" path="/home/swerky/dev/simple-ecommerce/client/widget-fix/tests/e2e/plugins/index.js">
        <metrics statements="2" coveredstatements="0" conditionals="0" coveredconditionals="0" methods="1" coveredmethods="0"/>
        <line num="12" count="0" type="stmt"/>
        <line num="18" count="0" type="stmt"/>
      </file>
    </package>
    <package name="widget-fix.tests.e2e.specs">
      <metrics statements="4" coveredstatements="0" conditionals="0" coveredconditionals="0" methods="2" coveredmethods="0"/>
      <file name="test.js" path="/home/swerky/dev/simple-ecommerce/client/widget-fix/tests/e2e/specs/test.js">
        <metrics statements="4" coveredstatements="0" conditionals="0" coveredconditionals="0" methods="2" coveredmethods="0"/>
        <line num="3" count="0" type="stmt"/>
        <line num="4" count="0" type="stmt"/>
        <line num="5" count="0" type="stmt"/>
        <line num="6" count="0" type="stmt"/>
      </file>
    </package>
    <package name="widget-fix.tests.e2e.support">
      <metrics statements="0" coveredstatements="0" conditionals="0" coveredconditionals="0" methods="0" coveredmethods="0"/>
      <file name="commands.js" path="/home/swerky/dev/simple-ecommerce/client/widget-fix/tests/e2e/support/commands.js">
        <metrics statements="0" coveredstatements="0" conditionals="0" coveredconditionals="0" methods="0" coveredmethods="0"/>
      </file>
      <file name="index.js" path="/home/swerky/dev/simple-ecommerce/client/widget-fix/tests/e2e/support/index.js">
        <metrics statements="0" coveredstatements="0" conditionals="0" coveredconditionals="0" methods="0" coveredmethods="0"/>
      </file>
    </package>
  </project>
</coverage>
