TN:
SF:/home/swerky/dev/simple-ecommerce/client/widget-fix/babel.config.js
FNF:0
FNH:0
DA:1,0
LF:1
LH:0
BRF:0
BRH:0
end_of_record
TN:
SF:/home/swerky/dev/simple-ecommerce/client/widget-fix/jest.config.js
FNF:0
FNH:0
DA:1,0
LF:1
LH:0
BRF:0
BRH:0
end_of_record
TN:
SF:/home/swerky/dev/simple-ecommerce/client/widget-fix/postcss.config.js
FNF:0
FNH:0
DA:1,0
LF:1
LH:0
BRF:0
BRH:0
end_of_record
TN:
SF:/home/swerky/dev/simple-ecommerce/client/widget-fix/tailwind.config.js
FN:76,(anonymous_0)
FN:77,(anonymous_1)
FN:78,(anonymous_2)
FN:79,(anonymous_3)
FN:80,(anonymous_4)
FN:81,(anonymous_5)
FN:82,(anonymous_6)
FN:83,(anonymous_7)
FN:84,(anonymous_8)
FN:85,(anonymous_9)
FN:97,(anonymous_10)
FN:138,(anonymous_11)
FN:142,(anonymous_12)
FN:171,(anonymous_13)
FN:195,(anonymous_14)
FN:196,(anonymous_15)
FN:197,(anonymous_16)
FN:298,(anonymous_17)
FN:299,(anonymous_18)
FN:414,(anonymous_19)
FN:437,(anonymous_20)
FN:513,(anonymous_21)
FN:518,(anonymous_22)
FN:523,(anonymous_23)
FN:604,(anonymous_24)
FN:605,(anonymous_25)
FN:606,(anonymous_26)
FN:607,(anonymous_27)
FN:611,(anonymous_28)
FN:619,(anonymous_29)
FN:686,(anonymous_30)
FN:698,(anonymous_31)
FN:699,(anonymous_32)
FN:749,(anonymous_33)
FN:767,(anonymous_34)
FNF:35
FNH:0
FNDA:0,(anonymous_0)
FNDA:0,(anonymous_1)
FNDA:0,(anonymous_2)
FNDA:0,(anonymous_3)
FNDA:0,(anonymous_4)
FNDA:0,(anonymous_5)
FNDA:0,(anonymous_6)
FNDA:0,(anonymous_7)
FNDA:0,(anonymous_8)
FNDA:0,(anonymous_9)
FNDA:0,(anonymous_10)
FNDA:0,(anonymous_11)
FNDA:0,(anonymous_12)
FNDA:0,(anonymous_13)
FNDA:0,(anonymous_14)
FNDA:0,(anonymous_15)
FNDA:0,(anonymous_16)
FNDA:0,(anonymous_17)
FNDA:0,(anonymous_18)
FNDA:0,(anonymous_19)
FNDA:0,(anonymous_20)
FNDA:0,(anonymous_21)
FNDA:0,(anonymous_22)
FNDA:0,(anonymous_23)
FNDA:0,(anonymous_24)
FNDA:0,(anonymous_25)
FNDA:0,(anonymous_26)
FNDA:0,(anonymous_27)
FNDA:0,(anonymous_28)
FNDA:0,(anonymous_29)
FNDA:0,(anonymous_30)
FNDA:0,(anonymous_31)
FNDA:0,(anonymous_32)
FNDA:0,(anonymous_33)
FNDA:0,(anonymous_34)
DA:1,0
DA:3,0
DA:76,0
DA:77,0
DA:78,0
DA:79,0
DA:80,0
DA:81,0
DA:82,0
DA:83,0
DA:84,0
DA:85,0
DA:97,0
DA:138,0
DA:142,0
DA:171,0
DA:195,0
DA:196,0
DA:197,0
DA:298,0
DA:299,0
DA:414,0
DA:437,0
DA:513,0
DA:518,0
DA:523,0
DA:604,0
DA:605,0
DA:606,0
DA:607,0
DA:611,0
DA:619,0
DA:686,0
DA:698,0
DA:699,0
DA:749,0
DA:767,0
LF:37
LH:0
BRF:0
BRH:0
end_of_record
TN:
SF:/home/swerky/dev/simple-ecommerce/client/widget-fix/vue.config.js
FN:23,(anonymous_0)
FNF:1
FNH:0
FNDA:0,(anonymous_0)
DA:4,0
DA:5,0
DA:7,0
DA:12,0
DA:24,0
DA:25,0
DA:26,0
DA:27,0
DA:30,0
DA:32,0
LF:10
LH:0
BRDA:24,0,0,0
BRDA:24,0,1,0
BRF:2
BRH:0
end_of_record
TN:
SF:/home/swerky/dev/simple-ecommerce/client/widget-fix/dist/js/webpack:/(webpack)/buildin/global.js
FN:1,(anonymous_1162)
FN:4,(anonymous_1163)
FNF:2
FNH:0
FNDA:0,(anonymous_1162)
FNDA:0,(anonymous_1163)
DA:4,0
DA:5,0
DA:8,0
DA:10,0
DA:13,0
DA:20,0
LF:6
LH:0
BRDA:10,0,0,0
BRDA:10,0,1,0
BRDA:13,1,0,0
BRDA:13,1,1,0
BRF:4
BRH:0
end_of_record
TN:
SF:/home/swerky/dev/simple-ecommerce/client/widget-fix/dist/js/webpack:/node_modules/@vue/devtools-api/lib/esm/const.js
FN:1,(anonymous_1151)
FNF:1
FNH:0
FNDA:0,(anonymous_1151)
DA:1,0
DA:2,0
LF:2
LH:0
BRF:0
BRH:0
end_of_record
TN:
SF:/home/swerky/dev/simple-ecommerce/client/widget-fix/dist/js/webpack:/node_modules/@vue/devtools-api/lib/esm/env.js
FN:1,(anonymous_1131)
FN:1,r
FN:4,o
FNF:3
FNH:0
FNDA:0,(anonymous_1131)
FNDA:0,r
FNDA:0,o
DA:1,0
DA:2,0
DA:6,0
DA:12,0
LF:4
LH:0
BRDA:7,0,0,0
BRDA:7,0,1,0
BRDA:6,1,0,0
BRDA:6,1,1,0
BRDA:9,2,0,0
BRDA:9,2,1,0
BRF:6
BRH:0
end_of_record
TN:
SF:/home/swerky/dev/simple-ecommerce/client/widget-fix/dist/js/webpack:/node_modules/@vue/devtools-api/lib/esm/index.js
FN:1,(anonymous_75)
FN:6,c
FNF:2
FNH:0
FNDA:0,(anonymous_75)
FNDA:0,c
DA:1,0
DA:7,0
DA:8,0
DA:9,0
DA:10,0
DA:11,0
DA:14,0
DA:15,0
DA:16,0
LF:9
LH:0
BRDA:9,0,0,0
BRDA:9,0,1,0
BRDA:10,1,0,0
BRDA:10,1,1,0
BRDA:10,2,0,0
BRDA:10,2,1,0
BRDA:10,2,2,0
BRDA:14,3,0,0
BRDA:14,3,1,0
BRDA:15,4,0,0
BRDA:15,4,1,0
BRDA:21,5,0,0
BRDA:21,5,1,0
BRF:13
BRH:0
end_of_record
TN:
SF:/home/swerky/dev/simple-ecommerce/client/widget-fix/dist/js/webpack:/node_modules/@vue/devtools-api/lib/esm/proxy.js
FN:1,(anonymous_1266)
FN:3,(anonymous_1268)
FN:27,(anonymous_1269)
FN:30,(anonymous_1270)
FN:40,(anonymous_1271)
FN:46,(anonymous_1272)
FN:51,(anonymous_1273)
FN:61,(anonymous_1274)
FN:69,(anonymous_1275)
FN:73,(anonymous_1276)
FN:79,(anonymous_1277)
FN:80,(anonymous_1278)
FN:92,(anonymous_1279)
FNF:13
FNH:0
FNDA:0,(anonymous_1266)
FNDA:0,(anonymous_1268)
FNDA:0,(anonymous_1269)
FNDA:0,(anonymous_1270)
FNDA:0,(anonymous_1271)
FNDA:0,(anonymous_1272)
FNDA:0,(anonymous_1273)
FNDA:0,(anonymous_1274)
FNDA:0,(anonymous_1275)
FNDA:0,(anonymous_1276)
FNDA:0,(anonymous_1277)
FNDA:0,(anonymous_1278)
FNDA:0,(anonymous_1279)
DA:1,0
DA:4,0
DA:9,0
DA:10,0
DA:11,0
DA:12,0
DA:13,0
DA:16,0
DA:17,0
DA:18,0
DA:19,0
DA:20,0
DA:21,0
DA:26,0
DA:28,0
DA:31,0
DA:32,0
DA:37,0
DA:41,0
DA:47,0
DA:52,0
DA:62,0
DA:70,0
DA:80,0
DA:81,0
DA:93,0
DA:94,0
DA:95,0
DA:97,0
DA:98,0
LF:30
LH:0
BRDA:10,0,0,0
BRDA:10,0,1,0
BRDA:41,1,0,0
BRDA:41,1,1,0
BRDA:48,2,0,0
BRDA:48,2,1,0
BRDA:63,3,0,0
BRDA:63,3,1,0
BRDA:66,4,0,0
BRDA:66,4,1,0
BRDA:69,5,0,0
BRDA:69,5,1,0
BRF:12
BRH:0
end_of_record
TN:
SF:/home/swerky/dev/simple-ecommerce/client/widget-fix/dist/js/webpack:/node_modules/@vue/reactivity/dist/reactivity.esm-bundler.js
FN:7,(anonymous_494)
FN:10,(anonymous_522)
FN:20,(anonymous_523)
FN:34,(anonymous_524)
FN:40,(anonymous_525)
FN:46,(anonymous_526)
FN:48,(anonymous_527)
FN:49,(anonymous_528)
FN:51,(anonymous_529)
FN:69,s
FN:88,(anonymous_531)
FN:94,(anonymous_532)
FN:95,(anonymous_533)
FN:96,(anonymous_534)
FN:103,(anonymous_535)
FN:138,(anonymous_536)
FN:145,(anonymous_537)
FN:174,(anonymous_538)
FN:184,_
FN:215,S
FN:219,k
FN:223,E
FN:227,C
FN:244,A
FN:247,P
FN:269,T
FN:282,(anonymous_547)
FN:350,M
FN:369,(anonymous_549)
FN:376,$
FN:378,(anonymous_551)
FN:379,(anonymous_552)
FN:395,(anonymous_553)
FN:396,(anonymous_554)
FN:405,U
FN:406,(anonymous_556)
FN:454,G
FN:455,(anonymous_558)
FN:481,z
FN:490,q
FN:497,W
FN:510,(anonymous_562)
FN:516,(anonymous_563)
FN:534,(anonymous_564)
FN:535,(anonymous_565)
FN:536,Y
FN:560,Z
FN:572,tt
FN:577,et
FN:588,nt
FN:610,rt
FN:629,ot
FN:644,it
FN:645,(anonymous_574)
FN:651,(anonymous_575)
FN:659,ct
FN:660,(anonymous_577)
FN:674,(anonymous_578)
FN:684,(anonymous_579)
FN:690,st
FN:691,(anonymous_581)
FN:699,at
FN:701,(anonymous_583)
FN:704,(anonymous_584)
FN:715,(anonymous_585)
FN:718,(anonymous_586)
FN:729,(anonymous_587)
FN:732,(anonymous_588)
FN:735,(anonymous_589)
FN:745,(anonymous_590)
FN:748,(anonymous_591)
FN:751,(anonymous_592)
FN:761,(anonymous_593)
FN:775,dt
FN:783,(anonymous_595)
FN:826,jt
FN:840,_t
FN:845,wt
FN:857,xt
FN:864,St
FN:876,kt
FN:903,Et
FN:909,Ct
FN:912,At
FN:915,Pt
FN:919,Tt
FN:923,(anonymous_607)
FN:924,(anonymous_608)
FN:926,Rt
FN:944,Ft
FN:960,It
FN:963,Nt
FN:966,Dt
FN:969,$t
FN:976,(anonymous_615)
FN:983,(anonymous_616)
FN:987,(anonymous_617)
FN:999,Bt
FN:1003,(anonymous_619)
FN:1004,(anonymous_620)
FN:1015,Gt
FN:1071,(anonymous_622)
FN:1076,(anonymous_623)
FN:1084,(anonymous_624)
FN:1094,(anonymous_625)
FN:1098,qt
FNF:106
FNH:0
FNDA:0,(anonymous_494)
FNDA:0,(anonymous_522)
FNDA:0,(anonymous_523)
FNDA:0,(anonymous_524)
FNDA:0,(anonymous_525)
FNDA:0,(anonymous_526)
FNDA:0,(anonymous_527)
FNDA:0,(anonymous_528)
FNDA:0,(anonymous_529)
FNDA:0,s
FNDA:0,(anonymous_531)
FNDA:0,(anonymous_532)
FNDA:0,(anonymous_533)
FNDA:0,(anonymous_534)
FNDA:0,(anonymous_535)
FNDA:0,(anonymous_536)
FNDA:0,(anonymous_537)
FNDA:0,(anonymous_538)
FNDA:0,_
FNDA:0,S
FNDA:0,k
FNDA:0,E
FNDA:0,C
FNDA:0,A
FNDA:0,P
FNDA:0,T
FNDA:0,(anonymous_547)
FNDA:0,M
FNDA:0,(anonymous_549)
FNDA:0,$
FNDA:0,(anonymous_551)
FNDA:0,(anonymous_552)
FNDA:0,(anonymous_553)
FNDA:0,(anonymous_554)
FNDA:0,U
FNDA:0,(anonymous_556)
FNDA:0,G
FNDA:0,(anonymous_558)
FNDA:0,z
FNDA:0,q
FNDA:0,W
FNDA:0,(anonymous_562)
FNDA:0,(anonymous_563)
FNDA:0,(anonymous_564)
FNDA:0,(anonymous_565)
FNDA:0,Y
FNDA:0,Z
FNDA:0,tt
FNDA:0,et
FNDA:0,nt
FNDA:0,rt
FNDA:0,ot
FNDA:0,it
FNDA:0,(anonymous_574)
FNDA:0,(anonymous_575)
FNDA:0,ct
FNDA:0,(anonymous_577)
FNDA:0,(anonymous_578)
FNDA:0,(anonymous_579)
FNDA:0,st
FNDA:0,(anonymous_581)
FNDA:0,at
FNDA:0,(anonymous_583)
FNDA:0,(anonymous_584)
FNDA:0,(anonymous_585)
FNDA:0,(anonymous_586)
FNDA:0,(anonymous_587)
FNDA:0,(anonymous_588)
FNDA:0,(anonymous_589)
FNDA:0,(anonymous_590)
FNDA:0,(anonymous_591)
FNDA:0,(anonymous_592)
FNDA:0,(anonymous_593)
FNDA:0,dt
FNDA:0,(anonymous_595)
FNDA:0,jt
FNDA:0,_t
FNDA:0,wt
FNDA:0,xt
FNDA:0,St
FNDA:0,kt
FNDA:0,Et
FNDA:0,Ct
FNDA:0,At
FNDA:0,Pt
FNDA:0,Tt
FNDA:0,(anonymous_607)
FNDA:0,(anonymous_608)
FNDA:0,Rt
FNDA:0,Ft
FNDA:0,It
FNDA:0,Nt
FNDA:0,Dt
FNDA:0,$t
FNDA:0,(anonymous_615)
FNDA:0,(anonymous_616)
FNDA:0,(anonymous_617)
FNDA:0,Bt
FNDA:0,(anonymous_619)
FNDA:0,(anonymous_620)
FNDA:0,Gt
FNDA:0,(anonymous_622)
FNDA:0,(anonymous_623)
FNDA:0,(anonymous_624)
FNDA:0,(anonymous_625)
FNDA:0,qt
DA:7,0
DA:8,0
DA:11,0
DA:21,0
DA:22,0
DA:24,0
DA:27,0
DA:30,0
DA:35,0
DA:41,0
DA:47,0
DA:48,0
DA:49,0
DA:51,0
DA:54,0
DA:56,0
DA:57,0
DA:62,0
DA:70,0
DA:88,0
DA:89,0
DA:92,0
DA:94,0
DA:95,0
DA:96,0
DA:97,0
DA:98,0
DA:99,0
DA:103,0
DA:104,0
DA:105,0
DA:106,0
DA:107,0
DA:108,0
DA:109,0
DA:119,0
DA:123,0
DA:125,0
DA:126,0
DA:132,0
DA:133,0
DA:135,0
DA:136,0
DA:139,0
DA:146,0
DA:147,0
DA:149,0
DA:150,0
DA:160,0
DA:163,0
DA:169,0
DA:170,0
DA:175,0
DA:185,0
DA:186,0
DA:187,0
DA:188,0
DA:190,0
DA:213,0
DA:214,0
DA:216,0
DA:220,0
DA:224,0
DA:225,0
DA:228,0
DA:229,0
DA:231,0
DA:232,0
DA:235,0
DA:236,0
DA:239,0
DA:242,0
DA:245,0
DA:248,0
DA:249,0
DA:270,0
DA:271,0
DA:273,0
DA:275,0
DA:276,0
DA:279,0
DA:281,0
DA:282,0
DA:294,0
DA:296,0
DA:306,0
DA:308,0
DA:314,0
DA:316,0
DA:319,0
DA:325,0
DA:326,0
DA:336,0
DA:337,0
DA:338,0
DA:346,0
DA:352,0
DA:367,0
DA:368,0
DA:369,0
DA:371,0
DA:372,0
DA:373,0
DA:375,0
DA:377,0
DA:379,0
DA:380,0
DA:381,0
DA:382,0
DA:385,0
DA:386,0
DA:396,0
DA:397,0
DA:398,0
DA:400,0
DA:403,0
DA:406,0
DA:407,0
DA:408,0
DA:410,0
DA:411,0
DA:413,0
DA:422,0
DA:424,0
DA:425,0
DA:426,0
DA:428,0
DA:429,0
DA:430,0
DA:435,0
DA:436,0
DA:438,0
DA:440,0
DA:441,0
DA:443,0
DA:452,0
DA:453,0
DA:455,0
DA:456,0
DA:457,0
DA:462,0
DA:465,0
DA:468,0
DA:478,0
DA:482,0
DA:483,0
DA:484,0
DA:488,0
DA:491,0
DA:495,0
DA:499,0
DA:501,0
DA:508,0
DA:514,0
DA:520,0
DA:523,0
DA:534,0
DA:535,0
DA:539,0
DA:540,0
DA:541,0
DA:542,0
DA:546,0
DA:547,0
DA:548,0
DA:561,0
DA:562,0
DA:563,0
DA:568,0
DA:575,0
DA:578,0
DA:579,0
DA:580,0
DA:581,0
DA:586,0
DA:589,0
DA:590,0
DA:591,0
DA:592,0
DA:593,0
DA:600,0
DA:608,0
DA:611,0
DA:612,0
DA:613,0
DA:614,0
DA:621,0
DA:623,0
DA:627,0
DA:630,0
DA:631,0
DA:632,0
DA:638,0
DA:642,0
DA:645,0
DA:646,0
DA:647,0
DA:648,0
DA:649,0
DA:651,0
DA:655,0
DA:660,0
DA:661,0
DA:662,0
DA:663,0
DA:664,0
DA:665,0
DA:666,0
DA:667,0
DA:672,0
DA:675,0
DA:676,0
DA:685,0
DA:691,0
DA:696,0
DA:700,0
DA:702,0
DA:705,0
DA:714,0
DA:716,0
DA:719,0
DA:728,0
DA:730,0
DA:733,0
DA:736,0
DA:744,0
DA:746,0
DA:749,0
DA:752,0
DA:760,0
DA:762,0
DA:767,0
DA:774,0
DA:776,0
DA:783,0
DA:784,0
DA:798,0
DA:801,0
DA:804,0
DA:822,0
DA:823,0
DA:824,0
DA:825,0
DA:827,0
DA:830,0
DA:835,0
DA:837,0
DA:841,0
DA:847,0
DA:858,0
DA:865,0
DA:877,0
DA:881,0
DA:885,0
DA:887,0
DA:890,0
DA:891,0
DA:892,0
DA:895,0
DA:896,0
DA:897,0
DA:899,0
DA:901,0
DA:904,0
DA:910,0
DA:913,0
DA:916,0
DA:917,0
DA:921,0
DA:923,0
DA:924,0
DA:927,0
DA:945,0
DA:961,0
DA:964,0
DA:967,0
DA:970,0
DA:977,0
DA:985,0
DA:988,0
DA:1000,0
DA:1002,0
DA:1003,0
DA:1005,0
DA:1006,0
DA:1016,0
DA:1072,0
DA:1077,0
DA:1086,0
DA:1092,0
DA:1095,0
DA:1101,0
DA:1102,0
DA:1114,0
DA:1119,0
DA:1123,0
LF:296
LH:0
BRDA:10,0,0,0
BRDA:13,1,0,0
BRDA:13,1,1,0
BRDA:13,1,2,0
BRDA:17,2,0,0
BRDA:17,2,1,0
BRDA:21,3,0,0
BRDA:21,3,1,0
BRDA:35,4,0,0
BRDA:35,4,1,0
BRDA:41,5,0,0
BRDA:41,5,1,0
BRDA:47,6,0,0
BRDA:47,6,1,0
BRDA:54,7,0,0
BRDA:54,7,1,0
BRDA:50,8,0,0
BRDA:50,8,1,0
BRDA:54,9,0,0
BRDA:54,9,1,0
BRDA:57,10,0,0
BRDA:57,10,1,0
BRDA:57,10,2,0
BRDA:70,11,0,0
BRDA:70,11,1,0
BRDA:71,12,0,0
BRDA:71,12,1,0
BRDA:71,12,2,0
BRDA:97,13,0,0
BRDA:97,13,1,0
BRDA:105,14,0,0
BRDA:105,14,1,0
BRDA:110,15,0,0
BRDA:110,15,1,0
BRDA:109,16,0,0
BRDA:109,16,1,0
BRDA:138,17,0,0
BRDA:146,18,0,0
BRDA:146,18,1,0
BRDA:149,19,0,0
BRDA:149,19,1,0
BRDA:155,20,0,0
BRDA:155,20,1,0
BRDA:163,21,0,0
BRDA:163,21,1,0
BRDA:170,22,0,0
BRDA:170,22,1,0
BRDA:175,23,0,0
BRDA:175,23,1,0
BRDA:177,24,0,0
BRDA:177,24,1,0
BRDA:186,25,0,0
BRDA:186,25,1,0
BRDA:225,26,0,0
BRDA:225,26,1,0
BRDA:228,27,0,0
BRDA:228,27,1,0
BRDA:232,28,0,0
BRDA:232,28,1,0
BRDA:236,29,0,0
BRDA:236,29,1,0
BRDA:245,30,0,0
BRDA:245,30,1,0
BRDA:250,31,0,0
BRDA:250,31,1,0
BRDA:250,32,0,0
BRDA:250,32,1,0
BRDA:259,33,0,0
BRDA:259,33,1,0
BRDA:271,34,0,0
BRDA:271,34,1,0
BRDA:276,35,0,0
BRDA:276,35,1,0
BRDA:281,36,0,0
BRDA:281,36,1,0
BRDA:281,37,0,0
BRDA:281,37,1,0
BRDA:283,38,0,0
BRDA:283,38,1,0
BRDA:283,38,2,0
BRDA:295,39,0,0
BRDA:295,39,1,0
BRDA:295,39,2,0
BRDA:294,40,0,0
BRDA:294,40,1,0
BRDA:302,41,0,0
BRDA:302,41,1,0
BRDA:302,42,0,0
BRDA:302,42,1,0
BRDA:298,43,0,0
BRDA:298,43,1,0
BRDA:308,44,0,0
BRDA:308,44,1,0
BRDA:310,45,0,0
BRDA:310,45,1,0
BRDA:316,46,0,0
BRDA:316,46,1,0
BRDA:325,47,0,0
BRDA:325,47,1,0
BRDA:326,48,0,0
BRDA:326,48,1,0
BRDA:338,49,0,0
BRDA:338,49,1,0
BRDA:352,50,0,0
BRDA:352,50,1,0
BRDA:353,51,0,0
BRDA:353,51,1,0
BRDA:353,51,2,0
BRDA:358,52,0,0
BRDA:358,52,1,0
BRDA:388,53,0,0
BRDA:388,53,1,0
BRDA:386,54,0,0
BRDA:386,54,1,0
BRDA:405,55,0,0
BRDA:405,56,0,0
BRDA:407,57,0,0
BRDA:407,57,1,0
BRDA:410,58,0,0
BRDA:410,58,1,0
BRDA:413,59,0,0
BRDA:413,59,1,0
BRDA:413,60,0,0
BRDA:413,60,1,0
BRDA:416,61,0,0
BRDA:416,61,1,0
BRDA:417,62,0,0
BRDA:417,62,1,0
BRDA:420,63,0,0
BRDA:420,63,1,0
BRDA:425,64,0,0
BRDA:425,64,1,0
BRDA:425,65,0,0
BRDA:425,65,1,0
BRDA:425,65,2,0
BRDA:429,66,0,0
BRDA:429,66,1,0
BRDA:429,67,0,0
BRDA:429,67,1,0
BRDA:435,68,0,0
BRDA:435,68,1,0
BRDA:432,69,0,0
BRDA:432,69,1,0
BRDA:438,70,0,0
BRDA:438,70,1,0
BRDA:440,71,0,0
BRDA:440,71,1,0
BRDA:441,72,0,0
BRDA:441,72,1,0
BRDA:447,73,0,0
BRDA:447,73,1,0
BRDA:447,74,0,0
BRDA:447,74,1,0
BRDA:454,75,0,0
BRDA:457,76,0,0
BRDA:457,76,1,0
BRDA:457,77,0,0
BRDA:457,77,1,0
BRDA:457,77,2,0
BRDA:459,78,0,0
BRDA:459,78,1,0
BRDA:459,78,2,0
BRDA:466,79,0,0
BRDA:466,79,1,0
BRDA:465,80,0,0
BRDA:465,80,1,0
BRDA:470,81,0,0
BRDA:470,81,1,0
BRDA:474,82,0,0
BRDA:474,82,1,0
BRDA:474,83,0,0
BRDA:474,83,1,0
BRDA:485,84,0,0
BRDA:485,84,1,0
BRDA:485,84,2,0
BRDA:492,85,0,0
BRDA:492,85,1,0
BRDA:492,85,2,0
BRDA:498,86,0,0
BRDA:498,86,1,0
BRDA:536,87,0,0
BRDA:536,88,0,0
BRDA:542,89,0,0
BRDA:542,89,1,0
BRDA:542,89,2,0
BRDA:543,90,0,0
BRDA:543,90,1,0
BRDA:547,91,0,0
BRDA:547,91,1,0
BRDA:547,92,0,0
BRDA:547,92,1,0
BRDA:549,93,0,0
BRDA:549,93,1,0
BRDA:552,94,0,0
BRDA:552,94,1,0
BRDA:554,95,0,0
BRDA:554,95,1,0
BRDA:560,96,0,0
BRDA:564,97,0,0
BRDA:564,97,1,0
BRDA:564,97,2,0
BRDA:565,98,0,0
BRDA:565,98,1,0
BRDA:569,99,0,0
BRDA:569,99,1,0
BRDA:570,100,0,0
BRDA:570,100,1,0
BRDA:572,101,0,0
BRDA:573,102,0,0
BRDA:573,102,1,0
BRDA:582,103,0,0
BRDA:582,103,1,0
BRDA:593,104,0,0
BRDA:593,104,1,0
BRDA:605,105,0,0
BRDA:605,105,1,0
BRDA:605,106,0,0
BRDA:605,106,1,0
BRDA:614,107,0,0
BRDA:614,107,1,0
BRDA:621,108,0,0
BRDA:621,108,1,0
BRDA:624,109,0,0
BRDA:624,109,1,0
BRDA:639,110,0,0
BRDA:639,110,1,0
BRDA:649,111,0,0
BRDA:649,111,1,0
BRDA:649,112,0,0
BRDA:649,112,1,0
BRDA:651,113,0,0
BRDA:651,113,1,0
BRDA:664,114,0,0
BRDA:664,114,1,0
BRDA:664,114,2,0
BRDA:665,115,0,0
BRDA:665,115,1,0
BRDA:667,116,0,0
BRDA:667,116,1,0
BRDA:667,117,0,0
BRDA:667,117,1,0
BRDA:672,118,0,0
BRDA:672,118,1,0
BRDA:669,119,0,0
BRDA:669,119,1,0
BRDA:677,120,0,0
BRDA:677,120,1,0
BRDA:679,121,0,0
BRDA:679,121,1,0
BRDA:696,122,0,0
BRDA:696,122,1,0
BRDA:777,123,0,0
BRDA:777,123,1,0
BRDA:778,124,0,0
BRDA:778,124,1,0
BRDA:781,125,0,0
BRDA:781,125,1,0
BRDA:784,126,0,0
BRDA:784,126,1,0
BRDA:788,127,0,0
BRDA:788,127,1,0
BRDA:791,128,0,0
BRDA:791,128,1,0
BRDA:794,129,0,0
BRDA:794,129,1,0
BRDA:793,130,0,0
BRDA:793,130,1,0
BRDA:828,131,0,0
BRDA:828,131,1,0
BRDA:828,131,2,0
BRDA:828,131,3,0
BRDA:828,131,4,0
BRDA:828,131,5,0
BRDA:828,131,6,0
BRDA:842,132,0,0
BRDA:842,132,1,0
BRDA:841,133,0,0
BRDA:841,133,1,0
BRDA:848,134,0,0
BRDA:848,134,1,0
BRDA:847,135,0,0
BRDA:847,135,1,0
BRDA:877,136,0,0
BRDA:877,136,1,0
BRDA:885,137,0,0
BRDA:885,137,1,0
BRDA:885,138,0,0
BRDA:885,138,1,0
BRDA:885,138,2,0
BRDA:891,139,0,0
BRDA:891,139,1,0
BRDA:896,140,0,0
BRDA:896,140,1,0
BRDA:899,141,0,0
BRDA:899,141,1,0
BRDA:905,142,0,0
BRDA:905,142,1,0
BRDA:905,143,0,0
BRDA:905,143,1,0
BRDA:910,144,0,0
BRDA:910,144,1,0
BRDA:913,145,0,0
BRDA:913,145,1,0
BRDA:916,146,0,0
BRDA:916,146,1,0
BRDA:917,147,0,0
BRDA:917,147,1,0
BRDA:923,148,0,0
BRDA:923,148,1,0
BRDA:924,149,0,0
BRDA:924,149,1,0
BRDA:927,150,0,0
BRDA:927,150,1,0
BRDA:929,151,0,0
BRDA:929,151,1,0
BRDA:946,152,0,0
BRDA:946,152,1,0
BRDA:961,153,0,0
BRDA:961,153,1,0
BRDA:971,154,0,0
BRDA:971,154,1,0
BRDA:980,155,0,0
BRDA:980,155,1,0
BRDA:981,156,0,0
BRDA:981,156,1,0
BRDA:988,157,0,0
BRDA:988,157,1,0
BRDA:989,158,0,0
BRDA:989,158,1,0
BRDA:991,159,0,0
BRDA:991,159,1,0
BRDA:1000,160,0,0
BRDA:1000,160,1,0
BRDA:1007,161,0,0
BRDA:1007,161,1,0
BRDA:1006,162,0,0
BRDA:1006,162,1,0
BRDA:1017,163,0,0
BRDA:1017,163,1,0
BRDA:1077,164,0,0
BRDA:1077,164,1,0
BRDA:1088,165,0,0
BRDA:1088,165,1,0
BRDA:1103,166,0,0
BRDA:1103,166,1,0
BRDA:1114,167,0,0
BRDA:1114,167,1,0
BRF:347
BRH:0
end_of_record
TN:
SF:/home/swerky/dev/simple-ecommerce/client/widget-fix/dist/js/webpack:/node_modules/@vue/runtime-core/dist/runtime-core.esm-bundler.js
FN:229,Wt
FN:260,(anonymous_628)
FN:303,Ht
FN:314,(anonymous_630)
FN:336,(anonymous_631)
FN:347,Kt
FN:373,Xt
FN:383,Yt
FN:391,Zt
FN:403,te
FN:411,(anonymous_637)
FN:451,ee
FN:630,(anonymous_639)
FN:639,(anonymous_640)
FN:653,oe
FN:712,ie
FN:726,ce
FN:734,(anonymous_644)
FN:1138,ae
FN:1163,ue
FN:1184,le
FN:1213,fe
FN:1220,(anonymous_649)
FN:1223,(anonymous_650)
FN:1251,(anonymous_651)
FN:1255,(anonymous_652)
FN:1313,(anonymous_653)
FN:1320,(anonymous_654)
FN:1324,(anonymous_655)
FN:1340,ve
FN:1351,be
FN:1355,(anonymous_658)
FN:1362,(anonymous_659)
FN:1386,(anonymous_660)
FN:1401,(anonymous_661)
FN:1426,(anonymous_662)
FN:1436,(anonymous_663)
FN:1463,(anonymous_664)
FN:1473,me
FN:1480,ge
FN:1487,ye
FN:1499,Oe
FN:1528,je
FN:1532,(anonymous_670)
FN:1670,(anonymous_671)
FN:1879,xe
FN:1881,(anonymous_673)
FN:1892,Se
FN:1895,ke
FN:1898,Ee
FN:1903,(anonymous_677)
FN:1930,Ce
FN:1934,(anonymous_679)
FN:1938,Ae
FN:1948,Pe
FN:1952,Te
FN:1959,(anonymous_683)
FN:1993,(anonymous_684)
FN:1993,(anonymous_685)
FN:2006,Ve
FN:2022,ze
FN:2148,(anonymous_688)
FN:2149,(anonymous_689)
FN:2165,(anonymous_690)
FN:2172,L
FN:2174,(anonymous_692)
FN:2195,(anonymous_693)
FN:2197,(anonymous_694)
FN:2198,(anonymous_695)
FN:2220,qe
FN:2244,(anonymous_697)
FN:2245,(anonymous_698)
FN:2267,We
FN:2269,(anonymous_700)
FN:2272,He
FN:2275,(anonymous_702)
FN:2290,(anonymous_703)
FN:2313,Ke
FN:2330,(anonymous_705)
FN:2337,Je
FN:2343,(anonymous_707)
FN:2389,Xe
FN:2396,(anonymous_709)
FN:2400,Ye
FN:2403,Ze
FN:2413,tn
FN:2416,en
FN:2419,nn
FN:2431,rn
FN:2464,on
FN:2557,cn
FN:2597,sn
FN:2632,an
FN:2644,(anonymous_720)
FN:2704,un
FN:2715,ln
FN:2719,fn
FN:2722,pn
FN:2724,(anonymous_725)
FN:2862,(anonymous_726)
FN:2863,(anonymous_727)
FN:2866,(anonymous_728)
FN:2867,(anonymous_729)
FN:2878,(anonymous_730)
FN:2894,(anonymous_731)
FN:2898,(anonymous_732)
FN:2906,(anonymous_733)
FN:2908,(anonymous_734)
FN:2930,(anonymous_735)
FN:3033,On
FN:3057,jn
FN:3079,wn
FN:3080,(anonymous_739)
FN:3096,(anonymous_740)
FN:3099,(anonymous_741)
FN:3104,(anonymous_742)
FN:3122,(anonymous_743)
FN:3137,(anonymous_744)
FN:3150,(anonymous_745)
FN:3163,(anonymous_746)
FN:3197,(anonymous_747)
FN:3210,(anonymous_748)
FN:3228,xn
FN:3230,(anonymous_750)
FN:3270,(anonymous_751)
FN:3693,Sn
FN:3730,En
FN:3740,Cn
FN:3753,(anonymous_755)
FN:3808,(anonymous_756)
FN:3819,(anonymous_757)
FN:3828,(anonymous_758)
FN:3847,(anonymous_759)
FN:3856,(anonymous_760)
FN:3865,(anonymous_761)
FN:3874,(anonymous_762)
FN:3952,(anonymous_763)
FN:3959,(anonymous_764)
FN:3982,(anonymous_765)
FN:3990,(anonymous_766)
FN:4080,(anonymous_767)
FN:4087,(anonymous_768)
FN:4111,(anonymous_769)
FN:4136,(anonymous_770)
FN:4192,(anonymous_771)
FN:4206,(anonymous_772)
FN:4247,(anonymous_773)
FN:4280,(anonymous_774)
FN:4281,(anonymous_775)
FN:4430,(anonymous_776)
FN:4300,(anonymous_777)
FN:4322,(anonymous_778)
FN:4353,(anonymous_779)
FN:4441,(anonymous_780)
FN:4460,(anonymous_781)
FN:4473,(anonymous_782)
FN:4527,(anonymous_783)
FN:4550,(anonymous_784)
FN:4721,(anonymous_785)
FN:4755,(anonymous_786)
FN:4759,(anonymous_787)
FN:4760,(anonymous_788)
FN:4761,(anonymous_789)
FN:4778,(anonymous_790)
FN:4829,(anonymous_791)
FN:4836,(anonymous_792)
FN:4846,(anonymous_793)
FN:4856,(anonymous_794)
FN:4868,(anonymous_795)
FN:4879,(anonymous_796)
FN:4901,(anonymous_797)
FN:4922,(anonymous_798)
FN:4927,(anonymous_799)
FN:4936,(anonymous_800)
FN:4971,An
FN:4985,Pn
FN:5011,Tn
FN:5053,(anonymous_804)
FN:5252,Rn
FN:5275,In
FN:5313,Nn
FN:5347,zn
FN:5350,qn
FN:5375,Hn
FN:5378,Kn
FN:5394,Jn
FN:5407,Qn
FN:5410,Xn
FN:5435,(anonymous_815)
FN:5436,(anonymous_816)
FN:5443,er
FN:5508,rr
FN:5567,or
FN:5574,ir
FN:5645,cr
FN:5651,sr
FN:5669,ar
FN:5691,ur
FN:5694,lr
FN:5752,fr
FN:5782,pr
FN:5928,(anonymous_828)
FN:5936,(anonymous_829)
FN:5937,(anonymous_830)
FN:5938,(anonymous_831)
FN:5939,(anonymous_832)
FN:5940,(anonymous_833)
FN:5941,(anonymous_834)
FN:5942,(anonymous_835)
FN:5943,(anonymous_836)
FN:5944,(anonymous_837)
FN:5945,(anonymous_838)
FN:5946,(anonymous_839)
FN:5947,(anonymous_840)
FN:5947,(anonymous_841)
FN:5948,(anonymous_842)
FN:5949,(anonymous_843)
FN:5952,(anonymous_844)
FN:6061,(anonymous_845)
FN:6094,(anonymous_846)
FN:6189,gr
FN:6275,(anonymous_848)
FN:6276,(anonymous_849)
FN:6280,(anonymous_850)
FN:6291,wr
FN:6295,Er
FN:6307,Cr
FN:6354,(anonymous_854)
FN:6357,(anonymous_855)
FN:6375,Ar
FN:6423,Pr
FN:6479,Tr
FN:6497,(anonymous_859)
FN:6503,Mr
FN:6504,(anonymous_861)
FN:6529,(anonymous_862)
FN:6538,Lr
FN:6542,(anonymous_864)
FN:6555,Rr
FN:6584,Fr
FN:6734,Ir
FN:6744,Nr
FN:6748,(anonymous_869)
FN:6760,Dr
FN:6788,$r
FN:6826,Zr
FN:6834,to
FN:6845,eo
FN:6864,no
FN:6870,ro
FN:6876,oo
FN:6891,io
FN:6894,co
FN:6897,so
FN:6919,ao
FN:6932,(anonymous_882)
FN:6944,(anonymous_883)
FN:6945,lo
FN:6959,(anonymous_885)
FN:7034,po
FN:7042,ho
FN:7062,(anonymous_888)
FN:7066,(anonymous_889)
FN:7072,(anonymous_890)
FN:7072,(anonymous_891)
FN:7090,(anonymous_892)
FN:7094,(anonymous_893)
FN:7111,(anonymous_894)
FN:7114,(anonymous_895)
FN:7115,(anonymous_896)
FN:7137,(anonymous_897)
FN:7147,(anonymous_898)
FN:7176,(anonymous_899)
FN:7180,(anonymous_900)
FN:7211,(anonymous_901)
FN:7219,vo
FN:7224,(anonymous_903)
FN:7245,bo
FN:7247,(anonymous_905)
FN:7255,mo
FN:7273,(anonymous_907)
FN:7438,go
FNF:282
FNH:0
FNDA:0,Wt
FNDA:0,(anonymous_628)
FNDA:0,Ht
FNDA:0,(anonymous_630)
FNDA:0,(anonymous_631)
FNDA:0,Kt
FNDA:0,Xt
FNDA:0,Yt
FNDA:0,Zt
FNDA:0,te
FNDA:0,(anonymous_637)
FNDA:0,ee
FNDA:0,(anonymous_639)
FNDA:0,(anonymous_640)
FNDA:0,oe
FNDA:0,ie
FNDA:0,ce
FNDA:0,(anonymous_644)
FNDA:0,ae
FNDA:0,ue
FNDA:0,le
FNDA:0,fe
FNDA:0,(anonymous_649)
FNDA:0,(anonymous_650)
FNDA:0,(anonymous_651)
FNDA:0,(anonymous_652)
FNDA:0,(anonymous_653)
FNDA:0,(anonymous_654)
FNDA:0,(anonymous_655)
FNDA:0,ve
FNDA:0,be
FNDA:0,(anonymous_658)
FNDA:0,(anonymous_659)
FNDA:0,(anonymous_660)
FNDA:0,(anonymous_661)
FNDA:0,(anonymous_662)
FNDA:0,(anonymous_663)
FNDA:0,(anonymous_664)
FNDA:0,me
FNDA:0,ge
FNDA:0,ye
FNDA:0,Oe
FNDA:0,je
FNDA:0,(anonymous_670)
FNDA:0,(anonymous_671)
FNDA:0,xe
FNDA:0,(anonymous_673)
FNDA:0,Se
FNDA:0,ke
FNDA:0,Ee
FNDA:0,(anonymous_677)
FNDA:0,Ce
FNDA:0,(anonymous_679)
FNDA:0,Ae
FNDA:0,Pe
FNDA:0,Te
FNDA:0,(anonymous_683)
FNDA:0,(anonymous_684)
FNDA:0,(anonymous_685)
FNDA:0,Ve
FNDA:0,ze
FNDA:0,(anonymous_688)
FNDA:0,(anonymous_689)
FNDA:0,(anonymous_690)
FNDA:0,L
FNDA:0,(anonymous_692)
FNDA:0,(anonymous_693)
FNDA:0,(anonymous_694)
FNDA:0,(anonymous_695)
FNDA:0,qe
FNDA:0,(anonymous_697)
FNDA:0,(anonymous_698)
FNDA:0,We
FNDA:0,(anonymous_700)
FNDA:0,He
FNDA:0,(anonymous_702)
FNDA:0,(anonymous_703)
FNDA:0,Ke
FNDA:0,(anonymous_705)
FNDA:0,Je
FNDA:0,(anonymous_707)
FNDA:0,Xe
FNDA:0,(anonymous_709)
FNDA:0,Ye
FNDA:0,Ze
FNDA:0,tn
FNDA:0,en
FNDA:0,nn
FNDA:0,rn
FNDA:0,on
FNDA:0,cn
FNDA:0,sn
FNDA:0,an
FNDA:0,(anonymous_720)
FNDA:0,un
FNDA:0,ln
FNDA:0,fn
FNDA:0,pn
FNDA:0,(anonymous_725)
FNDA:0,(anonymous_726)
FNDA:0,(anonymous_727)
FNDA:0,(anonymous_728)
FNDA:0,(anonymous_729)
FNDA:0,(anonymous_730)
FNDA:0,(anonymous_731)
FNDA:0,(anonymous_732)
FNDA:0,(anonymous_733)
FNDA:0,(anonymous_734)
FNDA:0,(anonymous_735)
FNDA:0,On
FNDA:0,jn
FNDA:0,wn
FNDA:0,(anonymous_739)
FNDA:0,(anonymous_740)
FNDA:0,(anonymous_741)
FNDA:0,(anonymous_742)
FNDA:0,(anonymous_743)
FNDA:0,(anonymous_744)
FNDA:0,(anonymous_745)
FNDA:0,(anonymous_746)
FNDA:0,(anonymous_747)
FNDA:0,(anonymous_748)
FNDA:0,xn
FNDA:0,(anonymous_750)
FNDA:0,(anonymous_751)
FNDA:0,Sn
FNDA:0,En
FNDA:0,Cn
FNDA:0,(anonymous_755)
FNDA:0,(anonymous_756)
FNDA:0,(anonymous_757)
FNDA:0,(anonymous_758)
FNDA:0,(anonymous_759)
FNDA:0,(anonymous_760)
FNDA:0,(anonymous_761)
FNDA:0,(anonymous_762)
FNDA:0,(anonymous_763)
FNDA:0,(anonymous_764)
FNDA:0,(anonymous_765)
FNDA:0,(anonymous_766)
FNDA:0,(anonymous_767)
FNDA:0,(anonymous_768)
FNDA:0,(anonymous_769)
FNDA:0,(anonymous_770)
FNDA:0,(anonymous_771)
FNDA:0,(anonymous_772)
FNDA:0,(anonymous_773)
FNDA:0,(anonymous_774)
FNDA:0,(anonymous_775)
FNDA:0,(anonymous_776)
FNDA:0,(anonymous_777)
FNDA:0,(anonymous_778)
FNDA:0,(anonymous_779)
FNDA:0,(anonymous_780)
FNDA:0,(anonymous_781)
FNDA:0,(anonymous_782)
FNDA:0,(anonymous_783)
FNDA:0,(anonymous_784)
FNDA:0,(anonymous_785)
FNDA:0,(anonymous_786)
FNDA:0,(anonymous_787)
FNDA:0,(anonymous_788)
FNDA:0,(anonymous_789)
FNDA:0,(anonymous_790)
FNDA:0,(anonymous_791)
FNDA:0,(anonymous_792)
FNDA:0,(anonymous_793)
FNDA:0,(anonymous_794)
FNDA:0,(anonymous_795)
FNDA:0,(anonymous_796)
FNDA:0,(anonymous_797)
FNDA:0,(anonymous_798)
FNDA:0,(anonymous_799)
FNDA:0,(anonymous_800)
FNDA:0,An
FNDA:0,Pn
FNDA:0,Tn
FNDA:0,(anonymous_804)
FNDA:0,Rn
FNDA:0,In
FNDA:0,Nn
FNDA:0,zn
FNDA:0,qn
FNDA:0,Hn
FNDA:0,Kn
FNDA:0,Jn
FNDA:0,Qn
FNDA:0,Xn
FNDA:0,(anonymous_815)
FNDA:0,(anonymous_816)
FNDA:0,er
FNDA:0,rr
FNDA:0,or
FNDA:0,ir
FNDA:0,cr
FNDA:0,sr
FNDA:0,ar
FNDA:0,ur
FNDA:0,lr
FNDA:0,fr
FNDA:0,pr
FNDA:0,(anonymous_828)
FNDA:0,(anonymous_829)
FNDA:0,(anonymous_830)
FNDA:0,(anonymous_831)
FNDA:0,(anonymous_832)
FNDA:0,(anonymous_833)
FNDA:0,(anonymous_834)
FNDA:0,(anonymous_835)
FNDA:0,(anonymous_836)
FNDA:0,(anonymous_837)
FNDA:0,(anonymous_838)
FNDA:0,(anonymous_839)
FNDA:0,(anonymous_840)
FNDA:0,(anonymous_841)
FNDA:0,(anonymous_842)
FNDA:0,(anonymous_843)
FNDA:0,(anonymous_844)
FNDA:0,(anonymous_845)
FNDA:0,(anonymous_846)
FNDA:0,gr
FNDA:0,(anonymous_848)
FNDA:0,(anonymous_849)
FNDA:0,(anonymous_850)
FNDA:0,wr
FNDA:0,Er
FNDA:0,Cr
FNDA:0,(anonymous_854)
FNDA:0,(anonymous_855)
FNDA:0,Ar
FNDA:0,Pr
FNDA:0,Tr
FNDA:0,(anonymous_859)
FNDA:0,Mr
FNDA:0,(anonymous_861)
FNDA:0,(anonymous_862)
FNDA:0,Lr
FNDA:0,(anonymous_864)
FNDA:0,Rr
FNDA:0,Fr
FNDA:0,Ir
FNDA:0,Nr
FNDA:0,(anonymous_869)
FNDA:0,Dr
FNDA:0,$r
FNDA:0,Zr
FNDA:0,to
FNDA:0,eo
FNDA:0,no
FNDA:0,ro
FNDA:0,oo
FNDA:0,io
FNDA:0,co
FNDA:0,so
FNDA:0,ao
FNDA:0,(anonymous_882)
FNDA:0,(anonymous_883)
FNDA:0,lo
FNDA:0,(anonymous_885)
FNDA:0,po
FNDA:0,ho
FNDA:0,(anonymous_888)
FNDA:0,(anonymous_889)
FNDA:0,(anonymous_890)
FNDA:0,(anonymous_891)
FNDA:0,(anonymous_892)
FNDA:0,(anonymous_893)
FNDA:0,(anonymous_894)
FNDA:0,(anonymous_895)
FNDA:0,(anonymous_896)
FNDA:0,(anonymous_897)
FNDA:0,(anonymous_898)
FNDA:0,(anonymous_899)
FNDA:0,(anonymous_900)
FNDA:0,(anonymous_901)
FNDA:0,vo
FNDA:0,(anonymous_903)
FNDA:0,bo
FNDA:0,(anonymous_905)
FNDA:0,mo
FNDA:0,(anonymous_907)
FNDA:0,go
DA:8,0
DA:21,0
DA:230,0
DA:252,0
DA:253,0
DA:255,0
DA:256,0
DA:257,0
DA:258,0
DA:259,0
DA:260,0
DA:280,0
DA:282,0
DA:291,0
DA:292,0
DA:293,0
DA:294,0
DA:296,0
DA:297,0
DA:299,0
DA:304,0
DA:305,0
DA:306,0
DA:307,0
DA:309,0
DA:310,0
DA:312,0
DA:313,0
DA:314,0
DA:315,0
DA:316,0
DA:318,0
DA:331,0
DA:336,0
DA:348,0
DA:361,0
DA:362,0
DA:374,0
DA:377,0
DA:384,0
DA:392,0
DA:405,0
DA:406,0
DA:408,0
DA:409,0
DA:411,0
DA:417,0
DA:420,0
DA:421,0
DA:429,0
DA:439,0
DA:452,0
DA:455,0
DA:459,0
DA:460,0
DA:463,0
DA:464,0
DA:469,0
DA:471,0
DA:492,0
DA:499,0
DA:506,0
DA:507,0
DA:508,0
DA:509,0
DA:578,0
DA:630,0
DA:632,0
DA:637,0
DA:639,0
DA:640,0
DA:641,0
DA:642,0
DA:646,0
DA:654,0
DA:655,0
DA:656,0
DA:664,0
DA:665,0
DA:667,0
DA:668,0
DA:671,0
DA:673,0
DA:674,0
DA:680,0
DA:681,0
DA:682,0
DA:683,0
DA:684,0
DA:686,0
DA:694,0
DA:710,0
DA:713,0
DA:714,0
DA:715,0
DA:717,0
DA:718,0
DA:719,0
DA:721,0
DA:724,0
DA:728,0
DA:734,0
DA:1139,0
DA:1164,0
DA:1165,0
DA:1170,0
DA:1176,0
DA:1177,0
DA:1187,0
DA:1188,0
DA:1192,0
DA:1195,0
DA:1197,0
DA:1199,0
DA:1200,0
DA:1208,0
DA:1214,0
DA:1221,0
DA:1224,0
DA:1226,0
DA:1228,0
DA:1229,0
DA:1252,0
DA:1253,0
DA:1255,0
DA:1256,0
DA:1257,0
DA:1258,0
DA:1267,0
DA:1268,0
DA:1276,0
DA:1277,0
DA:1278,0
DA:1282,0
DA:1283,0
DA:1284,0
DA:1286,0
DA:1287,0
DA:1288,0
DA:1289,0
DA:1290,0
DA:1291,0
DA:1292,0
DA:1293,0
DA:1303,0
DA:1306,0
DA:1310,0
DA:1314,0
DA:1317,0
DA:1319,0
DA:1321,0
DA:1322,0
DA:1325,0
DA:1333,0
DA:1339,0
DA:1341,0
DA:1342,0
DA:1347,0
DA:1352,0
DA:1353,0
DA:1354,0
DA:1355,0
DA:1356,0
DA:1359,0
DA:1363,0
DA:1364,0
DA:1365,0
DA:1366,0
DA:1369,0
DA:1373,0
DA:1377,0
DA:1378,0
DA:1387,0
DA:1388,0
DA:1389,0
DA:1390,0
DA:1391,0
DA:1392,0
DA:1397,0
DA:1400,0
DA:1401,0
DA:1402,0
DA:1416,0
DA:1427,0
DA:1431,0
DA:1432,0
DA:1434,0
DA:1435,0
DA:1436,0
DA:1437,0
DA:1452,0
DA:1464,0
DA:1467,0
DA:1474,0
DA:1477,0
DA:1481,0
DA:1488,0
DA:1500,0
DA:1501,0
DA:1502,0
DA:1503,0
DA:1505,0
DA:1519,0
DA:1520,0
DA:1521,0
DA:1524,0
DA:1529,0
DA:1532,0
DA:1670,0
DA:1678,0
DA:1880,0
DA:1881,0
DA:1893,0
DA:1896,0
DA:1902,0
DA:1905,0
DA:1906,0
DA:1907,0
DA:1908,0
DA:1910,0
DA:1912,0
DA:1920,0
DA:1921,0
DA:1922,0
DA:1923,0
DA:1933,0
DA:1934,0
DA:1935,0
DA:1939,0
DA:1940,0
DA:1949,0
DA:1953,0
DA:1954,0
DA:1958,0
DA:1960,0
DA:1961,0
DA:1965,0
DA:1970,0
DA:1973,0
DA:1981,0
DA:1993,0
DA:1997,0
DA:1998,0
DA:1999,0
DA:2000,0
DA:2001,0
DA:2002,0
DA:2003,0
DA:2004,0
DA:2005,0
DA:2007,0
DA:2021,0
DA:2023,0
DA:2024,0
DA:2025,0
DA:2027,0
DA:2041,0
DA:2042,0
DA:2061,0
DA:2062,0
DA:2063,0
DA:2064,0
DA:2089,0
DA:2090,0
DA:2094,0
DA:2095,0
DA:2123,0
DA:2124,0
DA:2125,0
DA:2126,0
DA:2131,0
DA:2134,0
DA:2141,0
DA:2145,0
DA:2148,0
DA:2149,0
DA:2156,0
DA:2157,0
DA:2158,0
DA:2161,0
DA:2162,0
DA:2165,0
DA:2166,0
DA:2173,0
DA:2174,0
DA:2192,0
DA:2193,0
DA:2194,0
DA:2195,0
DA:2196,0
DA:2197,0
DA:2198,0
DA:2202,0
DA:2208,0
DA:2221,0
DA:2224,0
DA:2225,0
DA:2229,0
DA:2244,0
DA:2245,0
DA:2268,0
DA:2269,0
DA:2273,0
DA:2275,0
DA:2276,0
DA:2277,0
DA:2278,0
DA:2285,0
DA:2286,0
DA:2288,0
DA:2289,0
DA:2290,0
DA:2293,0
DA:2296,0
DA:2304,0
DA:2314,0
DA:2315,0
DA:2316,0
DA:2317,0
DA:2330,0
DA:2335,0
DA:2338,0
DA:2339,0
DA:2343,0
DA:2345,0
DA:2346,0
DA:2352,0
DA:2353,0
DA:2356,0
DA:2358,0
DA:2390,0
DA:2397,0
DA:2401,0
DA:2404,0
DA:2405,0
DA:2406,0
DA:2407,0
DA:2409,0
DA:2411,0
DA:2414,0
DA:2417,0
DA:2420,0
DA:2421,0
DA:2422,0
DA:2423,0
DA:2424,0
DA:2425,0
DA:2426,0
DA:2428,0
DA:2433,0
DA:2434,0
DA:2435,0
DA:2439,0
DA:2440,0
DA:2448,0
DA:2465,0
DA:2466,0
DA:2467,0
DA:2468,0
DA:2469,0
DA:2478,0
DA:2481,0
DA:2482,0
DA:2483,0
DA:2485,0
DA:2486,0
DA:2489,0
DA:2490,0
DA:2496,0
DA:2497,0
DA:2501,0
DA:2511,0
DA:2517,0
DA:2518,0
DA:2540,0
DA:2541,0
DA:2542,0
DA:2550,0
DA:2558,0
DA:2559,0
DA:2561,0
DA:2562,0
DA:2564,0
DA:2565,0
DA:2567,0
DA:2571,0
DA:2587,0
DA:2588,0
DA:2589,0
DA:2590,0
DA:2591,0
DA:2592,0
DA:2595,0
DA:2598,0
DA:2599,0
DA:2600,0
DA:2602,0
DA:2603,0
DA:2604,0
DA:2605,0
DA:2606,0
DA:2616,0
DA:2620,0
DA:2630,0
DA:2633,0
DA:2634,0
DA:2635,0
DA:2636,0
DA:2638,0
DA:2639,0
DA:2640,0
DA:2642,0
DA:2643,0
DA:2644,0
DA:2645,0
DA:2646,0
DA:2647,0
DA:2649,0
DA:2661,0
DA:2663,0
DA:2665,0
DA:2666,0
DA:2667,0
DA:2670,0
DA:2671,0
DA:2676,0
DA:2677,0
DA:2680,0
DA:2681,0
DA:2682,0
DA:2683,0
DA:2684,0
DA:2686,0
DA:2687,0
DA:2688,0
DA:2689,0
DA:2700,0
DA:2702,0
DA:2705,0
DA:2716,0
DA:2717,0
DA:2720,0
DA:2723,0
DA:2724,0
DA:2862,0
DA:2863,0
DA:2866,0
DA:2867,0
DA:2873,0
DA:2876,0
DA:2878,0
DA:2879,0
DA:2880,0
DA:2881,0
DA:2882,0
DA:2883,0
DA:2884,0
DA:2885,0
DA:2887,0
DA:2888,0
DA:2893,0
DA:2894,0
DA:2898,0
DA:2905,0
DA:2906,0
DA:2908,0
DA:2909,0
DA:2910,0
DA:2911,0
DA:2923,0
DA:2928,0
DA:2930,0
DA:2931,0
DA:2932,0
DA:2933,0
DA:2934,0
DA:2935,0
DA:2936,0
DA:2967,0
DA:2973,0
DA:2974,0
DA:2975,0
DA:3034,0
DA:3035,0
DA:3036,0
DA:3037,0
DA:3038,0
DA:3041,0
DA:3042,0
DA:3058,0
DA:3078,0
DA:3080,0
DA:3081,0
DA:3085,0
DA:3086,0
DA:3087,0
DA:3088,0
DA:3097,0
DA:3100,0
DA:3120,0
DA:3135,0
DA:3141,0
DA:3154,0
DA:3164,0
DA:3165,0
DA:3188,0
DA:3198,0
DA:3218,0
DA:3221,0
DA:3229,0
DA:3230,0
DA:3231,0
DA:3233,0
DA:3236,0
DA:3238,0
DA:3241,0
DA:3242,0
DA:3248,0
DA:3249,0
DA:3250,0
DA:3263,0
DA:3264,0
DA:3267,0
DA:3268,0
DA:3269,0
DA:3270,0
DA:3271,0
DA:3272,0
DA:3273,0
DA:3292,0
DA:3307,0
DA:3315,0
DA:3713,0
DA:3731,0
DA:3743,0
DA:3745,0
DA:3746,0
DA:3750,0
DA:3753,0
DA:3754,0
DA:3755,0
DA:3758,0
DA:3767,0
DA:3768,0
DA:3770,0
DA:3771,0
DA:3773,0
DA:3774,0
DA:3776,0
DA:3782,0
DA:3784,0
DA:3785,0
DA:3787,0
DA:3804,0
DA:3808,0
DA:3809,0
DA:3810,0
DA:3813,0
DA:3814,0
DA:3819,0
DA:3820,0
DA:3828,0
DA:3847,0
DA:3849,0
DA:3850,0
DA:3854,0
DA:3856,0
DA:3858,0
DA:3859,0
DA:3863,0
DA:3865,0
DA:3866,0
DA:3874,0
DA:3877,0
DA:3878,0
DA:3886,0
DA:3902,0
DA:3903,0
DA:3904,0
DA:3917,0
DA:3925,0
DA:3937,0
DA:3942,0
DA:3945,0
DA:3953,0
DA:3959,0
DA:3963,0
DA:3964,0
DA:3965,0
DA:3968,0
DA:3969,0
DA:3976,0
DA:3977,0
DA:3978,0
DA:3982,0
DA:3983,0
DA:3984,0
DA:3987,0
DA:3990,0
DA:3991,0
DA:3992,0
DA:3995,0
DA:3996,0
DA:3997,0
DA:4000,0
DA:4014,0
DA:4025,0
DA:4030,0
DA:4032,0
DA:4053,0
DA:4055,0
DA:4056,0
DA:4057,0
DA:4058,0
DA:4059,0
DA:4061,0
DA:4069,0
DA:4075,0
DA:4077,0
DA:4081,0
DA:4087,0
DA:4088,0
DA:4089,0
DA:4090,0
DA:4095,0
DA:4108,0
DA:4111,0
DA:4112,0
DA:4113,0
DA:4115,0
DA:4116,0
DA:4117,0
DA:4118,0
DA:4120,0
DA:4124,0
DA:4125,0
DA:4126,0
DA:4131,0
DA:4136,0
DA:4137,0
DA:4138,0
DA:4139,0
DA:4147,0
DA:4192,0
DA:4193,0
DA:4206,0
DA:4207,0
DA:4231,0
DA:4235,0
DA:4236,0
DA:4237,0
DA:4241,0
DA:4247,0
DA:4248,0
DA:4249,0
DA:4250,0
DA:4261,0
DA:4265,0
DA:4275,0
DA:4280,0
DA:4281,0
DA:4282,0
DA:4284,0
DA:4285,0
DA:4286,0
DA:4298,0
DA:4300,0
DA:4304,0
DA:4316,0
DA:4322,0
DA:4329,0
DA:4332,0
DA:4333,0
DA:4350,0
DA:4352,0
DA:4353,0
DA:4358,0
DA:4372,0
DA:4373,0
DA:4375,0
DA:4400,0
DA:4401,0
DA:4404,0
DA:4405,0
DA:4430,0
DA:4441,0
DA:4443,0
DA:4444,0
DA:4460,0
DA:4461,0
DA:4462,0
DA:4463,0
DA:4473,0
DA:4474,0
DA:4475,0
DA:4476,0
DA:4477,0
DA:4479,0
DA:4480,0
DA:4484,0
DA:4486,0
DA:4489,0
DA:4493,0
DA:4527,0
DA:4528,0
DA:4530,0
DA:4531,0
DA:4532,0
DA:4534,0
DA:4535,0
DA:4538,0
DA:4540,0
DA:4550,0
DA:4551,0
DA:4552,0
DA:4553,0
DA:4554,0
DA:4558,0
DA:4559,0
DA:4560,0
DA:4563,0
DA:4564,0
DA:4567,0
DA:4574,0
DA:4575,0
DA:4576,0
DA:4579,0
DA:4580,0
DA:4583,0
DA:4595,0
DA:4596,0
DA:4597,0
DA:4598,0
DA:4599,0
DA:4600,0
DA:4614,0
DA:4615,0
DA:4616,0
DA:4625,0
DA:4626,0
DA:4628,0
DA:4629,0
DA:4630,0
DA:4633,0
DA:4643,0
DA:4644,0
DA:4645,0
DA:4647,0
DA:4653,0
DA:4654,0
DA:4655,0
DA:4656,0
DA:4657,0
DA:4658,0
DA:4660,0
DA:4661,0
DA:4664,0
DA:4665,0
DA:4669,0
DA:4670,0
DA:4672,0
DA:4673,0
DA:4694,0
DA:4699,0
DA:4700,0
DA:4701,0
DA:4702,0
DA:4703,0
DA:4721,0
DA:4722,0
DA:4723,0
DA:4725,0
DA:4727,0
DA:4729,0
DA:4731,0
DA:4733,0
DA:4735,0
DA:4736,0
DA:4737,0
DA:4738,0
DA:4741,0
DA:4743,0
DA:4745,0
DA:4748,0
DA:4751,0
DA:4752,0
DA:4753,0
DA:4755,0
DA:4758,0
DA:4759,0
DA:4760,0
DA:4761,0
DA:4762,0
DA:4766,0
DA:4775,0
DA:4778,0
DA:4779,0
DA:4784,0
DA:4786,0
DA:4788,0
DA:4789,0
DA:4795,0
DA:4796,0
DA:4799,0
DA:4801,0
DA:4803,0
DA:4823,0
DA:4830,0
DA:4836,0
DA:4837,0
DA:4838,0
DA:4840,0
DA:4842,0
DA:4844,0
DA:4846,0
DA:4847,0
DA:4852,0
DA:4855,0
DA:4856,0
DA:4857,0
DA:4865,0
DA:4868,0
DA:4872,0
DA:4873,0
DA:4877,0
DA:4879,0
DA:4883,0
DA:4885,0
DA:4902,0
DA:4922,0
DA:4923,0
DA:4924,0
DA:4927,0
DA:4928,0
DA:4936,0
DA:4937,0
DA:4948,0
DA:4965,0
DA:4972,0
DA:4986,0
DA:4987,0
DA:4988,0
DA:4989,0
DA:4992,0
DA:4993,0
DA:4994,0
DA:5012,0
DA:5013,0
DA:5015,0
DA:5016,0
DA:5017,0
DA:5018,0
DA:5020,0
DA:5021,0
DA:5023,0
DA:5025,0
DA:5027,0
DA:5028,0
DA:5036,0
DA:5044,0
DA:5046,0
DA:5047,0
DA:5050,0
DA:5053,0
DA:5247,0
DA:5253,0
DA:5255,0
DA:5276,0
DA:5277,0
DA:5278,0
DA:5280,0
DA:5281,0
DA:5282,0
DA:5286,0
DA:5292,0
DA:5295,0
DA:5314,0
DA:5320,0
DA:5321,0
DA:5322,0
DA:5323,0
DA:5329,0
DA:5330,0
DA:5348,0
DA:5351,0
DA:5358,0
DA:5376,0
DA:5389,0
DA:5395,0
DA:5408,0
DA:5417,0
DA:5434,0
DA:5435,0
DA:5436,0
DA:5437,0
DA:5444,0
DA:5505,0
DA:5507,0
DA:5515,0
DA:5519,0
DA:5523,0
DA:5530,0
DA:5532,0
DA:5533,0
DA:5534,0
DA:5547,0
DA:5565,0
DA:5568,0
DA:5577,0
DA:5578,0
DA:5579,0
DA:5629,0
DA:5646,0
DA:5654,0
DA:5656,0
DA:5670,0
DA:5692,0
DA:5695,0
DA:5696,0
DA:5697,0
DA:5698,0
DA:5700,0
DA:5701,0
DA:5703,0
DA:5704,0
DA:5706,0
DA:5713,0
DA:5716,0
DA:5717,0
DA:5718,0
DA:5734,0
DA:5749,0
DA:5753,0
DA:5754,0
DA:5755,0
DA:5756,0
DA:5757,0
DA:5758,0
DA:5762,0
DA:5763,0
DA:5765,0
DA:5766,0
DA:5767,0
DA:5768,0
DA:5775,0
DA:5780,0
DA:5783,0
DA:5928,0
DA:5929,0
DA:5935,0
DA:5936,0
DA:5937,0
DA:5938,0
DA:5939,0
DA:5940,0
DA:5941,0
DA:5942,0
DA:5943,0
DA:5944,0
DA:5945,0
DA:5946,0
DA:5947,0
DA:5948,0
DA:5949,0
DA:5951,0
DA:5953,0
DA:5975,0
DA:5976,0
DA:5977,0
DA:5978,0
DA:5980,0
DA:5982,0
DA:5984,0
DA:5986,0
DA:5990,0
DA:5992,0
DA:5994,0
DA:5996,0
DA:5998,0
DA:6004,0
DA:6006,0
DA:6008,0
DA:6010,0
DA:6014,0
DA:6017,0
DA:6062,0
DA:6063,0
DA:6064,0
DA:6066,0
DA:6067,0
DA:6069,0
DA:6072,0
DA:6074,0
DA:6096,0
DA:6187,0
DA:6188,0
DA:6190,0
DA:6192,0
DA:6193,0
DA:6272,0
DA:6274,0
DA:6275,0
DA:6276,0
DA:6277,0
DA:6280,0
DA:6281,0
DA:6292,0
DA:6294,0
DA:6296,0
DA:6297,0
DA:6298,0
DA:6299,0
DA:6301,0
DA:6305,0
DA:6308,0
DA:6332,0
DA:6340,0
DA:6341,0
DA:6342,0
DA:6344,0
DA:6346,0
DA:6349,0
DA:6351,0
DA:6353,0
DA:6355,0
DA:6358,0
DA:6364,0
DA:6368,0
DA:6372,0
DA:6376,0
DA:6424,0
DA:6427,0
DA:6430,0
DA:6431,0
DA:6432,0
DA:6433,0
DA:6436,0
DA:6437,0
DA:6438,0
DA:6442,0
DA:6448,0
DA:6458,0
DA:6480,0
DA:6499,0
DA:6504,0
DA:6508,0
DA:6528,0
DA:6530,0
DA:6539,0
DA:6540,0
DA:6543,0
DA:6556,0
DA:6585,0
DA:6736,0
DA:6737,0
DA:6740,0
DA:6742,0
DA:6745,0
DA:6746,0
DA:6749,0
DA:6752,0
DA:6754,0
DA:6755,0
DA:6756,0
DA:6758,0
DA:6761,0
DA:6762,0
DA:6763,0
DA:6765,0
DA:6767,0
DA:6768,0
DA:6769,0
DA:6770,0
DA:6771,0
DA:6772,0
DA:6773,0
DA:6777,0
DA:6780,0
DA:6781,0
DA:6783,0
DA:6786,0
DA:6808,0
DA:6812,0
DA:6813,0
DA:6814,0
DA:6815,0
DA:6816,0
DA:6817,0
DA:6818,0
DA:6819,0
DA:6820,0
DA:6821,0
DA:6822,0
DA:6823,0
DA:6824,0
DA:6827,0
DA:6828,0
DA:6836,0
DA:6837,0
DA:6838,0
DA:6839,0
DA:6840,0
DA:6841,0
DA:6843,0
DA:6852,0
DA:6865,0
DA:6871,0
DA:6872,0
DA:6877,0
DA:6892,0
DA:6895,0
DA:6898,0
DA:6905,0
DA:6910,0
DA:6912,0
DA:6920,0
DA:6921,0
DA:6924,0
DA:6926,0
DA:6932,0
DA:6933,0
DA:6938,0
DA:6940,0
DA:6944,0
DA:6946,0
DA:6959,0
DA:6967,0
DA:6968,0
DA:6969,0
DA:6970,0
DA:6971,0
DA:6981,0
DA:7032,0
DA:7040,0
DA:7057,0
DA:7059,0
DA:7060,0
DA:7062,0
DA:7066,0
DA:7072,0
DA:7073,0
DA:7090,0
DA:7095,0
DA:7101,0
DA:7109,0
DA:7110,0
DA:7111,0
DA:7114,0
DA:7115,0
DA:7116,0
DA:7121,0
DA:7134,0
DA:7136,0
DA:7137,0
DA:7138,0
DA:7141,0
DA:7143,0
DA:7147,0
DA:7165,0
DA:7170,0
DA:7176,0
DA:7180,0
DA:7191,0
DA:7211,0
DA:7212,0
DA:7220,0
DA:7221,0
DA:7224,0
DA:7227,0
DA:7234,0
DA:7235,0
DA:7236,0
DA:7243,0
DA:7246,0
DA:7247,0
DA:7248,0
DA:7249,0
DA:7250,0
DA:7252,0
DA:7256,0
DA:7257,0
DA:7260,0
DA:7261,0
DA:7264,0
DA:7265,0
DA:7267,0
DA:7268,0
DA:7269,0
DA:7272,0
DA:7273,0
DA:7274,0
DA:7277,0
DA:7278,0
DA:7279,0
DA:7282,0
DA:7439,0
DA:7440,0
DA:7465,0
DA:7694,0
LF:1199
LH:0
BRDA:230,0,0,0
BRDA:230,0,1,0
BRDA:255,1,0,0
BRDA:255,1,1,0
BRDA:256,2,0,0
BRDA:256,2,1,0
BRDA:256,3,0,0
BRDA:256,3,1,0
BRDA:257,4,0,0
BRDA:257,4,1,0
BRDA:258,5,0,0
BRDA:258,5,1,0
BRDA:260,6,0,0
BRDA:260,6,1,0
BRDA:262,7,0,0
BRDA:262,7,1,0
BRDA:280,8,0,0
BRDA:280,8,1,0
BRDA:282,9,0,0
BRDA:282,9,1,0
BRDA:282,9,2,0
BRDA:288,10,0,0
BRDA:288,10,1,0
BRDA:292,11,0,0
BRDA:292,11,1,0
BRDA:293,12,0,0
BRDA:293,12,1,0
BRDA:296,13,0,0
BRDA:296,13,1,0
BRDA:303,14,0,0
BRDA:306,15,0,0
BRDA:306,15,1,0
BRDA:313,16,0,0
BRDA:313,16,1,0
BRDA:316,17,0,0
BRDA:316,17,1,0
BRDA:318,18,0,0
BRDA:318,18,1,0
BRDA:318,18,2,0
BRDA:324,19,0,0
BRDA:324,19,1,0
BRDA:327,20,0,0
BRDA:327,20,1,0
BRDA:335,21,0,0
BRDA:335,21,1,0
BRDA:331,22,0,0
BRDA:331,22,1,0
BRDA:336,23,0,0
BRDA:336,23,1,0
BRDA:348,24,0,0
BRDA:348,24,1,0
BRDA:348,25,0,0
BRDA:348,25,1,0
BRDA:352,26,0,0
BRDA:352,26,1,0
BRDA:352,26,2,0
BRDA:376,27,0,0
BRDA:376,27,1,0
BRDA:376,27,2,0
BRDA:403,28,0,0
BRDA:405,29,0,0
BRDA:405,29,1,0
BRDA:408,30,0,0
BRDA:408,30,1,0
BRDA:417,31,0,0
BRDA:417,31,1,0
BRDA:423,32,0,0
BRDA:423,32,1,0
BRDA:460,33,0,0
BRDA:460,33,1,0
BRDA:463,34,0,0
BRDA:463,34,1,0
BRDA:475,35,0,0
BRDA:475,35,1,0
BRDA:487,36,0,0
BRDA:487,36,1,0
BRDA:506,37,0,0
BRDA:506,37,1,0
BRDA:506,38,0,0
BRDA:506,38,1,0
BRDA:509,39,0,0
BRDA:509,39,1,0
BRDA:509,39,2,0
BRDA:511,40,0,0
BRDA:511,40,1,0
BRDA:511,40,2,0
BRDA:556,41,0,0
BRDA:556,41,1,0
BRDA:561,42,0,0
BRDA:561,42,1,0
BRDA:564,43,0,0
BRDA:564,43,1,0
BRDA:633,44,0,0
BRDA:633,44,1,0
BRDA:633,44,2,0
BRDA:633,44,3,0
BRDA:634,45,0,0
BRDA:634,45,1,0
BRDA:642,46,0,0
BRDA:642,46,1,0
BRDA:642,46,2,0
BRDA:664,47,0,0
BRDA:664,47,1,0
BRDA:664,48,0,0
BRDA:664,48,1,0
BRDA:667,49,0,0
BRDA:667,49,1,0
BRDA:667,50,0,0
BRDA:667,50,1,0
BRDA:694,51,0,0
BRDA:694,51,1,0
BRDA:694,51,2,0
BRDA:694,52,0,0
BRDA:694,52,1,0
BRDA:694,52,2,0
BRDA:694,52,3,0
BRDA:702,53,0,0
BRDA:702,53,1,0
BRDA:702,54,0,0
BRDA:702,54,1,0
BRDA:668,55,0,0
BRDA:668,55,1,0
BRDA:673,56,0,0
BRDA:673,56,1,0
BRDA:678,57,0,0
BRDA:678,57,1,0
BRDA:680,58,0,0
BRDA:680,58,1,0
BRDA:684,59,0,0
BRDA:684,59,1,0
BRDA:684,60,0,0
BRDA:684,60,1,0
BRDA:714,61,0,0
BRDA:714,61,1,0
BRDA:719,62,0,0
BRDA:719,62,1,0
BRDA:719,63,0,0
BRDA:719,63,1,0
BRDA:728,64,0,0
BRDA:728,64,1,0
BRDA:1140,65,0,0
BRDA:1140,65,1,0
BRDA:1139,66,0,0
BRDA:1139,66,1,0
BRDA:1141,67,0,0
BRDA:1141,67,1,0
BRDA:1164,68,0,0
BRDA:1164,68,1,0
BRDA:1176,69,0,0
BRDA:1176,69,1,0
BRDA:1177,70,0,0
BRDA:1177,70,1,0
BRDA:1184,71,0,0
BRDA:1187,72,0,0
BRDA:1187,72,1,0
BRDA:1188,73,0,0
BRDA:1188,73,1,0
BRDA:1193,74,0,0
BRDA:1193,74,1,0
BRDA:1193,75,0,0
BRDA:1193,75,1,0
BRDA:1195,76,0,0
BRDA:1195,76,1,0
BRDA:1195,77,0,0
BRDA:1195,77,1,0
BRDA:1199,78,0,0
BRDA:1199,78,1,0
BRDA:1201,79,0,0
BRDA:1201,79,1,0
BRDA:1200,80,0,0
BRDA:1200,80,1,0
BRDA:1256,81,0,0
BRDA:1256,81,1,0
BRDA:1257,82,0,0
BRDA:1257,82,1,0
BRDA:1257,83,0,0
BRDA:1257,83,1,0
BRDA:1277,84,0,0
BRDA:1277,84,1,0
BRDA:1283,85,0,0
BRDA:1283,85,1,0
BRDA:1289,86,0,0
BRDA:1289,86,1,0
BRDA:1292,87,0,0
BRDA:1292,87,1,0
BRDA:1295,88,0,0
BRDA:1295,88,1,0
BRDA:1297,89,0,0
BRDA:1297,89,1,0
BRDA:1303,90,0,0
BRDA:1303,90,1,0
BRDA:1303,91,0,0
BRDA:1303,91,1,0
BRDA:1303,91,2,0
BRDA:1303,91,3,0
BRDA:1310,92,0,0
BRDA:1310,92,1,0
BRDA:1319,93,0,0
BRDA:1319,93,1,0
BRDA:1319,93,2,0
BRDA:1343,94,0,0
BRDA:1343,94,1,0
BRDA:1352,95,0,0
BRDA:1356,96,0,0
BRDA:1356,96,1,0
BRDA:1364,97,0,0
BRDA:1364,97,1,0
BRDA:1365,98,0,0
BRDA:1365,98,1,0
BRDA:1366,99,0,0
BRDA:1366,99,1,0
BRDA:1373,100,0,0
BRDA:1373,100,1,0
BRDA:1378,101,0,0
BRDA:1378,101,1,0
BRDA:1378,101,2,0
BRDA:1378,101,3,0
BRDA:1390,102,0,0
BRDA:1390,102,1,0
BRDA:1391,103,0,0
BRDA:1391,103,1,0
BRDA:1392,104,0,0
BRDA:1392,104,1,0
BRDA:1393,105,0,0
BRDA:1393,105,1,0
BRDA:1394,106,0,0
BRDA:1394,106,1,0
BRDA:1402,107,0,0
BRDA:1402,107,1,0
BRDA:1406,108,0,0
BRDA:1406,108,1,0
BRDA:1411,109,0,0
BRDA:1411,109,1,0
BRDA:1417,110,0,0
BRDA:1417,110,1,0
BRDA:1418,111,0,0
BRDA:1418,111,1,0
BRDA:1431,112,0,0
BRDA:1431,112,1,0
BRDA:1428,113,0,0
BRDA:1428,113,1,0
BRDA:1437,114,0,0
BRDA:1437,114,1,0
BRDA:1442,115,0,0
BRDA:1442,115,1,0
BRDA:1448,116,0,0
BRDA:1448,116,1,0
BRDA:1454,117,0,0
BRDA:1454,117,1,0
BRDA:1455,118,0,0
BRDA:1455,118,1,0
BRDA:1474,119,0,0
BRDA:1474,119,1,0
BRDA:1482,120,0,0
BRDA:1482,120,1,0
BRDA:1483,121,0,0
BRDA:1483,121,1,0
BRDA:1489,122,0,0
BRDA:1489,122,1,0
BRDA:1488,123,0,0
BRDA:1488,123,1,0
BRDA:1492,124,0,0
BRDA:1492,124,1,0
BRDA:1499,125,0,0
BRDA:1506,126,0,0
BRDA:1506,126,1,0
BRDA:1506,127,0,0
BRDA:1506,127,1,0
BRDA:1511,128,0,0
BRDA:1511,128,1,0
BRDA:1511,128,2,0
BRDA:1519,129,0,0
BRDA:1519,129,1,0
BRDA:1529,130,0,0
BRDA:1529,130,1,0
BRDA:1881,131,0,0
BRDA:1881,131,1,0
BRDA:1884,132,0,0
BRDA:1884,132,1,0
BRDA:1884,133,0,0
BRDA:1884,133,1,0
BRDA:1898,134,0,0
BRDA:1902,135,0,0
BRDA:1902,135,1,0
BRDA:1907,136,0,0
BRDA:1907,136,1,0
BRDA:1920,137,0,0
BRDA:1920,137,1,0
BRDA:1922,138,0,0
BRDA:1922,138,1,0
BRDA:1923,139,0,0
BRDA:1923,139,1,0
BRDA:1940,140,0,0
BRDA:1940,140,1,0
BRDA:1943,141,0,0
BRDA:1943,141,1,0
BRDA:1949,142,0,0
BRDA:1949,142,1,0
BRDA:1952,143,0,0
BRDA:1952,144,0,0
BRDA:1953,145,0,0
BRDA:1953,145,1,0
BRDA:1954,146,0,0
BRDA:1954,146,1,0
BRDA:1958,147,0,0
BRDA:1958,147,1,0
BRDA:1960,148,0,0
BRDA:1960,148,1,0
BRDA:1976,149,0,0
BRDA:1976,149,1,0
BRDA:1993,150,0,0
BRDA:1993,151,0,0
BRDA:1993,151,1,0
BRDA:1993,151,2,0
BRDA:2006,152,0,0
BRDA:2030,153,0,0
BRDA:2030,153,1,0
BRDA:2061,154,0,0
BRDA:2061,154,1,0
BRDA:2058,155,0,0
BRDA:2058,155,1,0
BRDA:2064,156,0,0
BRDA:2064,156,1,0
BRDA:2089,157,0,0
BRDA:2089,157,1,0
BRDA:2100,158,0,0
BRDA:2100,158,1,0
BRDA:2123,159,0,0
BRDA:2123,159,1,0
BRDA:2127,160,0,0
BRDA:2127,160,1,0
BRDA:2129,161,0,0
BRDA:2129,161,1,0
BRDA:2135,162,0,0
BRDA:2135,162,1,0
BRDA:2134,163,0,0
BRDA:2134,163,1,0
BRDA:2156,164,0,0
BRDA:2156,164,1,0
BRDA:2161,165,0,0
BRDA:2161,165,1,0
BRDA:2163,166,0,0
BRDA:2163,166,1,0
BRDA:2174,167,0,0
BRDA:2174,167,1,0
BRDA:2176,168,0,0
BRDA:2176,168,1,0
BRDA:2192,169,0,0
BRDA:2192,169,1,0
BRDA:2169,170,0,0
BRDA:2169,170,1,0
BRDA:2193,171,0,0
BRDA:2193,171,1,0
BRDA:2194,172,0,0
BRDA:2194,172,1,0
BRDA:2202,173,0,0
BRDA:2202,173,1,0
BRDA:2208,174,0,0
BRDA:2208,174,1,0
BRDA:2208,174,2,0
BRDA:2211,175,0,0
BRDA:2211,175,1,0
BRDA:2215,176,0,0
BRDA:2215,176,1,0
BRDA:2217,177,0,0
BRDA:2217,177,1,0
BRDA:2220,178,0,0
BRDA:2220,179,0,0
BRDA:2221,180,0,0
BRDA:2221,180,1,0
BRDA:2228,181,0,0
BRDA:2228,181,1,0
BRDA:2229,182,0,0
BRDA:2229,182,1,0
BRDA:2229,183,0,0
BRDA:2229,183,1,0
BRDA:2232,184,0,0
BRDA:2232,184,1,0
BRDA:2241,185,0,0
BRDA:2241,185,1,0
BRDA:2238,186,0,0
BRDA:2238,186,1,0
BRDA:2269,187,0,0
BRDA:2269,187,1,0
BRDA:2274,188,0,0
BRDA:2274,188,1,0
BRDA:2276,189,0,0
BRDA:2276,189,1,0
BRDA:2278,190,0,0
BRDA:2278,190,1,0
BRDA:2285,191,0,0
BRDA:2285,191,1,0
BRDA:2288,192,0,0
BRDA:2288,192,1,0
BRDA:2289,193,0,0
BRDA:2289,193,1,0
BRDA:2294,194,0,0
BRDA:2294,194,1,0
BRDA:2296,195,0,0
BRDA:2296,195,1,0
BRDA:2320,196,0,0
BRDA:2320,196,1,0
BRDA:2328,197,0,0
BRDA:2328,197,1,0
BRDA:2322,198,0,0
BRDA:2322,198,1,0
BRDA:2322,198,2,0
BRDA:2329,199,0,0
BRDA:2329,199,1,0
BRDA:2337,200,0,0
BRDA:2339,201,0,0
BRDA:2339,201,1,0
BRDA:2342,202,0,0
BRDA:2342,202,1,0
BRDA:2346,203,0,0
BRDA:2346,203,1,0
BRDA:2346,204,0,0
BRDA:2346,204,1,0
BRDA:2352,205,0,0
BRDA:2352,205,1,0
BRDA:2352,205,2,0
BRDA:2353,206,0,0
BRDA:2353,206,1,0
BRDA:2393,207,0,0
BRDA:2393,207,1,0
BRDA:2396,208,0,0
BRDA:2396,208,1,0
BRDA:2397,209,0,0
BRDA:2397,209,1,0
BRDA:2397,210,0,0
BRDA:2397,210,1,0
BRDA:2404,211,0,0
BRDA:2404,211,1,0
BRDA:2414,212,0,0
BRDA:2414,212,1,0
BRDA:2417,213,0,0
BRDA:2417,213,1,0
BRDA:2420,214,0,0
BRDA:2420,214,1,0
BRDA:2422,215,0,0
BRDA:2422,215,1,0
BRDA:2432,216,0,0
BRDA:2440,217,0,0
BRDA:2440,217,1,0
BRDA:2450,218,0,0
BRDA:2450,218,1,0
BRDA:2450,219,0,0
BRDA:2450,219,1,0
BRDA:2459,220,0,0
BRDA:2459,220,1,0
BRDA:2469,221,0,0
BRDA:2469,221,1,0
BRDA:2469,222,0,0
BRDA:2469,222,1,0
BRDA:2476,223,0,0
BRDA:2476,223,1,0
BRDA:2511,224,0,0
BRDA:2511,224,1,0
BRDA:2518,225,0,0
BRDA:2518,225,1,0
BRDA:2518,225,2,0
BRDA:2518,225,3,0
BRDA:2518,225,4,0
BRDA:2524,226,0,0
BRDA:2524,226,1,0
BRDA:2524,227,0,0
BRDA:2524,227,1,0
BRDA:2524,227,2,0
BRDA:2524,227,3,0
BRDA:2540,228,0,0
BRDA:2540,228,1,0
BRDA:2542,229,0,0
BRDA:2542,229,1,0
BRDA:2542,229,2,0
BRDA:2478,230,0,0
BRDA:2478,230,1,0
BRDA:2486,231,0,0
BRDA:2486,231,1,0
BRDA:2489,232,0,0
BRDA:2489,232,1,0
BRDA:2490,233,0,0
BRDA:2490,233,1,0
BRDA:2501,234,0,0
BRDA:2501,234,1,0
BRDA:2550,235,0,0
BRDA:2550,235,1,0
BRDA:2561,236,0,0
BRDA:2561,236,1,0
BRDA:2564,237,0,0
BRDA:2564,237,1,0
BRDA:2572,238,0,0
BRDA:2572,238,1,0
BRDA:2571,239,0,0
BRDA:2571,239,1,0
BRDA:2572,240,0,0
BRDA:2572,240,1,0
BRDA:2572,241,0,0
BRDA:2572,241,1,0
BRDA:2576,242,0,0
BRDA:2576,242,1,0
BRDA:2579,243,0,0
BRDA:2579,243,1,0
BRDA:2579,243,2,0
BRDA:2579,243,3,0
BRDA:2587,244,0,0
BRDA:2587,244,1,0
BRDA:2589,245,0,0
BRDA:2589,245,1,0
BRDA:2599,246,0,0
BRDA:2599,246,1,0
BRDA:2602,247,0,0
BRDA:2602,247,1,0
BRDA:2602,248,0,0
BRDA:2602,248,1,0
BRDA:2604,249,0,0
BRDA:2604,249,1,0
BRDA:2604,250,0,0
BRDA:2604,250,1,0
BRDA:2607,251,0,0
BRDA:2607,251,1,0
BRDA:2620,252,0,0
BRDA:2620,252,1,0
BRDA:2622,253,0,0
BRDA:2622,253,1,0
BRDA:2621,254,0,0
BRDA:2621,254,1,0
BRDA:2622,255,0,0
BRDA:2622,255,1,0
BRDA:2622,255,2,0
BRDA:2622,255,3,0
BRDA:2632,256,0,0
BRDA:2635,257,0,0
BRDA:2635,257,1,0
BRDA:2643,258,0,0
BRDA:2643,258,1,0
BRDA:2648,259,0,0
BRDA:2648,259,1,0
BRDA:2649,260,0,0
BRDA:2649,260,1,0
BRDA:2649,260,2,0
BRDA:2654,261,0,0
BRDA:2654,261,1,0
BRDA:2657,262,0,0
BRDA:2657,262,1,0
BRDA:2661,263,0,0
BRDA:2661,263,1,0
BRDA:2661,264,0,0
BRDA:2661,264,1,0
BRDA:2665,265,0,0
BRDA:2665,265,1,0
BRDA:2671,266,0,0
BRDA:2671,266,1,0
BRDA:2676,267,0,0
BRDA:2676,267,1,0
BRDA:2682,268,0,0
BRDA:2682,268,1,0
BRDA:2685,269,0,0
BRDA:2685,269,1,0
BRDA:2685,270,0,0
BRDA:2685,270,1,0
BRDA:2686,271,0,0
BRDA:2686,271,1,0
BRDA:2691,272,0,0
BRDA:2691,272,1,0
BRDA:2693,273,0,0
BRDA:2693,273,1,0
BRDA:2693,273,2,0
BRDA:2716,274,0,0
BRDA:2716,274,1,0
BRDA:2717,275,0,0
BRDA:2717,275,1,0
BRDA:2717,276,0,0
BRDA:2717,276,1,0
BRDA:2724,277,0,0
BRDA:2724,277,1,0
BRDA:2727,278,0,0
BRDA:2727,278,1,0
BRDA:2726,279,0,0
BRDA:2726,279,1,0
BRDA:2862,280,0,0
BRDA:2862,280,1,0
BRDA:2864,281,0,0
BRDA:2864,281,1,0
BRDA:2881,282,0,0
BRDA:2881,282,1,0
BRDA:2884,283,0,0
BRDA:2884,283,1,0
BRDA:2887,284,0,0
BRDA:2887,284,1,0
BRDA:2909,285,0,0
BRDA:2909,285,1,0
BRDA:2914,286,0,0
BRDA:2914,286,1,0
BRDA:2924,287,0,0
BRDA:2924,287,1,0
BRDA:2934,288,0,0
BRDA:2934,288,1,0
BRDA:2943,289,0,0
BRDA:2943,289,1,0
BRDA:2946,290,0,0
BRDA:2946,290,1,0
BRDA:2943,291,0,0
BRDA:2943,291,1,0
BRDA:2956,292,0,0
BRDA:2956,292,1,0
BRDA:2956,292,2,0
BRDA:2967,293,0,0
BRDA:2967,293,1,0
BRDA:2973,294,0,0
BRDA:2973,294,1,0
BRDA:2975,295,0,0
BRDA:2975,295,1,0
BRDA:2975,295,2,0
BRDA:3035,296,0,0
BRDA:3035,296,1,0
BRDA:3038,297,0,0
BRDA:3038,297,1,0
BRDA:3042,298,0,0
BRDA:3042,298,1,0
BRDA:3080,299,0,0
BRDA:3081,300,0,0
BRDA:3081,300,1,0
BRDA:3081,300,2,0
BRDA:3105,301,0,0
BRDA:3105,301,1,0
BRDA:3109,302,0,0
BRDA:3109,302,1,0
BRDA:3108,303,0,0
BRDA:3108,303,1,0
BRDA:3112,304,0,0
BRDA:3112,304,1,0
BRDA:3124,305,0,0
BRDA:3124,305,1,0
BRDA:3147,306,0,0
BRDA:3147,306,1,0
BRDA:3160,307,0,0
BRDA:3160,307,1,0
BRDA:3164,308,0,0
BRDA:3164,308,1,0
BRDA:3176,309,0,0
BRDA:3176,309,1,0
BRDA:3175,310,0,0
BRDA:3175,310,1,0
BRDA:3188,311,0,0
BRDA:3188,311,1,0
BRDA:3198,312,0,0
BRDA:3198,312,1,0
BRDA:3228,313,0,0
BRDA:3229,314,0,0
BRDA:3229,314,1,0
BRDA:3230,315,0,0
BRDA:3230,315,1,0
BRDA:3230,316,0,0
BRDA:3230,316,1,0
BRDA:3233,317,0,0
BRDA:3233,317,1,0
BRDA:3233,318,0,0
BRDA:3233,318,1,0
BRDA:3239,319,0,0
BRDA:3239,319,1,0
BRDA:3239,320,0,0
BRDA:3239,320,1,0
BRDA:3241,321,0,0
BRDA:3241,321,1,0
BRDA:3248,322,0,0
BRDA:3248,322,1,0
BRDA:3249,323,0,0
BRDA:3249,323,1,0
BRDA:3263,324,0,0
BRDA:3263,324,1,0
BRDA:3252,325,0,0
BRDA:3252,325,1,0
BRDA:3252,325,2,0
BRDA:3254,326,0,0
BRDA:3254,326,1,0
BRDA:3255,327,0,0
BRDA:3255,327,1,0
BRDA:3259,328,0,0
BRDA:3259,328,1,0
BRDA:3269,329,0,0
BRDA:3269,329,1,0
BRDA:3269,330,0,0
BRDA:3269,330,1,0
BRDA:3271,331,0,0
BRDA:3271,331,1,0
BRDA:3272,332,0,0
BRDA:3272,332,1,0
BRDA:3274,333,0,0
BRDA:3274,333,1,0
BRDA:3274,334,0,0
BRDA:3274,334,1,0
BRDA:3287,335,0,0
BRDA:3287,335,1,0
BRDA:3287,336,0,0
BRDA:3287,336,1,0
BRDA:3279,337,0,0
BRDA:3279,337,1,0
BRDA:3283,338,0,0
BRDA:3283,338,1,0
BRDA:3293,339,0,0
BRDA:3293,339,1,0
BRDA:3294,340,0,0
BRDA:3294,340,1,0
BRDA:3298,341,0,0
BRDA:3298,341,1,0
BRDA:3300,342,0,0
BRDA:3300,342,1,0
BRDA:3308,343,0,0
BRDA:3308,343,1,0
BRDA:3750,344,0,0
BRDA:3753,345,0,0
BRDA:3753,346,0,0
BRDA:3753,347,0,0
BRDA:3753,348,0,0
BRDA:3753,349,0,0
BRDA:3753,350,0,0
BRDA:3754,351,0,0
BRDA:3754,351,1,0
BRDA:3758,352,0,0
BRDA:3758,352,1,0
BRDA:3758,352,2,0
BRDA:3761,353,0,0
BRDA:3761,353,1,0
BRDA:3769,354,0,0
BRDA:3769,354,1,0
BRDA:3769,354,2,0
BRDA:3769,354,3,0
BRDA:3769,354,4,0
BRDA:3776,355,0,0
BRDA:3776,355,1,0
BRDA:3788,356,0,0
BRDA:3788,356,1,0
BRDA:3791,357,0,0
BRDA:3791,357,1,0
BRDA:3793,358,0,0
BRDA:3793,358,1,0
BRDA:3793,358,2,0
BRDA:3804,359,0,0
BRDA:3804,359,1,0
BRDA:3804,359,2,0
BRDA:3805,360,0,0
BRDA:3805,360,1,0
BRDA:3805,361,0,0
BRDA:3805,361,1,0
BRDA:3809,362,0,0
BRDA:3809,362,1,0
BRDA:3814,363,0,0
BRDA:3814,363,1,0
BRDA:3821,364,0,0
BRDA:3821,364,1,0
BRDA:3821,365,0,0
BRDA:3821,365,1,0
BRDA:3849,366,0,0
BRDA:3849,366,1,0
BRDA:3858,367,0,0
BRDA:3858,367,1,0
BRDA:3866,368,0,0
BRDA:3866,368,1,0
BRDA:3868,369,0,0
BRDA:3868,369,1,0
BRDA:3878,370,0,0
BRDA:3878,370,1,0
BRDA:3879,371,0,0
BRDA:3879,371,1,0
BRDA:3879,371,2,0
BRDA:3902,372,0,0
BRDA:3902,372,1,0
BRDA:3889,373,0,0
BRDA:3889,373,1,0
BRDA:3893,374,0,0
BRDA:3893,374,1,0
BRDA:3895,375,0,0
BRDA:3895,375,1,0
BRDA:3896,376,0,0
BRDA:3896,376,1,0
BRDA:3898,377,0,0
BRDA:3898,377,1,0
BRDA:3904,378,0,0
BRDA:3904,378,1,0
BRDA:3904,378,2,0
BRDA:3917,379,0,0
BRDA:3917,379,1,0
BRDA:3920,380,0,0
BRDA:3920,380,1,0
BRDA:3937,381,0,0
BRDA:3937,381,1,0
BRDA:3942,382,0,0
BRDA:3942,382,1,0
BRDA:3942,382,2,0
BRDA:3942,382,3,0
BRDA:3942,382,4,0
BRDA:3945,383,0,0
BRDA:3945,383,1,0
BRDA:3949,384,0,0
BRDA:3949,384,1,0
BRDA:3949,384,2,0
BRDA:3949,384,3,0
BRDA:3949,385,0,0
BRDA:3949,385,1,0
BRDA:3953,386,0,0
BRDA:3953,386,1,0
BRDA:3954,387,0,0
BRDA:3954,387,1,0
BRDA:3955,388,0,0
BRDA:3955,388,1,0
BRDA:3963,389,0,0
BRDA:3963,389,1,0
BRDA:3960,390,0,0
BRDA:3960,390,1,0
BRDA:3968,391,0,0
BRDA:3968,391,1,0
BRDA:3976,392,0,0
BRDA:3976,392,1,0
BRDA:3982,393,0,0
BRDA:3985,394,0,0
BRDA:3985,394,1,0
BRDA:3996,395,0,0
BRDA:3996,395,1,0
BRDA:3997,396,0,0
BRDA:3997,396,1,0
BRDA:4000,397,0,0
BRDA:4000,397,1,0
BRDA:4001,398,0,0
BRDA:4001,398,1,0
BRDA:4004,399,0,0
BRDA:4004,399,1,0
BRDA:4007,400,0,0
BRDA:4007,400,1,0
BRDA:4014,401,0,0
BRDA:4014,401,1,0
BRDA:4025,402,0,0
BRDA:4025,402,1,0
BRDA:4016,403,0,0
BRDA:4016,403,1,0
BRDA:4021,404,0,0
BRDA:4021,404,1,0
BRDA:4030,405,0,0
BRDA:4030,405,1,0
BRDA:4053,406,0,0
BRDA:4053,406,1,0
BRDA:4037,407,0,0
BRDA:4037,407,1,0
BRDA:4037,407,2,0
BRDA:4044,408,0,0
BRDA:4044,408,1,0
BRDA:4061,409,0,0
BRDA:4061,409,1,0
BRDA:4061,409,2,0
BRDA:4069,410,0,0
BRDA:4069,410,1,0
BRDA:4069,410,2,0
BRDA:4075,411,0,0
BRDA:4075,411,1,0
BRDA:4075,411,2,0
BRDA:4079,412,0,0
BRDA:4079,412,1,0
BRDA:4079,412,2,0
BRDA:4081,413,0,0
BRDA:4081,413,1,0
BRDA:4082,414,0,0
BRDA:4082,414,1,0
BRDA:4104,415,0,0
BRDA:4104,415,1,0
BRDA:4095,416,0,0
BRDA:4095,416,1,0
BRDA:4095,416,2,0
BRDA:4095,416,3,0
BRDA:4112,417,0,0
BRDA:4112,417,1,0
BRDA:4115,418,0,0
BRDA:4115,418,1,0
BRDA:4120,419,0,0
BRDA:4120,419,1,0
BRDA:4120,419,2,0
BRDA:4124,420,0,0
BRDA:4124,420,1,0
BRDA:4126,421,0,0
BRDA:4126,421,1,0
BRDA:4126,421,2,0
BRDA:4131,422,0,0
BRDA:4131,422,1,0
BRDA:4137,423,0,0
BRDA:4137,423,1,0
BRDA:4138,424,0,0
BRDA:4138,424,1,0
BRDA:4147,425,0,0
BRDA:4147,425,1,0
BRDA:4149,426,0,0
BRDA:4149,426,1,0
BRDA:4153,427,0,0
BRDA:4153,427,1,0
BRDA:4169,428,0,0
BRDA:4169,428,1,0
BRDA:4161,429,0,0
BRDA:4161,429,1,0
BRDA:4161,429,2,0
BRDA:4161,429,3,0
BRDA:4178,430,0,0
BRDA:4178,430,1,0
BRDA:4178,430,2,0
BRDA:4178,430,3,0
BRDA:4195,431,0,0
BRDA:4195,431,1,0
BRDA:4196,432,0,0
BRDA:4196,432,1,0
BRDA:4231,433,0,0
BRDA:4231,433,1,0
BRDA:4216,434,0,0
BRDA:4216,434,1,0
BRDA:4235,435,0,0
BRDA:4235,435,1,0
BRDA:4232,436,0,0
BRDA:4232,436,1,0
BRDA:4249,437,0,0
BRDA:4249,437,1,0
BRDA:4250,438,0,0
BRDA:4250,438,1,0
BRDA:4250,439,0,0
BRDA:4250,439,1,0
BRDA:4282,440,0,0
BRDA:4282,440,1,0
BRDA:4381,441,0,0
BRDA:4381,441,1,0
BRDA:4388,442,0,0
BRDA:4388,442,1,0
BRDA:4392,443,0,0
BRDA:4392,443,1,0
BRDA:4392,444,0,0
BRDA:4392,444,1,0
BRDA:4418,445,0,0
BRDA:4418,445,1,0
BRDA:4425,446,0,0
BRDA:4425,446,1,0
BRDA:4429,447,0,0
BRDA:4429,447,1,0
BRDA:4429,448,0,0
BRDA:4429,448,1,0
BRDA:4298,449,0,0
BRDA:4298,449,1,0
BRDA:4289,450,0,0
BRDA:4289,450,1,0
BRDA:4290,451,0,0
BRDA:4290,451,1,0
BRDA:4290,451,2,0
BRDA:4294,452,0,0
BRDA:4294,452,1,0
BRDA:4298,453,0,0
BRDA:4298,453,1,0
BRDA:4317,454,0,0
BRDA:4317,454,1,0
BRDA:4322,455,0,0
BRDA:4322,455,1,0
BRDA:4350,456,0,0
BRDA:4350,456,1,0
BRDA:4346,457,0,0
BRDA:4346,457,1,0
BRDA:4347,458,0,0
BRDA:4347,458,1,0
BRDA:4351,459,0,0
BRDA:4351,459,1,0
BRDA:4358,460,0,0
BRDA:4358,460,1,0
BRDA:4358,460,2,0
BRDA:4473,461,0,0
BRDA:4474,462,0,0
BRDA:4474,462,1,0
BRDA:4475,463,0,0
BRDA:4475,463,1,0
BRDA:4479,464,0,0
BRDA:4479,464,1,0
BRDA:4480,465,0,0
BRDA:4480,465,1,0
BRDA:4486,466,0,0
BRDA:4486,466,1,0
BRDA:4495,467,0,0
BRDA:4495,467,1,0
BRDA:4495,468,0,0
BRDA:4495,468,1,0
BRDA:4498,469,0,0
BRDA:4498,469,1,0
BRDA:4505,470,0,0
BRDA:4505,470,1,0
BRDA:4507,471,0,0
BRDA:4507,471,1,0
BRDA:4517,472,0,0
BRDA:4517,472,1,0
BRDA:4521,473,0,0
BRDA:4521,473,1,0
BRDA:4528,474,0,0
BRDA:4528,474,1,0
BRDA:4529,475,0,0
BRDA:4529,475,1,0
BRDA:4536,476,0,0
BRDA:4536,476,1,0
BRDA:4542,477,0,0
BRDA:4542,477,1,0
BRDA:4558,478,0,0
BRDA:4558,478,1,0
BRDA:4561,479,0,0
BRDA:4561,479,1,0
BRDA:4563,480,0,0
BRDA:4563,480,1,0
BRDA:4574,481,0,0
BRDA:4574,481,1,0
BRDA:4577,482,0,0
BRDA:4577,482,1,0
BRDA:4579,483,0,0
BRDA:4579,483,1,0
BRDA:4595,484,0,0
BRDA:4595,484,1,0
BRDA:4596,485,0,0
BRDA:4596,485,1,0
BRDA:4598,486,0,0
BRDA:4598,486,1,0
BRDA:4601,487,0,0
BRDA:4601,487,1,0
BRDA:4614,488,0,0
BRDA:4614,488,1,0
BRDA:4631,489,0,0
BRDA:4631,489,1,0
BRDA:4633,490,0,0
BRDA:4633,490,1,0
BRDA:4658,491,0,0
BRDA:4658,491,1,0
BRDA:4664,492,0,0
BRDA:4664,492,1,0
BRDA:4670,493,0,0
BRDA:4670,493,1,0
BRDA:4670,494,0,0
BRDA:4670,494,1,0
BRDA:4678,495,0,0
BRDA:4678,495,1,0
BRDA:4683,496,0,0
BRDA:4683,496,1,0
BRDA:4695,497,0,0
BRDA:4695,497,1,0
BRDA:4702,498,0,0
BRDA:4702,498,1,0
BRDA:4705,499,0,0
BRDA:4705,499,1,0
BRDA:4707,500,0,0
BRDA:4707,500,1,0
BRDA:4712,501,0,0
BRDA:4712,501,1,0
BRDA:4711,502,0,0
BRDA:4711,502,1,0
BRDA:4721,503,0,0
BRDA:4723,504,0,0
BRDA:4723,504,1,0
BRDA:4727,505,0,0
BRDA:4727,505,1,0
BRDA:4731,506,0,0
BRDA:4731,506,1,0
BRDA:4735,507,0,0
BRDA:4735,507,1,0
BRDA:4743,508,0,0
BRDA:4743,508,1,0
BRDA:4748,509,0,0
BRDA:4748,509,1,0
BRDA:4748,509,2,0
BRDA:4751,510,0,0
BRDA:4751,510,1,0
BRDA:4752,511,0,0
BRDA:4752,511,1,0
BRDA:4763,512,0,0
BRDA:4763,512,1,0
BRDA:4767,513,0,0
BRDA:4767,513,1,0
BRDA:4778,514,0,0
BRDA:4778,515,0,0
BRDA:4784,516,0,0
BRDA:4784,516,1,0
BRDA:4781,517,0,0
BRDA:4781,517,1,0
BRDA:4788,518,0,0
BRDA:4788,518,1,0
BRDA:4795,519,0,0
BRDA:4795,519,1,0
BRDA:4791,520,0,0
BRDA:4791,520,1,0
BRDA:4791,520,2,0
BRDA:4792,521,0,0
BRDA:4792,521,1,0
BRDA:4799,522,0,0
BRDA:4799,522,1,0
BRDA:4803,523,0,0
BRDA:4803,523,1,0
BRDA:4807,524,0,0
BRDA:4807,524,1,0
BRDA:4814,525,0,0
BRDA:4814,525,1,0
BRDA:4809,526,0,0
BRDA:4809,526,1,0
BRDA:4809,526,2,0
BRDA:4809,526,3,0
BRDA:4816,527,0,0
BRDA:4816,527,1,0
BRDA:4816,527,2,0
BRDA:4816,527,3,0
BRDA:4816,527,4,0
BRDA:4822,528,0,0
BRDA:4822,528,1,0
BRDA:4826,529,0,0
BRDA:4826,529,1,0
BRDA:4826,529,2,0
BRDA:4826,529,3,0
BRDA:4827,530,0,0
BRDA:4827,530,1,0
BRDA:4830,531,0,0
BRDA:4830,531,1,0
BRDA:4831,532,0,0
BRDA:4831,532,1,0
BRDA:4838,533,0,0
BRDA:4838,533,1,0
BRDA:4842,534,0,0
BRDA:4842,534,1,0
BRDA:4848,535,0,0
BRDA:4848,535,1,0
BRDA:4848,535,2,0
BRDA:4848,535,3,0
BRDA:4852,536,0,0
BRDA:4852,536,1,0
BRDA:4852,537,0,0
BRDA:4852,537,1,0
BRDA:4852,537,2,0
BRDA:4858,538,0,0
BRDA:4858,538,1,0
BRDA:4885,539,0,0
BRDA:4885,539,1,0
BRDA:4892,540,0,0
BRDA:4892,540,1,0
BRDA:4898,541,0,0
BRDA:4898,541,1,0
BRDA:4907,542,0,0
BRDA:4907,542,1,0
BRDA:4907,542,2,0
BRDA:4907,542,3,0
BRDA:4907,542,4,0
BRDA:4907,542,5,0
BRDA:4907,542,6,0
BRDA:4914,543,0,0
BRDA:4914,543,1,0
BRDA:4922,544,0,0
BRDA:4922,545,0,0
BRDA:4922,546,0,0
BRDA:4929,547,0,0
BRDA:4929,547,1,0
BRDA:4932,548,0,0
BRDA:4932,548,1,0
BRDA:4934,549,0,0
BRDA:4934,549,1,0
BRDA:4938,550,0,0
BRDA:4938,550,1,0
BRDA:4938,551,0,0
BRDA:4938,551,1,0
BRDA:4943,552,0,0
BRDA:4943,552,1,0
BRDA:4962,553,0,0
BRDA:4962,553,1,0
BRDA:4985,554,0,0
BRDA:4988,555,0,0
BRDA:4988,555,1,0
BRDA:4988,556,0,0
BRDA:4988,556,1,0
BRDA:4994,557,0,0
BRDA:4994,557,1,0
BRDA:4994,557,2,0
BRDA:4995,558,0,0
BRDA:4995,558,1,0
BRDA:4995,558,2,0
BRDA:4999,559,0,0
BRDA:4999,559,1,0
BRDA:5018,560,0,0
BRDA:5018,560,1,0
BRDA:5020,561,0,0
BRDA:5020,561,1,0
BRDA:5030,562,0,0
BRDA:5030,562,1,0
BRDA:5036,563,0,0
BRDA:5036,563,1,0
BRDA:5037,564,0,0
BRDA:5037,564,1,0
BRDA:5253,565,0,0
BRDA:5253,565,1,0
BRDA:5275,566,0,0
BRDA:5275,567,0,0
BRDA:5276,568,0,0
BRDA:5276,568,1,0
BRDA:5277,569,0,0
BRDA:5277,569,1,0
BRDA:5280,570,0,0
BRDA:5280,570,1,0
BRDA:5282,571,0,0
BRDA:5282,571,1,0
BRDA:5282,572,0,0
BRDA:5282,572,1,0
BRDA:5282,572,2,0
BRDA:5282,572,3,0
BRDA:5292,573,0,0
BRDA:5292,573,1,0
BRDA:5292,574,0,0
BRDA:5292,574,1,0
BRDA:5297,575,0,0
BRDA:5297,575,1,0
BRDA:5295,576,0,0
BRDA:5295,576,1,0
BRDA:5314,577,0,0
BRDA:5314,577,1,0
BRDA:5314,577,2,0
BRDA:5314,577,3,0
BRDA:5347,578,0,0
BRDA:5348,579,0,0
BRDA:5348,579,1,0
BRDA:5352,580,0,0
BRDA:5352,580,1,0
BRDA:5381,581,0,0
BRDA:5381,581,1,0
BRDA:5381,582,0,0
BRDA:5381,582,1,0
BRDA:5386,583,0,0
BRDA:5386,583,1,0
BRDA:5386,583,2,0
BRDA:5408,584,0,0
BRDA:5408,584,1,0
BRDA:5417,585,0,0
BRDA:5417,585,1,0
BRDA:5435,586,0,0
BRDA:5435,586,1,0
BRDA:5438,587,0,0
BRDA:5438,587,1,0
BRDA:5439,588,0,0
BRDA:5439,588,1,0
BRDA:5438,589,0,0
BRDA:5438,589,1,0
BRDA:5438,589,2,0
BRDA:5443,590,0,0
BRDA:5443,591,0,0
BRDA:5443,592,0,0
BRDA:5443,593,0,0
BRDA:5443,594,0,0
BRDA:5443,595,0,0
BRDA:5443,595,1,0
BRDA:5443,596,0,0
BRDA:5443,597,0,0
BRDA:5449,598,0,0
BRDA:5449,598,1,0
BRDA:5450,599,0,0
BRDA:5450,599,1,0
BRDA:5472,600,0,0
BRDA:5472,600,1,0
BRDA:5474,601,0,0
BRDA:5474,601,1,0
BRDA:5478,602,0,0
BRDA:5478,602,1,0
BRDA:5482,603,0,0
BRDA:5482,603,1,0
BRDA:5490,604,0,0
BRDA:5490,604,1,0
BRDA:5490,604,2,0
BRDA:5490,604,3,0
BRDA:5490,604,4,0
BRDA:5490,604,5,0
BRDA:5490,604,6,0
BRDA:5508,605,0,0
BRDA:5508,606,0,0
BRDA:5508,607,0,0
BRDA:5508,608,0,0
BRDA:5508,609,0,0
BRDA:5515,610,0,0
BRDA:5515,610,1,0
BRDA:5509,611,0,0
BRDA:5509,611,1,0
BRDA:5509,611,2,0
BRDA:5520,612,0,0
BRDA:5520,612,1,0
BRDA:5530,613,0,0
BRDA:5530,613,1,0
BRDA:5526,614,0,0
BRDA:5526,614,1,0
BRDA:5534,615,0,0
BRDA:5534,615,1,0
BRDA:5534,615,2,0
BRDA:5537,616,0,0
BRDA:5537,616,1,0
BRDA:5540,617,0,0
BRDA:5540,617,1,0
BRDA:5540,617,2,0
BRDA:5548,618,0,0
BRDA:5548,618,1,0
BRDA:5550,619,0,0
BRDA:5550,619,1,0
BRDA:5552,620,0,0
BRDA:5552,620,1,0
BRDA:5554,621,0,0
BRDA:5554,621,1,0
BRDA:5556,622,0,0
BRDA:5556,622,1,0
BRDA:5570,623,0,0
BRDA:5570,623,1,0
BRDA:5571,624,0,0
BRDA:5571,624,1,0
BRDA:5570,625,0,0
BRDA:5570,625,1,0
BRDA:5574,626,0,0
BRDA:5578,627,0,0
BRDA:5578,627,1,0
BRDA:5578,628,0,0
BRDA:5578,628,1,0
BRDA:5584,629,0,0
BRDA:5584,629,1,0
BRDA:5589,630,0,0
BRDA:5589,630,1,0
BRDA:5585,631,0,0
BRDA:5585,631,1,0
BRDA:5590,632,0,0
BRDA:5590,632,1,0
BRDA:5589,633,0,0
BRDA:5589,633,1,0
BRDA:5591,634,0,0
BRDA:5591,634,1,0
BRDA:5608,635,0,0
BRDA:5608,635,1,0
BRDA:5608,636,0,0
BRDA:5608,636,1,0
BRDA:5610,637,0,0
BRDA:5610,637,1,0
BRDA:5624,638,0,0
BRDA:5624,638,1,0
BRDA:5625,639,0,0
BRDA:5625,639,1,0
BRDA:5645,640,0,0
BRDA:5645,641,0,0
BRDA:5672,642,0,0
BRDA:5672,642,1,0
BRDA:5670,643,0,0
BRDA:5670,643,1,0
BRDA:5676,644,0,0
BRDA:5676,644,1,0
BRDA:5683,645,0,0
BRDA:5683,645,1,0
BRDA:5692,646,0,0
BRDA:5692,646,1,0
BRDA:5692,647,0,0
BRDA:5692,647,1,0
BRDA:5697,648,0,0
BRDA:5697,648,1,0
BRDA:5700,649,0,0
BRDA:5700,649,1,0
BRDA:5703,650,0,0
BRDA:5703,650,1,0
BRDA:5704,651,0,0
BRDA:5704,651,1,0
BRDA:5707,652,0,0
BRDA:5707,652,1,0
BRDA:5709,653,0,0
BRDA:5709,653,1,0
BRDA:5711,654,0,0
BRDA:5711,654,1,0
BRDA:5721,655,0,0
BRDA:5721,655,1,0
BRDA:5718,656,0,0
BRDA:5718,656,1,0
BRDA:5721,657,0,0
BRDA:5721,657,1,0
BRDA:5721,657,2,0
BRDA:5725,658,0,0
BRDA:5725,658,1,0
BRDA:5735,659,0,0
BRDA:5735,659,1,0
BRDA:5742,660,0,0
BRDA:5742,660,1,0
BRDA:5757,661,0,0
BRDA:5757,661,1,0
BRDA:5758,662,0,0
BRDA:5758,662,1,0
BRDA:5762,663,0,0
BRDA:5762,663,1,0
BRDA:5765,664,0,0
BRDA:5765,664,1,0
BRDA:5768,665,0,0
BRDA:5768,665,1,0
BRDA:5768,665,2,0
BRDA:5768,665,3,0
BRDA:5771,666,0,0
BRDA:5771,666,1,0
BRDA:5775,667,0,0
BRDA:5775,667,1,0
BRDA:5782,668,0,0
BRDA:5931,669,0,0
BRDA:5931,669,1,0
BRDA:5932,670,0,0
BRDA:5932,670,1,0
BRDA:5932,671,0,0
BRDA:5932,671,1,0
BRDA:5975,672,0,0
BRDA:5975,672,1,0
BRDA:5977,673,0,0
BRDA:5977,673,1,0
BRDA:5979,674,0,0
BRDA:5979,674,1,0
BRDA:5979,674,2,0
BRDA:5979,674,3,0
BRDA:5990,675,0,0
BRDA:5990,675,1,0
BRDA:5990,676,0,0
BRDA:5990,676,1,0
BRDA:5994,677,0,0
BRDA:5994,677,1,0
BRDA:5994,678,0,0
BRDA:5994,678,1,0
BRDA:5998,679,0,0
BRDA:5998,679,1,0
BRDA:6001,680,0,0
BRDA:6001,680,1,0
BRDA:6006,681,0,0
BRDA:6006,681,1,0
BRDA:6006,682,0,0
BRDA:6006,682,1,0
BRDA:6010,683,0,0
BRDA:6010,683,1,0
BRDA:6018,684,0,0
BRDA:6018,684,1,0
BRDA:6018,685,0,0
BRDA:6018,685,1,0
BRDA:6028,686,0,0
BRDA:6028,686,1,0
BRDA:6026,687,0,0
BRDA:6026,687,1,0
BRDA:6032,688,0,0
BRDA:6032,688,1,0
BRDA:6030,689,0,0
BRDA:6030,689,1,0
BRDA:6040,690,0,0
BRDA:6040,690,1,0
BRDA:6063,691,0,0
BRDA:6063,691,1,0
BRDA:6063,692,0,0
BRDA:6063,692,1,0
BRDA:6066,693,0,0
BRDA:6066,693,1,0
BRDA:6066,694,0,0
BRDA:6066,694,1,0
BRDA:6069,695,0,0
BRDA:6069,695,1,0
BRDA:6074,696,0,0
BRDA:6074,696,1,0
BRDA:6074,696,2,0
BRDA:6096,697,0,0
BRDA:6096,697,1,0
BRDA:6096,697,2,0
BRDA:6096,697,3,0
BRDA:6096,697,4,0
BRDA:6096,697,5,0
BRDA:6096,697,6,0
BRDA:6096,697,7,0
BRDA:6096,697,8,0
BRDA:6096,697,9,0
BRDA:6192,698,0,0
BRDA:6192,698,1,0
BRDA:6192,699,0,0
BRDA:6192,699,1,0
BRDA:6210,700,0,0
BRDA:6210,700,1,0
BRDA:6237,701,0,0
BRDA:6237,701,1,0
BRDA:6266,702,0,0
BRDA:6266,702,1,0
BRDA:6269,703,0,0
BRDA:6269,703,1,0
BRDA:6275,704,0,0
BRDA:6275,704,1,0
BRDA:6281,705,0,0
BRDA:6281,705,1,0
BRDA:6295,706,0,0
BRDA:6302,707,0,0
BRDA:6302,707,1,0
BRDA:6341,708,0,0
BRDA:6341,708,1,0
BRDA:6343,709,0,0
BRDA:6343,709,1,0
BRDA:6349,710,0,0
BRDA:6349,710,1,0
BRDA:6351,711,0,0
BRDA:6351,711,1,0
BRDA:6378,712,0,0
BRDA:6378,712,1,0
BRDA:6381,713,0,0
BRDA:6381,713,1,0
BRDA:6387,714,0,0
BRDA:6387,714,1,0
BRDA:6427,715,0,0
BRDA:6427,715,1,0
BRDA:6430,716,0,0
BRDA:6430,716,1,0
BRDA:6430,717,0,0
BRDA:6430,717,1,0
BRDA:6430,717,2,0
BRDA:6432,718,0,0
BRDA:6432,718,1,0
BRDA:6448,719,0,0
BRDA:6448,719,1,0
BRDA:6452,720,0,0
BRDA:6452,720,1,0
BRDA:6508,721,0,0
BRDA:6508,721,1,0
BRDA:6530,722,0,0
BRDA:6530,722,1,0
BRDA:6539,723,0,0
BRDA:6539,723,1,0
BRDA:6540,724,0,0
BRDA:6540,724,1,0
BRDA:6544,725,0,0
BRDA:6544,725,1,0
BRDA:6547,726,0,0
BRDA:6547,726,1,0
BRDA:6556,727,0,0
BRDA:6556,727,1,0
BRDA:6556,727,2,0
BRDA:6585,728,0,0
BRDA:6585,728,1,0
BRDA:6737,729,0,0
BRDA:6737,729,1,0
BRDA:6745,730,0,0
BRDA:6745,730,1,0
BRDA:6747,731,0,0
BRDA:6747,731,1,0
BRDA:6747,731,2,0
BRDA:6760,732,0,0
BRDA:6761,733,0,0
BRDA:6761,733,1,0
BRDA:6762,734,0,0
BRDA:6762,734,1,0
BRDA:6770,735,0,0
BRDA:6770,735,1,0
BRDA:6772,736,0,0
BRDA:6772,736,1,0
BRDA:6781,737,0,0
BRDA:6781,737,1,0
BRDA:6788,738,0,0
BRDA:6827,739,0,0
BRDA:6827,739,1,0
BRDA:6828,740,0,0
BRDA:6828,740,1,0
BRDA:6828,741,0,0
BRDA:6828,741,1,0
BRDA:6841,742,0,0
BRDA:6841,742,1,0
BRDA:6852,743,0,0
BRDA:6852,743,1,0
BRDA:6852,743,2,0
BRDA:6852,743,3,0
BRDA:6853,744,0,0
BRDA:6853,744,1,0
BRDA:6853,745,0,0
BRDA:6853,745,1,0
BRDA:6856,746,0,0
BRDA:6856,746,1,0
BRDA:6865,747,0,0
BRDA:6865,747,1,0
BRDA:6865,747,2,0
BRDA:6872,748,0,0
BRDA:6872,748,1,0
BRDA:6887,749,0,0
BRDA:6887,749,1,0
BRDA:6878,750,0,0
BRDA:6878,750,1,0
BRDA:6878,750,2,0
BRDA:6879,751,0,0
BRDA:6879,751,1,0
BRDA:6897,752,0,0
BRDA:6898,753,0,0
BRDA:6898,753,1,0
BRDA:6920,754,0,0
BRDA:6920,754,1,0
BRDA:6924,755,0,0
BRDA:6924,755,1,0
BRDA:6944,756,0,0
BRDA:6944,756,1,0
BRDA:6971,757,0,0
BRDA:6971,757,1,0
BRDA:6971,757,2,0
BRDA:6988,758,0,0
BRDA:6988,758,1,0
BRDA:6988,758,2,0
BRDA:6988,758,3,0
BRDA:7042,759,0,0
BRDA:7109,760,0,0
BRDA:7109,760,1,0
BRDA:7062,761,0,0
BRDA:7062,761,1,0
BRDA:7066,762,0,0
BRDA:7066,762,1,0
BRDA:7070,763,0,0
BRDA:7070,763,1,0
BRDA:7074,764,0,0
BRDA:7074,764,1,0
BRDA:7077,765,0,0
BRDA:7077,765,1,0
BRDA:7080,766,0,0
BRDA:7080,766,1,0
BRDA:7088,767,0,0
BRDA:7088,767,1,0
BRDA:7090,768,0,0
BRDA:7090,768,1,0
BRDA:7095,769,0,0
BRDA:7095,769,1,0
BRDA:7095,770,0,0
BRDA:7095,770,1,0
BRDA:7098,771,0,0
BRDA:7098,771,1,0
BRDA:7109,772,0,0
BRDA:7109,772,1,0
BRDA:7121,773,0,0
BRDA:7121,773,1,0
BRDA:7127,774,0,0
BRDA:7127,774,1,0
BRDA:7127,775,0,0
BRDA:7127,775,1,0
BRDA:7130,776,0,0
BRDA:7130,776,1,0
BRDA:7136,777,0,0
BRDA:7136,777,1,0
BRDA:7138,778,0,0
BRDA:7138,778,1,0
BRDA:7141,779,0,0
BRDA:7141,779,1,0
BRDA:7144,780,0,0
BRDA:7144,780,1,0
BRDA:7144,780,2,0
BRDA:7144,780,3,0
BRDA:7147,781,0,0
BRDA:7147,781,1,0
BRDA:7151,782,0,0
BRDA:7151,782,1,0
BRDA:7157,783,0,0
BRDA:7157,783,1,0
BRDA:7173,784,0,0
BRDA:7173,784,1,0
BRDA:7176,785,0,0
BRDA:7176,785,1,0
BRDA:7176,786,0,0
BRDA:7176,786,1,0
BRDA:7182,787,0,0
BRDA:7182,787,1,0
BRDA:7180,788,0,0
BRDA:7180,788,1,0
BRDA:7198,789,0,0
BRDA:7198,789,1,0
BRDA:7199,790,0,0
BRDA:7199,790,1,0
BRDA:7206,791,0,0
BRDA:7206,791,1,0
BRDA:7206,792,0,0
BRDA:7206,792,1,0
BRDA:7213,793,0,0
BRDA:7213,793,1,0
BRDA:7213,793,2,0
BRDA:7222,794,0,0
BRDA:7222,794,1,0
BRDA:7223,795,0,0
BRDA:7223,795,1,0
BRDA:7228,796,0,0
BRDA:7228,796,1,0
BRDA:7238,797,0,0
BRDA:7238,797,1,0
BRDA:7249,798,0,0
BRDA:7249,798,1,0
BRDA:7256,799,0,0
BRDA:7256,799,1,0
BRDA:7256,800,0,0
BRDA:7256,800,1,0
BRDA:7260,801,0,0
BRDA:7260,801,1,0
BRDA:7259,802,0,0
BRDA:7259,802,1,0
BRDA:7264,803,0,0
BRDA:7264,803,1,0
BRDA:7267,804,0,0
BRDA:7267,804,1,0
BRDA:7272,805,0,0
BRDA:7272,805,1,0
BRDA:7272,806,0,0
BRDA:7272,806,1,0
BRDA:7277,807,0,0
BRDA:7277,807,1,0
BRDA:7441,808,0,0
BRDA:7441,808,1,0
BRDA:7443,809,0,0
BRDA:7443,809,1,0
BRDA:7441,810,0,0
BRDA:7441,810,1,0
BRDA:7444,811,0,0
BRDA:7444,811,1,0
BRDA:7456,812,0,0
BRDA:7456,812,1,0
BRDA:7458,813,0,0
BRDA:7458,813,1,0
BRDA:7458,813,2,0
BRF:1698
BRH:0
end_of_record
TN:
SF:/home/swerky/dev/simple-ecommerce/client/widget-fix/dist/js/webpack:/node_modules/@vue/runtime-dom/dist/runtime-dom.esm-bundler.js
FN:9,(anonymous_909)
FN:12,(anonymous_910)
FN:18,(anonymous_911)
FN:27,(anonymous_912)
FN:28,(anonymous_913)
FN:29,(anonymous_914)
FN:32,(anonymous_915)
FN:35,(anonymous_916)
FN:36,(anonymous_917)
FN:37,(anonymous_918)
FN:38,(anonymous_919)
FN:41,(anonymous_920)
FN:61,(anonymous_921)
FN:91,xo
FN:110,So
FN:144,Eo
FN:146,(anonymous_925)
FN:167,Po
FN:187,Mo
FN:211,Lo
FN:291,(anonymous_929)
FN:302,(anonymous_930)
FN:305,(anonymous_931)
FN:306,Uo
FN:309,Bo
FN:312,Vo
FN:335,zo
FN:347,qo
FN:348,(anonymous_937)
FN:364,Wo
FN:367,(anonymous_939)
FN:371,(anonymous_940)
FN:371,(anonymous_941)
FN:379,(anonymous_942)
FN:413,Jo
FN:756,(anonymous_944)
FN:782,(anonymous_945)
FN:784,(anonymous_946)
FN:794,(anonymous_947)
FN:797,(anonymous_948)
FN:801,ni
FN:816,(anonymous_950)
FN:821,(anonymous_951)
FN:826,(anonymous_952)
FN:827,(anonymous_953)
FN:829,(anonymous_954)
FN:831,(anonymous_955)
FN:841,(anonymous_956)
FN:846,(anonymous_957)
FN:853,(anonymous_958)
FN:854,(anonymous_959)
FN:859,(anonymous_960)
FN:868,(anonymous_961)
FN:872,(anonymous_962)
FN:876,(anonymous_963)
FN:882,ri
FN:894,oi
FN:910,ii
FN:911,(anonymous_967)
FN:915,ci
FN:916,(anonymous_969)
FN:925,si
FN:926,(anonymous_971)
FN:931,ui
FN:933,(anonymous_973)
FN:947,(anonymous_974)
FN:951,(anonymous_975)
FN:956,(anonymous_976)
FN:963,li
FN:966,(anonymous_978)
FN:1014,fi
FN:1018,(anonymous_980)
FN:1024,pi
FN:1028,di
FN:1542,bi
FN:1560,(anonymous_984)
FN:1567,(anonymous_985)
FN:1645,gi
FNF:78
FNH:0
FNDA:0,(anonymous_909)
FNDA:0,(anonymous_910)
FNDA:0,(anonymous_911)
FNDA:0,(anonymous_912)
FNDA:0,(anonymous_913)
FNDA:0,(anonymous_914)
FNDA:0,(anonymous_915)
FNDA:0,(anonymous_916)
FNDA:0,(anonymous_917)
FNDA:0,(anonymous_918)
FNDA:0,(anonymous_919)
FNDA:0,(anonymous_920)
FNDA:0,(anonymous_921)
FNDA:0,xo
FNDA:0,So
FNDA:0,Eo
FNDA:0,(anonymous_925)
FNDA:0,Po
FNDA:0,Mo
FNDA:0,Lo
FNDA:0,(anonymous_929)
FNDA:0,(anonymous_930)
FNDA:0,(anonymous_931)
FNDA:0,Uo
FNDA:0,Bo
FNDA:0,Vo
FNDA:0,zo
FNDA:0,qo
FNDA:0,(anonymous_937)
FNDA:0,Wo
FNDA:0,(anonymous_939)
FNDA:0,(anonymous_940)
FNDA:0,(anonymous_941)
FNDA:0,(anonymous_942)
FNDA:0,Jo
FNDA:0,(anonymous_944)
FNDA:0,(anonymous_945)
FNDA:0,(anonymous_946)
FNDA:0,(anonymous_947)
FNDA:0,(anonymous_948)
FNDA:0,ni
FNDA:0,(anonymous_950)
FNDA:0,(anonymous_951)
FNDA:0,(anonymous_952)
FNDA:0,(anonymous_953)
FNDA:0,(anonymous_954)
FNDA:0,(anonymous_955)
FNDA:0,(anonymous_956)
FNDA:0,(anonymous_957)
FNDA:0,(anonymous_958)
FNDA:0,(anonymous_959)
FNDA:0,(anonymous_960)
FNDA:0,(anonymous_961)
FNDA:0,(anonymous_962)
FNDA:0,(anonymous_963)
FNDA:0,ri
FNDA:0,oi
FNDA:0,ii
FNDA:0,(anonymous_967)
FNDA:0,ci
FNDA:0,(anonymous_969)
FNDA:0,si
FNDA:0,(anonymous_971)
FNDA:0,ui
FNDA:0,(anonymous_973)
FNDA:0,(anonymous_974)
FNDA:0,(anonymous_975)
FNDA:0,(anonymous_976)
FNDA:0,li
FNDA:0,(anonymous_978)
FNDA:0,fi
FNDA:0,(anonymous_980)
FNDA:0,pi
FNDA:0,di
FNDA:0,bi
FNDA:0,(anonymous_984)
FNDA:0,(anonymous_985)
FNDA:0,gi
DA:5,0
DA:6,0
DA:7,0
DA:8,0
DA:10,0
DA:13,0
DA:14,0
DA:19,0
DA:25,0
DA:27,0
DA:28,0
DA:30,0
DA:33,0
DA:35,0
DA:36,0
DA:37,0
DA:39,0
DA:42,0
DA:55,0
DA:63,0
DA:64,0
DA:65,0
DA:66,0
DA:69,0
DA:71,0
DA:72,0
DA:73,0
DA:75,0
DA:77,0
DA:80,0
DA:95,0
DA:96,0
DA:111,0
DA:112,0
DA:113,0
DA:114,0
DA:115,0
DA:117,0
DA:118,0
DA:119,0
DA:126,0
DA:127,0
DA:143,0
DA:145,0
DA:146,0
DA:149,0
DA:151,0
DA:154,0
DA:155,0
DA:165,0
DA:166,0
DA:168,0
DA:169,0
DA:170,0
DA:172,0
DA:173,0
DA:174,0
DA:176,0
DA:177,0
DA:178,0
DA:179,0
DA:180,0
DA:183,0
DA:186,0
DA:188,0
DA:189,0
DA:199,0
DA:200,0
DA:216,0
DA:221,0
DA:223,0
DA:229,0
DA:230,0
DA:241,0
DA:243,0
DA:244,0
DA:245,0
DA:248,0
DA:250,0
DA:254,0
DA:256,0
DA:259,0
DA:260,0
DA:264,0
DA:268,0
DA:269,0
DA:272,0
DA:280,0
DA:281,0
DA:282,0
DA:287,0
DA:291,0
DA:295,0
DA:296,0
DA:300,0
DA:301,0
DA:302,0
DA:303,0
DA:305,0
DA:307,0
DA:310,0
DA:314,0
DA:315,0
DA:316,0
DA:318,0
DA:321,0
DA:322,0
DA:324,0
DA:325,0
DA:327,0
DA:334,0
DA:337,0
DA:338,0
DA:340,0
DA:341,0
DA:345,0
DA:348,0
DA:355,0
DA:362,0
DA:365,0
DA:366,0
DA:368,0
DA:371,0
DA:374,0
DA:378,0
DA:379,0
DA:380,0
DA:414,0
DA:469,0
DA:752,0
DA:753,0
DA:756,0
DA:757,0
DA:758,0
DA:776,0
DA:783,0
DA:784,0
DA:794,0
DA:797,0
DA:802,0
DA:803,0
DA:804,0
DA:808,0
DA:809,0
DA:811,0
DA:812,0
DA:813,0
DA:814,0
DA:815,0
DA:816,0
DA:817,0
DA:821,0
DA:822,0
DA:826,0
DA:827,0
DA:828,0
DA:829,0
DA:830,0
DA:832,0
DA:840,0
DA:842,0
DA:847,0
DA:854,0
DA:855,0
DA:860,0
DA:869,0
DA:873,0
DA:877,0
DA:883,0
DA:884,0
DA:886,0
DA:887,0
DA:890,0
DA:891,0
DA:895,0
DA:898,0
DA:911,0
DA:916,0
DA:917,0
DA:918,0
DA:926,0
DA:927,0
DA:930,0
DA:932,0
DA:933,0
DA:934,0
DA:938,0
DA:939,0
DA:941,0
DA:942,0
DA:943,0
DA:945,0
DA:946,0
DA:947,0
DA:948,0
DA:951,0
DA:952,0
DA:956,0
DA:957,0
DA:964,0
DA:966,0
DA:967,0
DA:968,0
DA:969,0
DA:970,0
DA:971,0
DA:972,0
DA:973,0
DA:974,0
DA:975,0
DA:977,0
DA:1005,0
DA:1007,0
DA:1015,0
DA:1016,0
DA:1018,0
DA:1025,0
DA:1029,0
DA:1032,0
DA:1537,0
DA:1543,0
DA:1560,0
DA:1561,0
DA:1566,0
DA:1568,0
DA:1569,0
DA:1570,0
DA:1571,0
DA:1572,0
DA:1581,0
DA:1586,0
DA:1588,0
DA:1646,0
DA:1647,0
DA:1651,0
DA:1659,0
LF:236
LH:0
BRDA:6,0,0,0
BRDA:6,0,1,0
BRDA:10,1,0,0
BRDA:10,1,1,0
BRDA:14,2,0,0
BRDA:14,2,1,0
BRDA:20,3,0,0
BRDA:20,3,1,0
BRDA:21,4,0,0
BRDA:21,4,1,0
BRDA:22,5,0,0
BRDA:22,5,1,0
BRDA:22,5,2,0
BRDA:22,5,3,0
BRDA:52,6,0,0
BRDA:52,6,1,0
BRDA:63,7,0,0
BRDA:63,7,1,0
BRDA:65,8,0,0
BRDA:65,8,1,0
BRDA:69,9,0,0
BRDA:69,9,1,0
BRDA:67,10,0,0
BRDA:67,10,1,0
BRDA:82,11,0,0
BRDA:82,11,1,0
BRDA:84,12,0,0
BRDA:84,12,1,0
BRDA:96,13,0,0
BRDA:96,13,1,0
BRDA:97,14,0,0
BRDA:97,14,1,0
BRDA:100,15,0,0
BRDA:100,15,1,0
BRDA:103,16,0,0
BRDA:103,16,1,0
BRDA:113,17,0,0
BRDA:113,17,1,0
BRDA:113,18,0,0
BRDA:113,18,1,0
BRDA:117,19,0,0
BRDA:117,19,1,0
BRDA:117,20,0,0
BRDA:117,20,1,0
BRDA:119,21,0,0
BRDA:119,21,1,0
BRDA:128,22,0,0
BRDA:128,22,1,0
BRDA:128,23,0,0
BRDA:128,23,1,0
BRDA:132,24,0,0
BRDA:132,24,1,0
BRDA:138,25,0,0
BRDA:138,25,1,0
BRDA:145,26,0,0
BRDA:145,26,1,0
BRDA:149,27,0,0
BRDA:149,27,1,0
BRDA:157,28,0,0
BRDA:157,28,1,0
BRDA:169,29,0,0
BRDA:169,29,1,0
BRDA:173,30,0,0
BRDA:173,30,1,0
BRDA:173,31,0,0
BRDA:173,31,1,0
BRDA:179,32,0,0
BRDA:179,32,1,0
BRDA:188,33,0,0
BRDA:188,33,1,0
BRDA:188,34,0,0
BRDA:188,34,1,0
BRDA:190,35,0,0
BRDA:190,35,1,0
BRDA:201,36,0,0
BRDA:201,36,1,0
BRDA:200,37,0,0
BRDA:200,37,1,0
BRDA:200,37,2,0
BRDA:204,38,0,0
BRDA:204,38,1,0
BRDA:216,39,0,0
BRDA:216,39,1,0
BRDA:216,40,0,0
BRDA:216,40,1,0
BRDA:217,41,0,0
BRDA:217,41,1,0
BRDA:220,42,0,0
BRDA:220,42,1,0
BRDA:223,43,0,0
BRDA:223,43,1,0
BRDA:223,44,0,0
BRDA:223,44,1,0
BRDA:223,44,2,0
BRDA:230,45,0,0
BRDA:230,45,1,0
BRDA:231,46,0,0
BRDA:231,46,1,0
BRDA:231,46,2,0
BRDA:238,47,0,0
BRDA:238,47,1,0
BRDA:243,48,0,0
BRDA:243,48,1,0
BRDA:243,49,0,0
BRDA:243,49,1,0
BRDA:245,50,0,0
BRDA:245,50,1,0
BRDA:250,51,0,0
BRDA:250,51,1,0
BRDA:250,52,0,0
BRDA:250,52,1,0
BRDA:256,53,0,0
BRDA:256,53,1,0
BRDA:282,54,0,0
BRDA:282,54,1,0
BRDA:287,55,0,0
BRDA:287,55,1,0
BRDA:296,56,0,0
BRDA:296,56,1,0
BRDA:305,57,0,0
BRDA:305,57,1,0
BRDA:312,58,0,0
BRDA:314,59,0,0
BRDA:314,59,1,0
BRDA:316,60,0,0
BRDA:316,60,1,0
BRDA:316,61,0,0
BRDA:316,61,1,0
BRDA:322,62,0,0
BRDA:322,62,1,0
BRDA:327,63,0,0
BRDA:327,63,1,0
BRDA:337,64,0,0
BRDA:337,64,1,0
BRDA:355,65,0,0
BRDA:355,65,1,0
BRDA:356,66,0,0
BRDA:356,66,1,0
BRDA:356,66,2,0
BRDA:365,67,0,0
BRDA:365,67,1,0
BRDA:371,68,0,0
BRDA:371,68,1,0
BRDA:379,69,0,0
BRDA:381,70,0,0
BRDA:381,70,1,0
BRDA:384,71,0,0
BRDA:384,71,1,0
BRDA:388,72,0,0
BRDA:388,72,1,0
BRDA:388,73,0,0
BRDA:388,73,1,0
BRDA:397,74,0,0
BRDA:397,74,1,0
BRDA:393,75,0,0
BRDA:393,75,1,0
BRDA:395,76,0,0
BRDA:395,76,1,0
BRDA:405,77,0,0
BRDA:405,77,1,0
BRDA:407,78,0,0
BRDA:407,78,1,0
BRDA:417,79,0,0
BRDA:417,79,1,0
BRDA:417,80,0,0
BRDA:417,80,1,0
BRDA:417,80,2,0
BRDA:421,81,0,0
BRDA:421,81,1,0
BRDA:421,81,2,0
BRDA:432,82,0,0
BRDA:432,82,1,0
BRDA:432,82,2,0
BRDA:432,82,3,0
BRDA:432,82,4,0
BRDA:432,82,5,0
BRDA:432,82,6,0
BRDA:432,82,7,0
BRDA:432,82,8,0
BRDA:432,82,9,0
BRDA:469,83,0,0
BRDA:469,83,1,0
BRDA:782,84,0,0
BRDA:784,85,0,0
BRDA:784,85,1,0
BRDA:786,86,0,0
BRDA:786,86,1,0
BRDA:794,87,0,0
BRDA:794,87,1,0
BRDA:797,88,0,0
BRDA:797,88,1,0
BRDA:804,89,0,0
BRDA:804,89,1,0
BRDA:808,90,0,0
BRDA:808,90,1,0
BRDA:811,91,0,0
BRDA:811,92,0,0
BRDA:811,93,0,0
BRDA:811,94,0,0
BRDA:811,95,0,0
BRDA:811,96,0,0
BRDA:811,97,0,0
BRDA:811,98,0,0
BRDA:811,99,0,0
BRDA:811,100,0,0
BRDA:813,101,0,0
BRDA:813,101,1,0
BRDA:814,102,0,0
BRDA:814,102,1,0
BRDA:815,103,0,0
BRDA:815,104,0,0
BRDA:815,105,0,0
BRDA:817,106,0,0
BRDA:817,106,1,0
BRDA:818,107,0,0
BRDA:818,107,1,0
BRDA:819,108,0,0
BRDA:819,108,1,0
BRDA:824,109,0,0
BRDA:824,109,1,0
BRDA:828,110,0,0
BRDA:828,110,1,0
BRDA:832,111,0,0
BRDA:832,111,1,0
BRDA:833,112,0,0
BRDA:833,112,1,0
BRDA:834,113,0,0
BRDA:834,113,1,0
BRDA:862,114,0,0
BRDA:862,114,1,0
BRDA:883,115,0,0
BRDA:883,115,1,0
BRDA:886,116,0,0
BRDA:886,116,1,0
BRDA:911,117,0,0
BRDA:911,117,1,0
BRDA:912,118,0,0
BRDA:912,118,1,0
BRDA:916,119,0,0
BRDA:916,119,1,0
BRDA:918,120,0,0
BRDA:918,120,1,0
BRDA:920,121,0,0
BRDA:920,121,1,0
BRDA:934,122,0,0
BRDA:934,122,1,0
BRDA:938,123,0,0
BRDA:938,123,1,0
BRDA:942,124,0,0
BRDA:942,124,1,0
BRDA:952,125,0,0
BRDA:952,125,1,0
BRDA:952,125,2,0
BRDA:957,126,0,0
BRDA:957,126,1,0
BRDA:966,127,0,0
BRDA:966,127,1,0
BRDA:978,128,0,0
BRDA:978,128,1,0
BRDA:978,129,0,0
BRDA:978,129,1,0
BRDA:985,130,0,0
BRDA:985,130,1,0
BRDA:985,131,0,0
BRDA:985,131,1,0
BRDA:995,132,0,0
BRDA:995,132,1,0
BRDA:996,133,0,0
BRDA:996,133,1,0
BRDA:1000,134,0,0
BRDA:1000,134,1,0
BRDA:1001,135,0,0
BRDA:1001,135,1,0
BRDA:1005,136,0,0
BRDA:1005,136,1,0
BRDA:1543,137,0,0
BRDA:1543,137,1,0
BRDA:1569,138,0,0
BRDA:1569,138,1,0
BRDA:1572,139,0,0
BRDA:1572,139,1,0
BRDA:1572,139,2,0
BRDA:1572,139,3,0
BRDA:1582,140,0,0
BRDA:1582,140,1,0
BRDA:1646,141,0,0
BRDA:1646,141,1,0
BRF:287
BRH:0
end_of_record
TN:
SF:/home/swerky/dev/simple-ecommerce/client/widget-fix/dist/js/webpack:/node_modules/@vue/shared/dist/shared.esm-bundler.js
FN:1,(anonymous_1031)
FN:8,r
FN:14,(anonymous_1033)
FN:14,(anonymous_1034)
FN:119,a
FN:216,u
FN:241,p
FN:243,(anonymous_1079)
FN:267,d
FN:374,g
FN:383,y
FN:420,O
FN:421,(anonymous_1084)
FN:428,(anonymous_1085)
FN:437,(anonymous_1086)
[...]
BRDA:16,6098,1,0
BRDA:16,6099,0,0
BRDA:16,6099,1,0
BRDA:16,6100,0,0
BRDA:16,6100,1,0
BRDA:16,6101,0,0
BRDA:16,6101,1,0
BRDA:16,6101,2,0
BRDA:16,6102,0,0
BRDA:16,6102,1,0
BRDA:16,6103,0,0
BRDA:16,6103,1,0
BRDA:16,6104,0,0
BRDA:16,6104,1,0
BRDA:16,6105,0,0
BRDA:16,6105,1,0
BRDA:16,6106,0,0
BRDA:16,6106,1,0
BRDA:16,6107,0,0
BRDA:16,6107,1,0
BRDA:16,6108,0,0
BRDA:16,6108,1,0
BRDA:16,6109,0,0
BRDA:16,6109,1,0
BRDA:16,6110,0,0
BRDA:16,6110,1,0
BRDA:16,6111,0,0
BRDA:16,6111,1,0
BRDA:16,6112,0,0
BRDA:16,6112,1,0
BRDA:16,6113,0,0
BRDA:16,6113,1,0
BRDA:16,6114,0,0
BRDA:16,6114,1,0
BRDA:16,6115,0,0
BRDA:16,6115,1,0
BRDA:16,6116,0,0
BRDA:16,6116,1,0
BRDA:16,6117,0,0
BRDA:16,6117,1,0
BRDA:16,6118,0,0
BRDA:16,6118,1,0
BRDA:32,6119,0,0
BRDA:32,6119,1,0
BRDA:32,6120,0,0
BRDA:32,6120,1,0
BRDA:32,6121,0,0
BRDA:32,6121,1,0
BRDA:32,6122,0,0
BRDA:32,6122,1,0
BRDA:32,6123,0,0
BRDA:32,6123,1,0
BRDA:32,6124,0,0
BRDA:32,6124,1,0
BRDA:32,6124,2,0
BRDA:32,6125,0,0
BRDA:32,6125,1,0
BRDA:32,6126,0,0
BRDA:32,6126,1,0
BRDA:32,6127,0,0
BRDA:32,6127,1,0
BRDA:32,6128,0,0
BRDA:32,6128,1,0
BRDA:32,6129,0,0
BRDA:32,6129,1,0
BRDA:32,6130,0,0
BRDA:32,6130,1,0
BRDA:32,6131,0,0
BRDA:32,6131,1,0
BRDA:32,6132,0,0
BRDA:32,6132,1,0
BRDA:32,6133,0,0
BRDA:32,6133,1,0
BRDA:32,6134,0,0
BRDA:32,6134,1,0
BRDA:32,6134,2,0
BRDA:32,6135,0,0
BRDA:32,6135,1,0
BRDA:32,6136,0,0
BRDA:32,6136,1,0
BRDA:32,6137,0,0
BRDA:32,6137,1,0
BRDA:32,6138,0,0
BRDA:32,6138,1,0
BRDA:32,6139,0,0
BRDA:32,6139,1,0
BRDA:32,6140,0,0
BRDA:32,6140,1,0
BRDA:32,6141,0,0
BRDA:32,6141,1,0
BRDA:32,6142,0,0
BRDA:32,6142,1,0
BRDA:32,6143,0,0
BRDA:32,6143,1,0
BRDA:32,6144,0,0
BRDA:32,6144,1,0
BRDA:32,6145,0,0
BRDA:32,6145,1,0
BRDA:32,6146,0,0
BRDA:32,6146,1,0
BRDA:32,6147,0,0
BRDA:32,6147,1,0
BRDA:32,6148,0,0
BRDA:32,6148,1,0
BRDA:32,6149,0,0
BRDA:32,6149,1,0
BRDA:32,6150,0,0
BRDA:32,6150,1,0
BRDA:32,6151,0,0
BRDA:32,6151,1,0
BRDA:32,6152,0,0
BRDA:32,6152,1,0
BRDA:32,6153,0,0
BRDA:32,6153,1,0
BRDA:32,6154,0,0
BRDA:32,6154,1,0
BRDA:32,6155,0,0
BRDA:32,6155,1,0
BRDA:32,6156,0,0
BRDA:32,6156,1,0
BRDA:32,6157,0,0
BRDA:32,6157,1,0
BRDA:32,6158,0,0
BRDA:32,6158,1,0
BRDA:32,6159,0,0
BRDA:32,6159,1,0
BRDA:32,6159,2,0
BRDA:32,6159,3,0
BRDA:32,6160,0,0
BRDA:32,6160,1,0
BRDA:32,6161,0,0
BRDA:32,6161,1,0
BRDA:32,6162,0,0
BRDA:32,6162,1,0
BRDA:32,6163,0,0
BRDA:32,6163,1,0
BRDA:32,6164,0,0
BRDA:32,6164,1,0
BRDA:32,6165,0,0
BRDA:32,6165,1,0
BRDA:32,6165,2,0
BRDA:32,6165,3,0
BRDA:32,6165,4,0
BRDA:32,6165,5,0
BRDA:32,6165,6,0
BRDA:32,6165,7,0
BRDA:32,6165,8,0
BRDA:32,6166,0,0
BRDA:32,6166,1,0
BRDA:32,6167,0,0
BRDA:32,6167,1,0
BRDA:32,6168,0,0
BRDA:32,6168,1,0
BRDA:32,6169,0,0
BRDA:32,6169,1,0
BRDA:32,6170,0,0
BRDA:32,6170,1,0
BRDA:32,6171,0,0
BRDA:32,6171,1,0
BRDA:32,6172,0,0
BRDA:32,6172,1,0
BRDA:32,6173,0,0
BRDA:32,6173,1,0
BRDA:32,6174,0,0
BRDA:32,6174,1,0
BRDA:32,6175,0,0
BRDA:32,6175,1,0
BRDA:32,6176,0,0
BRDA:32,6176,1,0
BRDA:32,6177,0,0
BRDA:32,6177,1,0
BRDA:32,6178,0,0
BRDA:32,6178,1,0
BRDA:32,6179,0,0
BRDA:32,6179,1,0
BRDA:32,6179,2,0
BRDA:32,6180,0,0
BRDA:32,6180,1,0
BRDA:32,6181,0,0
BRDA:32,6181,1,0
BRDA:32,6182,0,0
BRDA:32,6182,1,0
BRDA:32,6183,0,0
BRDA:32,6183,1,0
BRDA:32,6184,0,0
BRDA:32,6184,1,0
BRDA:32,6185,0,0
BRDA:32,6185,1,0
BRDA:32,6186,0,0
BRDA:32,6186,1,0
BRDA:32,6187,0,0
BRDA:32,6187,1,0
BRDA:32,6188,0,0
BRDA:32,6188,1,0
BRDA:32,6188,2,0
BRDA:32,6188,3,0
BRDA:32,6189,0,0
BRDA:32,6189,1,0
BRDA:32,6189,2,0
BRDA:32,6190,0,0
BRDA:32,6190,1,0
BRDA:32,6191,0,0
BRDA:32,6191,1,0
BRDA:32,6192,0,0
BRDA:32,6192,1,0
BRDA:32,6193,0,0
BRDA:32,6193,1,0
BRDA:32,6194,0,0
BRDA:32,6194,1,0
BRDA:32,6195,0,0
BRDA:32,6195,1,0
BRDA:32,6196,0,0
BRDA:32,6196,1,0
BRDA:32,6197,0,0
BRDA:32,6197,1,0
BRDA:32,6198,0,0
BRDA:32,6198,1,0
BRDA:32,6199,0,0
BRDA:32,6199,1,0
BRDA:32,6200,0,0
BRDA:32,6200,1,0
BRDA:32,6201,0,0
BRDA:32,6201,1,0
BRDA:32,6202,0,0
BRDA:32,6202,1,0
BRDA:32,6203,0,0
BRDA:32,6203,1,0
BRDA:32,6204,0,0
BRDA:32,6204,1,0
BRDA:32,6205,0,0
BRDA:32,6205,1,0
BRDA:32,6206,0,0
BRDA:32,6206,1,0
BRDA:32,6207,0,0
BRDA:32,6207,1,0
BRDA:32,6207,2,0
BRDA:32,6208,0,0
BRDA:32,6208,1,0
BRDA:32,6208,2,0
BRDA:32,6209,0,0
BRDA:32,6209,1,0
BRDA:32,6210,0,0
BRDA:32,6210,1,0
BRDA:32,6211,0,0
BRDA:32,6211,1,0
BRDA:32,6212,0,0
BRDA:32,6212,1,0
BRDA:32,6212,2,0
BRDA:32,6213,0,0
BRDA:32,6213,1,0
BRDA:32,6213,2,0
BRDA:32,6214,0,0
BRDA:32,6214,1,0
BRDA:32,6215,0,0
BRDA:32,6215,1,0
BRDA:32,6216,0,0
BRDA:32,6216,1,0
BRDA:32,6217,0,0
BRDA:32,6217,1,0
BRDA:32,6218,0,0
BRDA:32,6218,1,0
BRDA:32,6219,0,0
BRDA:32,6219,1,0
BRDA:32,6220,0,0
BRDA:32,6220,1,0
BRDA:32,6221,0,0
BRDA:32,6221,1,0
BRDA:32,6222,0,0
BRDA:32,6222,1,0
BRDA:32,6223,0,0
BRDA:32,6223,1,0
BRDA:32,6224,0,0
BRDA:32,6224,1,0
BRDA:32,6225,0,0
BRDA:32,6225,1,0
BRDA:32,6226,0,0
BRDA:32,6226,1,0
BRDA:32,6227,0,0
BRDA:32,6227,1,0
BRDA:32,6228,0,0
BRDA:32,6228,1,0
BRDA:32,6229,0,0
BRDA:32,6229,1,0
BRDA:32,6230,0,0
BRDA:32,6230,1,0
BRDA:32,6231,0,0
BRDA:32,6231,1,0
BRDA:32,6232,0,0
BRDA:32,6232,1,0
BRDA:32,6233,0,0
BRDA:32,6233,1,0
BRDA:37,6234,0,0
BRDA:37,6234,1,0
BRDA:37,6234,2,0
BRDA:37,6234,3,0
BRDA:37,6235,0,0
BRDA:37,6235,1,0
BRDA:37,6236,0,0
BRDA:37,6236,1,0
BRDA:37,6237,0,0
BRDA:37,6237,1,0
BRDA:37,6238,0,0
BRDA:37,6238,1,0
BRDA:37,6239,0,0
BRDA:37,6239,1,0
BRDA:37,6240,0,0
BRDA:37,6240,1,0
BRDA:37,6241,0,0
BRDA:37,6241,1,0
BRDA:37,6242,0,0
BRDA:37,6242,1,0
BRDA:37,6243,0,0
BRDA:37,6243,1,0
BRDA:37,6244,0,0
BRDA:37,6244,1,0
BRDA:37,6245,0,0
BRDA:37,6245,1,0
BRDA:37,6246,0,0
BRDA:37,6246,1,0
BRDA:37,6247,0,0
BRDA:37,6247,1,0
BRDA:37,6248,0,0
BRDA:37,6248,1,0
BRDA:37,6249,0,0
BRDA:37,6249,1,0
BRDA:37,6250,0,0
BRDA:37,6250,1,0
BRDA:37,6251,0,0
BRDA:37,6251,1,0
BRDA:37,6252,0,0
BRDA:37,6252,1,0
BRDA:37,6253,0,0
BRDA:37,6253,1,0
BRDA:37,6254,0,0
BRDA:37,6254,1,0
BRDA:37,6255,0,0
BRDA:37,6255,1,0
BRDA:37,6256,0,0
BRDA:37,6256,1,0
BRDA:37,6257,0,0
BRDA:37,6257,1,0
BRDA:37,6258,0,0
BRDA:37,6258,1,0
BRDA:37,6259,0,0
BRDA:37,6259,1,0
BRDA:37,6260,0,0
BRDA:37,6260,1,0
BRDA:37,6261,0,0
BRDA:37,6261,1,0
BRDA:37,6262,0,0
BRDA:37,6262,1,0
BRDA:37,6263,0,0
BRDA:37,6263,1,0
BRDA:37,6264,0,0
BRDA:37,6264,1,0
BRDA:37,6265,0,0
BRDA:37,6265,1,0
BRDA:37,6266,0,0
BRDA:37,6266,1,0
BRDA:37,6267,0,0
BRDA:37,6267,1,0
BRDA:37,6268,0,0
BRDA:37,6268,1,0
BRDA:37,6269,0,0
BRDA:37,6269,1,0
BRDA:37,6270,0,0
BRDA:37,6270,1,0
BRDA:37,6271,0,0
BRDA:37,6271,1,0
BRDA:37,6272,0,0
BRDA:37,6272,1,0
BRDA:37,6273,0,0
BRDA:37,6273,1,0
BRDA:37,6274,0,0
BRDA:37,6274,1,0
BRDA:37,6275,0,0
BRDA:37,6275,1,0
BRDA:37,6276,0,0
BRDA:37,6276,1,0
BRDA:37,6277,0,0
BRDA:37,6277,1,0
BRDA:37,6278,0,0
BRDA:37,6278,1,0
BRDA:37,6279,0,0
BRDA:37,6279,1,0
BRDA:37,6280,0,0
BRDA:37,6280,1,0
BRDA:37,6281,0,0
BRDA:37,6281,1,0
BRDA:42,6282,0,0
BRDA:42,6282,1,0
BRDA:42,6283,0,0
BRDA:42,6283,1,0
BRDA:42,6284,0,0
BRDA:42,6284,1,0
BRDA:42,6285,0,0
BRDA:42,6285,1,0
BRDA:42,6285,2,0
BRDA:42,6285,3,0
BRDA:42,6286,0,0
BRDA:42,6286,1,0
BRDA:42,6287,0,0
BRDA:42,6287,1,0
BRDA:42,6288,0,0
BRDA:42,6288,1,0
BRDA:42,6289,0,0
BRDA:42,6289,1,0
BRDA:42,6290,0,0
BRDA:42,6290,1,0
BRDA:42,6291,0,0
BRDA:42,6291,1,0
BRDA:42,6292,0,0
BRDA:42,6292,1,0
BRDA:42,6293,0,0
BRDA:42,6293,1,0
BRDA:42,6294,0,0
BRDA:42,6294,1,0
BRDA:42,6295,0,0
BRDA:42,6295,1,0
BRDA:42,6296,0,0
BRDA:42,6296,1,0
BRDA:42,6297,0,0
BRDA:42,6297,1,0
BRDA:42,6298,0,0
BRDA:42,6298,1,0
BRDA:42,6299,0,0
BRDA:42,6299,1,0
BRDA:42,6300,0,0
BRDA:42,6300,1,0
BRDA:42,6301,0,0
BRDA:42,6301,1,0
BRDA:42,6302,0,0
BRDA:42,6302,1,0
BRDA:42,6303,0,0
BRDA:42,6303,1,0
BRDA:42,6304,0,0
BRDA:42,6304,1,0
BRDA:42,6305,0,0
BRDA:42,6305,1,0
BRDA:42,6306,0,0
BRDA:42,6306,1,0
BRDA:42,6307,0,0
BRDA:42,6307,1,0
BRDA:42,6308,0,0
BRDA:42,6308,1,0
BRDA:42,6309,0,0
BRDA:42,6309,1,0
BRDA:42,6310,0,0
BRDA:42,6310,1,0
BRDA:42,6311,0,0
BRDA:42,6311,1,0
BRDA:42,6312,0,0
BRDA:42,6312,1,0
BRDA:42,6313,0,0
BRDA:42,6313,1,0
BRDA:42,6314,0,0
BRDA:42,6314,1,0
BRDA:42,6315,0,0
BRDA:42,6315,1,0
BRDA:42,6316,0,0
BRDA:42,6316,1,0
BRDA:42,6317,0,0
BRDA:42,6317,1,0
BRDA:42,6318,0,0
BRDA:42,6318,1,0
BRDA:42,6319,0,0
BRDA:42,6319,1,0
BRDA:42,6320,0,0
BRDA:42,6320,1,0
BRDA:42,6321,0,0
BRDA:42,6321,1,0
BRDA:42,6322,0,0
BRDA:42,6322,1,0
BRDA:42,6323,0,0
BRDA:42,6323,1,0
BRDA:42,6324,0,0
BRDA:42,6324,1,0
BRDA:42,6325,0,0
BRDA:42,6325,1,0
BRDA:42,6326,0,0
BRDA:42,6326,1,0
BRDA:42,6327,0,0
BRDA:42,6327,1,0
BRDA:42,6328,0,0
BRDA:42,6328,1,0
BRDA:42,6329,0,0
BRDA:42,6329,1,0
BRDA:42,6330,0,0
BRDA:42,6330,1,0
BRDA:42,6331,0,0
BRDA:42,6331,1,0
BRDA:42,6332,0,0
BRDA:42,6332,1,0
BRDA:42,6333,0,0
BRDA:42,6333,1,0
BRDA:42,6334,0,0
BRDA:42,6334,1,0
BRDA:42,6335,0,0
BRDA:42,6335,1,0
BRDA:42,6336,0,0
BRDA:42,6336,1,0
BRDA:42,6337,0,0
BRDA:42,6337,1,0
BRDA:42,6338,0,0
BRDA:42,6338,1,0
BRDA:42,6339,0,0
BRDA:42,6339,1,0
BRDA:42,6340,0,0
BRDA:42,6340,1,0
BRDA:42,6341,0,0
BRDA:42,6341,1,0
BRDA:42,6342,0,0
BRDA:42,6342,1,0
BRDA:42,6343,0,0
BRDA:42,6343,1,0
BRDA:42,6344,0,0
BRDA:42,6344,1,0
BRDA:42,6345,0,0
BRDA:42,6345,1,0
BRDA:42,6346,0,0
BRDA:42,6346,1,0
BRDA:42,6347,0,0
BRDA:42,6347,1,0
BRDA:42,6348,0,0
BRDA:42,6348,1,0
BRDA:42,6349,0,0
BRDA:42,6349,1,0
BRDA:42,6350,0,0
BRDA:42,6350,1,0
BRDA:42,6351,0,0
BRDA:42,6351,1,0
BRDA:42,6352,0,0
BRDA:42,6352,1,0
BRDA:42,6353,0,0
BRDA:42,6353,1,0
BRDA:42,6354,0,0
BRDA:42,6354,1,0
BRDA:42,6354,2,0
BRDA:42,6354,3,0
BRDA:42,6355,0,0
BRDA:42,6355,1,0
BRDA:42,6356,0,0
BRDA:42,6356,1,0
BRDA:42,6357,0,0
BRDA:42,6357,1,0
BRDA:42,6358,0,0
BRDA:42,6358,1,0
BRDA:42,6359,0,0
BRDA:42,6359,1,0
BRDA:42,6360,0,0
BRDA:42,6360,1,0
BRDA:42,6361,0,0
BRDA:42,6361,1,0
BRDA:42,6361,2,0
BRDA:42,6362,0,0
BRDA:42,6362,1,0
BRDA:42,6363,0,0
BRDA:42,6363,1,0
BRDA:42,6364,0,0
BRDA:42,6364,1,0
BRDA:42,6365,0,0
BRDA:42,6365,1,0
BRDA:42,6366,0,0
BRDA:42,6366,1,0
BRDA:42,6367,0,0
BRDA:42,6367,1,0
BRDA:42,6368,0,0
BRDA:42,6368,1,0
BRDA:42,6369,0,0
BRDA:42,6369,1,0
BRDA:42,6370,0,0
BRDA:42,6370,1,0
BRDA:42,6371,0,0
BRDA:42,6371,1,0
BRDA:42,6372,0,0
BRDA:42,6372,1,0
BRDA:42,6373,0,0
BRDA:42,6373,1,0
BRDA:42,6374,0,0
BRDA:42,6374,1,0
BRDA:42,6375,0,0
BRDA:42,6375,1,0
BRDA:42,6376,0,0
BRDA:42,6376,1,0
BRDA:42,6376,2,0
BRDA:42,6377,0,0
BRDA:42,6377,1,0
BRDA:42,6377,2,0
BRDA:42,6378,0,0
BRDA:42,6378,1,0
BRDA:42,6379,0,0
BRDA:42,6379,1,0
BRDA:42,6380,0,0
BRDA:42,6380,1,0
BRDA:42,6381,0,0
BRDA:42,6381,1,0
BRDA:42,6382,0,0
BRDA:42,6382,1,0
BRDA:42,6382,2,0
BRDA:42,6383,0,0
BRDA:42,6383,1,0
BRDA:42,6384,0,0
BRDA:42,6384,1,0
BRDA:42,6385,0,0
BRDA:42,6385,1,0
BRDA:42,6386,0,0
BRDA:42,6386,1,0
BRDA:42,6387,0,0
BRDA:42,6387,1,0
BRDA:42,6388,0,0
BRDA:42,6388,1,0
BRDA:42,6389,0,0
BRDA:42,6389,1,0
BRDA:42,6390,0,0
BRDA:42,6390,1,0
BRDA:42,6390,2,0
BRDA:42,6391,0,0
BRDA:42,6391,1,0
BRDA:42,6391,2,0
BRDA:42,6391,3,0
BRDA:42,6391,4,0
BRDA:42,6391,5,0
BRDA:42,6392,0,0
BRDA:42,6392,1,0
BRDA:42,6393,0,0
BRDA:42,6393,1,0
BRDA:42,6394,0,0
BRDA:42,6394,1,0
BRDA:42,6395,0,0
BRDA:42,6395,1,0
BRDA:42,6396,0,0
BRDA:42,6396,1,0
BRDA:42,6397,0,0
BRDA:42,6397,1,0
BRDA:42,6398,0,0
BRDA:42,6398,1,0
BRDA:42,6399,0,0
BRDA:42,6399,1,0
BRDA:42,6400,0,0
BRDA:42,6400,1,0
BRDA:42,6401,0,0
BRDA:42,6401,1,0
BRDA:42,6402,0,0
BRDA:42,6402,1,0
BRDA:42,6403,0,0
BRDA:42,6403,1,0
BRDA:42,6404,0,0
BRDA:42,6404,1,0
BRDA:42,6405,0,0
BRDA:42,6405,1,0
BRDA:42,6406,0,0
BRDA:42,6406,1,0
BRDA:42,6407,0,0
BRDA:42,6407,1,0
BRDA:42,6408,0,0
BRDA:42,6408,1,0
BRDA:42,6409,0,0
BRDA:42,6409,1,0
BRDA:42,6410,0,0
BRDA:42,6410,1,0
BRDA:42,6411,0,0
BRDA:42,6411,1,0
BRDA:42,6412,0,0
BRDA:42,6412,1,0
BRDA:42,6413,0,0
BRDA:42,6413,1,0
BRDA:42,6414,0,0
BRDA:42,6414,1,0
BRDA:42,6415,0,0
BRDA:42,6415,1,0
BRDA:42,6416,0,0
BRDA:42,6416,1,0
BRDA:42,6417,0,0
BRDA:42,6417,1,0
BRDA:42,6418,0,0
BRDA:42,6418,1,0
BRDA:42,6419,0,0
BRDA:42,6419,1,0
BRDA:42,6420,0,0
BRDA:42,6420,1,0
BRDA:42,6421,0,0
BRDA:42,6421,1,0
BRDA:42,6422,0,0
BRDA:42,6422,1,0
BRDA:42,6422,2,0
BRDA:42,6423,0,0
BRDA:42,6423,1,0
BRDA:42,6423,2,0
BRDA:42,6424,0,0
BRDA:42,6424,1,0
BRDA:42,6425,0,0
BRDA:42,6425,1,0
BRDA:42,6426,0,0
BRDA:42,6426,1,0
BRDA:42,6427,0,0
BRDA:42,6427,1,0
BRDA:42,6428,0,0
BRDA:42,6428,1,0
BRDA:42,6429,0,0
BRDA:42,6429,1,0
BRDA:42,6430,0,0
BRDA:42,6430,1,0
BRDA:42,6431,0,0
BRDA:42,6431,1,0
BRDA:42,6432,0,0
BRDA:42,6432,1,0
BRDA:42,6433,0,0
BRDA:42,6433,1,0
BRDA:42,6434,0,0
BRDA:42,6434,1,0
BRDA:42,6435,0,0
BRDA:42,6435,1,0
BRDA:42,6436,0,0
BRDA:42,6436,1,0
BRDA:42,6437,0,0
BRDA:42,6437,1,0
BRDA:42,6438,0,0
BRDA:42,6438,1,0
BRDA:42,6438,2,0
BRDA:42,6439,0,0
BRDA:42,6439,1,0
BRDA:42,6440,0,0
BRDA:42,6440,1,0
BRDA:42,6441,0,0
BRDA:42,6441,1,0
BRDA:42,6442,0,0
BRDA:42,6442,1,0
BRDA:42,6443,0,0
BRDA:42,6443,1,0
BRDA:42,6444,0,0
BRDA:42,6444,1,0
BRDA:42,6445,0,0
BRDA:42,6445,1,0
BRDA:42,6446,0,0
BRDA:42,6446,1,0
BRDA:42,6447,0,0
BRDA:42,6447,1,0
BRDA:42,6448,0,0
BRDA:42,6448,1,0
BRDA:42,6448,2,0
BRDA:42,6448,3,0
BRDA:42,6448,4,0
BRDA:42,6448,5,0
BRDA:42,6449,0,0
BRDA:42,6449,1,0
BRDA:42,6450,0,0
BRDA:42,6450,1,0
BRDA:42,6451,0,0
BRDA:42,6451,1,0
BRDA:42,6452,0,0
BRDA:42,6452,1,0
BRDA:42,6453,0,0
BRDA:42,6453,1,0
BRDA:42,6453,2,0
BRDA:42,6453,3,0
BRDA:42,6454,0,0
BRDA:42,6454,1,0
BRDA:42,6455,0,0
BRDA:42,6455,1,0
BRDA:42,6456,0,0
BRDA:42,6456,1,0
BRDA:42,6457,0,0
BRDA:42,6457,1,0
BRDA:42,6458,0,0
BRDA:42,6458,1,0
BRDA:42,6459,0,0
BRDA:42,6459,1,0
BRDA:42,6460,0,0
BRDA:42,6460,1,0
BRDA:42,6461,0,0
BRDA:42,6461,1,0
BRDA:42,6462,0,0
BRDA:42,6462,1,0
BRDA:42,6463,0,0
BRDA:42,6463,1,0
BRDA:42,6464,0,0
BRDA:42,6464,1,0
BRDA:42,6465,0,0
BRDA:42,6465,1,0
BRDA:42,6466,0,0
BRDA:42,6466,1,0
BRDA:42,6467,0,0
BRDA:42,6467,1,0
BRDA:42,6468,0,0
BRDA:42,6468,1,0
BRDA:42,6469,0,0
BRDA:42,6469,1,0
BRDA:42,6470,0,0
BRDA:42,6470,1,0
BRDA:42,6471,0,0
BRDA:42,6471,1,0
BRDA:42,6472,0,0
BRDA:42,6472,1,0
BRDA:42,6472,2,0
BRDA:42,6473,0,0
BRDA:42,6473,1,0
BRDA:42,6474,0,0
BRDA:42,6474,1,0
BRDA:42,6475,0,0
BRDA:42,6475,1,0
BRDA:42,6476,0,0
BRDA:42,6476,1,0
BRDA:42,6477,0,0
BRDA:42,6477,1,0
BRDA:42,6478,0,0
BRDA:42,6478,1,0
BRDA:42,6479,0,0
BRDA:42,6479,1,0
BRDA:42,6480,0,0
BRDA:42,6480,1,0
BRDA:42,6480,2,0
BRDA:42,6481,0,0
BRDA:42,6481,1,0
BRDA:42,6482,0,0
BRDA:42,6482,1,0
BRDA:42,6483,0,0
BRDA:42,6483,1,0
BRDA:42,6484,0,0
BRDA:42,6484,1,0
BRDA:42,6485,0,0
BRDA:42,6485,1,0
BRDA:42,6486,0,0
BRDA:42,6486,1,0
BRDA:42,6487,0,0
BRDA:42,6487,1,0
BRDA:42,6487,2,0
BRDA:42,6487,3,0
BRDA:42,6488,0,0
BRDA:42,6488,1,0
BRDA:42,6489,0,0
BRDA:42,6489,1,0
BRDA:42,6490,0,0
BRDA:42,6490,1,0
BRDA:42,6491,0,0
BRDA:42,6491,1,0
BRDA:42,6492,0,0
BRDA:42,6492,1,0
BRDA:42,6493,0,0
BRDA:42,6493,1,0
BRDA:42,6494,0,0
BRDA:42,6494,1,0
BRDA:42,6495,0,0
BRDA:42,6495,1,0
BRDA:42,6496,0,0
BRDA:42,6496,1,0
BRDA:42,6497,0,0
BRDA:42,6497,1,0
BRDA:42,6498,0,0
BRDA:42,6498,1,0
BRDA:42,6499,0,0
BRDA:42,6499,1,0
BRDA:42,6500,0,0
BRDA:42,6500,1,0
BRDA:42,6501,0,0
BRDA:42,6501,1,0
BRDA:42,6501,2,0
BRDA:42,6502,0,0
BRDA:42,6502,1,0
BRDA:42,6502,2,0
BRDA:42,6503,0,0
BRDA:42,6503,1,0
BRDA:42,6504,0,0
BRDA:42,6504,1,0
BRDA:42,6505,0,0
BRDA:42,6505,1,0
BRDA:42,6506,0,0
BRDA:42,6506,1,0
BRDA:42,6507,0,0
BRDA:42,6507,1,0
BRDA:42,6508,0,0
BRDA:42,6508,1,0
BRDA:42,6509,0,0
BRDA:42,6509,1,0
BRDA:42,6510,0,0
BRDA:42,6510,1,0
BRDA:42,6511,0,0
BRDA:42,6511,1,0
BRDA:42,6512,0,0
BRDA:42,6512,1,0
BRDA:42,6513,0,0
BRDA:42,6513,1,0
BRDA:42,6514,0,0
BRDA:42,6514,1,0
BRDA:42,6515,0,0
BRDA:42,6515,1,0
BRDA:42,6516,0,0
BRDA:42,6516,1,0
BRDA:42,6517,0,0
BRDA:42,6517,1,0
BRDA:42,6518,0,0
BRDA:42,6518,1,0
BRDA:42,6519,0,0
BRDA:42,6519,1,0
BRDA:42,6520,0,0
BRDA:42,6520,1,0
BRDA:42,6521,0,0
BRDA:42,6521,1,0
BRDA:42,6522,0,0
BRDA:42,6522,1,0
BRDA:42,6523,0,0
BRDA:42,6523,1,0
BRDA:42,6524,0,0
BRDA:42,6524,1,0
BRDA:42,6525,0,0
BRDA:42,6525,1,0
BRDA:42,6526,0,0
BRDA:42,6526,1,0
BRDA:42,6527,0,0
BRDA:42,6527,1,0
BRDA:42,6528,0,0
BRDA:42,6528,1,0
BRDA:42,6528,2,0
BRDA:42,6529,0,0
BRDA:42,6529,1,0
BRDA:42,6530,0,0
BRDA:42,6530,1,0
BRDA:42,6531,0,0
BRDA:42,6531,1,0
BRDA:42,6532,0,0
BRDA:42,6532,1,0
BRDA:42,6533,0,0
BRDA:42,6533,1,0
BRDA:42,6534,0,0
BRDA:42,6534,1,0
BRDA:42,6535,0,0
BRDA:42,6535,1,0
BRDA:42,6536,0,0
BRDA:42,6536,1,0
BRDA:42,6537,0,0
BRDA:42,6537,1,0
BRDA:42,6538,0,0
BRDA:42,6538,1,0
BRDA:42,6539,0,0
BRDA:42,6539,1,0
BRDA:42,6539,2,0
BRDA:42,6539,3,0
BRDA:42,6540,0,0
BRDA:42,6540,1,0
BRDA:42,6541,0,0
BRDA:42,6541,1,0
BRDA:42,6541,2,0
BRDA:42,6542,0,0
BRDA:42,6542,1,0
BRDA:42,6543,0,0
BRDA:42,6543,1,0
BRDA:42,6544,0,0
BRDA:42,6544,1,0
BRDA:42,6545,0,0
BRDA:42,6545,1,0
BRDA:42,6546,0,0
BRDA:42,6546,1,0
BRDA:42,6547,0,0
BRDA:42,6547,1,0
BRDA:42,6548,0,0
BRDA:42,6548,1,0
BRDA:42,6549,0,0
BRDA:42,6549,1,0
BRDA:42,6550,0,0
BRDA:42,6550,1,0
BRDA:42,6551,0,0
BRDA:42,6551,1,0
BRDA:42,6552,0,0
BRDA:42,6552,1,0
BRDA:42,6553,0,0
BRDA:42,6553,1,0
BRDA:42,6554,0,0
BRDA:42,6554,1,0
BRDA:42,6555,0,0
BRDA:42,6555,1,0
BRDA:42,6556,0,0
BRDA:42,6556,1,0
BRDA:42,6557,0,0
BRDA:42,6557,1,0
BRDA:42,6558,0,0
BRDA:42,6558,1,0
BRDA:42,6559,0,0
BRDA:42,6559,1,0
BRDA:42,6560,0,0
BRDA:42,6560,1,0
BRDA:42,6561,0,0
BRDA:42,6561,1,0
BRDA:42,6562,0,0
BRDA:42,6562,1,0
BRDA:42,6563,0,0
BRDA:42,6563,1,0
BRDA:42,6564,0,0
BRDA:42,6564,1,0
BRDA:42,6565,0,0
BRDA:42,6565,1,0
BRDA:42,6566,0,0
BRDA:42,6566,1,0
BRDA:42,6567,0,0
BRDA:42,6567,1,0
BRDA:42,6568,0,0
BRDA:42,6568,1,0
BRDA:42,6568,2,0
BRDA:42,6569,0,0
BRDA:42,6569,1,0
BRDA:42,6570,0,0
BRDA:42,6570,1,0
BRDA:42,6571,0,0
BRDA:42,6571,1,0
BRDA:42,6572,0,0
BRDA:42,6572,1,0
BRDA:42,6573,0,0
BRDA:42,6573,1,0
BRDA:42,6574,0,0
BRDA:42,6574,1,0
BRDA:42,6574,2,0
BRDA:42,6575,0,0
BRDA:42,6575,1,0
BRDA:42,6575,2,0
BRF:13156
BRH:0
end_of_record
TN:
SF:/home/swerky/dev/simple-ecommerce/client/widget-fix/integration-code/index.js
FN:3,(anonymous_0)
FN:14,(anonymous_1)
FN:22,(anonymous_2)
FN:27,(anonymous_3)
FNF:4
FNH:0
FNDA:0,(anonymous_0)
FNDA:0,(anonymous_1)
FNDA:0,(anonymous_2)
FNDA:0,(anonymous_3)
DA:3,0
DA:6,0
DA:7,0
DA:8,0
DA:10,0
DA:12,0
DA:15,0
DA:16,0
DA:18,0
DA:22,0
DA:23,0
DA:27,0
DA:28,0
DA:31,0
LF:14
LH:0
BRF:0
BRH:0
end_of_record
TN:
SF:/home/swerky/dev/simple-ecommerce/client/widget-fix/integration-code/webpack.common.js
FNF:0
FNH:0
DA:1,0
DA:2,0
DA:4,0
DA:6,0
DA:12,0
LF:5
LH:0
BRF:0
BRH:0
end_of_record
TN:
SF:/home/swerky/dev/simple-ecommerce/client/widget-fix/integration-code/webpack.prod.js
FNF:0
FNH:0
DA:1,0
DA:2,0
DA:3,0
DA:5,0
DA:8,0
LF:5
LH:0
BRF:0
BRH:0
end_of_record
TN:
SF:/home/swerky/dev/simple-ecommerce/client/widget-fix/integration-code/dist/integration/integration.js
FN:1,(anonymous_0)
FN:1,n
FN:1,(anonymous_2)
FN:1,(anonymous_3)
FN:1,(anonymous_4)
FN:1,(anonymous_5)
FN:1,(anonymous_6)
FN:1,(anonymous_7)
FN:1,(anonymous_8)
FN:1,(anonymous_9)
FN:1,(anonymous_10)
FN:1,(anonymous_11)
FN:1,(anonymous_12)
FN:1,(anonymous_13)
FN:1,(anonymous_14)
FNF:15
FNH:0
FNDA:0,(anonymous_0)
FNDA:0,n
FNDA:0,(anonymous_2)
FNDA:0,(anonymous_3)
FNDA:0,(anonymous_4)
FNDA:0,(anonymous_5)
FNDA:0,(anonymous_6)
FNDA:0,(anonymous_7)
FNDA:0,(anonymous_8)
FNDA:0,(anonymous_9)
FNDA:0,(anonymous_10)
FNDA:0,(anonymous_11)
FNDA:0,(anonymous_12)
FNDA:0,(anonymous_13)
FNDA:0,(anonymous_14)
DA:1,0
LF:1
LH:0
BRDA:1,0,0,0
BRDA:1,0,1,0
BRDA:1,1,0,0
BRDA:1,1,1,0
BRDA:1,2,0,0
BRDA:1,2,1,0
BRDA:1,2,2,0
BRDA:1,3,0,0
BRDA:1,3,1,0
BRDA:1,4,0,0
BRDA:1,4,1,0
BRDA:1,5,0,0
BRDA:1,5,1,0
BRDA:1,6,0,0
BRDA:1,6,1,0
BRDA:1,6,2,0
BRDA:1,6,3,0
BRDA:1,7,0,0
BRDA:1,7,1,0
BRDA:1,8,0,0
BRDA:1,8,1,0
BRDA:1,9,0,0
BRDA:1,9,1,0
BRDA:1,10,0,0
BRDA:1,10,1,0
BRF:25
BRH:0
end_of_record
TN:
SF:/home/swerky/dev/simple-ecommerce/client/widget-fix/integration-test/server.js
FN:10,(anonymous_0)
FNF:1
FNH:0
FNDA:0,(anonymous_0)
DA:1,0
DA:2,0
DA:4,0
DA:6,0
DA:8,0
DA:10,0
LF:6
LH:0
BRF:0
BRH:0
end_of_record
TN:
SF:/home/swerky/dev/simple-ecommerce/client/widget-fix/tests/e2e/plugins/index.js
FN:12,(anonymous_0)
FNF:1
FNH:0
FNDA:0,(anonymous_0)
DA:12,0
DA:18,0
LF:2
LH:0
BRF:0
BRH:0
end_of_record
TN:
SF:/home/swerky/dev/simple-ecommerce/client/widget-fix/tests/e2e/specs/test.js
FN:3,(anonymous_0)
FN:4,(anonymous_1)
FNF:2
FNH:0
FNDA:0,(anonymous_0)
FNDA:0,(anonymous_1)
DA:3,0
DA:4,0
DA:5,0
DA:6,0
LF:4
LH:0
BRF:0
BRH:0
end_of_record
TN:
SF:/home/swerky/dev/simple-ecommerce/client/widget-fix/tests/e2e/support/commands.js
FNF:0
FNH:0
LF:0
LH:0
BRF:0
BRH:0
end_of_record
TN:
SF:/home/swerky/dev/simple-ecommerce/client/widget-fix/tests/e2e/support/index.js
FNF:0
FNH:0
LF:0
LH:0
BRF:0
BRH:0
end_of_record
